PC: 0x0000000080000000, INSTR: 0x00000413, REG x8: 0x0000000000000000
PC: 0x0000000080000004, INSTR: 0x00009117, REG x2: 0x0000000080009004
PC: 0x0000000080000008, INSTR: 0xffc10113, REG x2: 0x0000000080009000
PC: 0x000000008000000c, INSTR: 0x1dc000ef, REG x1: 0x0000000080000010
PC: 0x00000000800001e8, INSTR: 0xff010113, REG x2: 0x0000000080008ff0
PC: 0x00000000800001ec, INSTR: 0x00000517, REG x10: 0x00000000800001ec
PC: 0x00000000800001f0, INSTR: 0x01c50513, REG x10: 0x0000000080000208
PC: 0x00000000800001f4, INSTR: 0x00113423, MEM 0x0000000080008ff8: 0x0000000080000010
PC: 0x00000000800001f8, INSTR: 0xe31ff0ef, REG x1: 0x00000000800001fc
PC: 0x0000000080000028, INSTR: 0xfd010113, REG x2: 0x0000000080008fc0
PC: 0x000000008000002c, INSTR: 0x01313423, MEM 0x0000000080008fc8: 0x0000000000000000
PC: 0x0000000080000030, INSTR: 0x00000997, REG x19: 0x0000000080000030
PC: 0x0000000080000034, INSTR: 0x25098993, REG x19: 0x0000000080000280
PC: 0x0000000080000038, INSTR: 0x02813023, MEM 0x0000000080008fe0: 0x0000000000000000
PC: 0x000000008000003c, INSTR: 0x00913c23, MEM 0x0000000080008fd8: 0x0000000000000000
PC: 0x0000000080000040, INSTR: 0x01213823, MEM 0x0000000080008fd0: 0x0000000000000000
PC: 0x0000000080000044, INSTR: 0x02113423, MEM 0x0000000080008fe8: 0x00000000800001fc
PC: 0x0000000080000048, INSTR: 0x01413023, MEM 0x0000000080008fc0: 0x0000000000000000
PC: 0x000000008000004c, INSTR: 0x00000917, REG x18: 0x000000008000004c
PC: 0x0000000080000050, INSTR: 0x21490913, REG x18: 0x0000000080000260
PC: 0x0000000080000054, INSTR: 0x00000497, REG x9: 0x0000000080000054
PC: 0x0000000080000058, INSTR: 0x23c48493, REG x9: 0x0000000080000290
PC: 0x000000008000005c, INSTR: 0x00098413, REG x8: 0x0000000080000280
PC: 0x0000000080000060, INSTR: 0x00092783, REG x15: 0x0000000000000000, MEM 0x0000000080000260
PC: 0x0000000080000064, INSTR: 0x00041503, REG x10: 0x0000000000000000, MEM 0x0000000080000280
PC: 0x0000000080000068, INSTR: 0x00240413, REG x8: 0x0000000080000282
PC: 0x000000008000006c, INSTR: 0x00490913, REG x18: 0x0000000080000264
PC: 0x0000000080000070, INSTR: 0x40f50533, REG x10: 0x0000000000000000
PC: 0x0000000080000074, INSTR: 0x00153513, REG x10: 0x0000000000000001
PC: 0x0000000080000078, INSTR: 0xf99ff0ef, REG x1: 0x000000008000007c
PC: 0x0000000080000010, INSTR: 0x00050463
PC: 0x0000000080000014, INSTR: 0x00008067
PC: 0x000000008000007c, INSTR: 0xfe9412e3
PC: 0x0000000080000060, INSTR: 0x00092783, REG x15: 0x0000000000000258, MEM 0x0000000080000264
PC: 0x0000000080000064, INSTR: 0x00041503, REG x10: 0x0000000000000258, MEM 0x0000000080000282
PC: 0x0000000080000068, INSTR: 0x00240413, REG x8: 0x0000000080000284
PC: 0x000000008000006c, INSTR: 0x00490913, REG x18: 0x0000000080000268
PC: 0x0000000080000070, INSTR: 0x40f50533, REG x10: 0x0000000000000000
PC: 0x0000000080000074, INSTR: 0x00153513, REG x10: 0x0000000000000001
PC: 0x0000000080000078, INSTR: 0xf99ff0ef, REG x1: 0x000000008000007c
PC: 0x0000000080000010, INSTR: 0x00050463
PC: 0x0000000080000014, INSTR: 0x00008067
PC: 0x000000008000007c, INSTR: 0xfe9412e3
PC: 0x0000000080000060, INSTR: 0x00092783, REG x15: 0x0000000000004abc, MEM 0x0000000080000268
PC: 0x0000000080000064, INSTR: 0x00041503, REG x10: 0x0000000000004abc, MEM 0x0000000080000284
PC: 0x0000000080000068, INSTR: 0x00240413, REG x8: 0x0000000080000286
PC: 0x000000008000006c, INSTR: 0x00490913, REG x18: 0x000000008000026c
PC: 0x0000000080000070, INSTR: 0x40f50533, REG x10: 0x0000000000000000
PC: 0x0000000080000074, INSTR: 0x00153513, REG x10: 0x0000000000000001
PC: 0x0000000080000078, INSTR: 0xf99ff0ef, REG x1: 0x000000008000007c
PC: 0x0000000080000010, INSTR: 0x00050463
PC: 0x0000000080000014, INSTR: 0x00008067
PC: 0x000000008000007c, INSTR: 0xfe9412e3
PC: 0x0000000080000060, INSTR: 0x00092783, REG x15: 0x0000000000007fff, MEM 0x000000008000026c
PC: 0x0000000080000064, INSTR: 0x00041503, REG x10: 0x0000000000007fff, MEM 0x0000000080000286
PC: 0x0000000080000068, INSTR: 0x00240413, REG x8: 0x0000000080000288
PC: 0x000000008000006c, INSTR: 0x00490913, REG x18: 0x0000000080000270
PC: 0x0000000080000070, INSTR: 0x40f50533, REG x10: 0x0000000000000000
PC: 0x0000000080000074, INSTR: 0x00153513, REG x10: 0x0000000000000001
PC: 0x0000000080000078, INSTR: 0xf99ff0ef, REG x1: 0x000000008000007c
PC: 0x0000000080000010, INSTR: 0x00050463
PC: 0x0000000080000014, INSTR: 0x00008067
PC: 0x000000008000007c, INSTR: 0xfe9412e3
PC: 0x0000000080000060, INSTR: 0x00092783, REG x15: 0xffffffffffff8000, MEM 0x0000000080000270
PC: 0x0000000080000064, INSTR: 0x00041503, REG x10: 0xffffffffffff8000, MEM 0x0000000080000288
PC: 0x0000000080000068, INSTR: 0x00240413, REG x8: 0x000000008000028a
PC: 0x000000008000006c, INSTR: 0x00490913, REG x18: 0x0000000080000274
PC: 0x0000000080000070, INSTR: 0x40f50533, REG x10: 0x0000000000000000
PC: 0x0000000080000074, INSTR: 0x00153513, REG x10: 0x0000000000000001
PC: 0x0000000080000078, INSTR: 0xf99ff0ef, REG x1: 0x000000008000007c
PC: 0x0000000080000010, INSTR: 0x00050463
PC: 0x0000000080000014, INSTR: 0x00008067
PC: 0x000000008000007c, INSTR: 0xfe9412e3
PC: 0x0000000080000060, INSTR: 0x00092783, REG x15: 0xffffffffffff8100, MEM 0x0000000080000274
PC: 0x0000000080000064, INSTR: 0x00041503, REG x10: 0xffffffffffff8100, MEM 0x000000008000028a
PC: 0x0000000080000068, INSTR: 0x00240413, REG x8: 0x000000008000028c
PC: 0x000000008000006c, INSTR: 0x00490913, REG x18: 0x0000000080000278
PC: 0x0000000080000070, INSTR: 0x40f50533, REG x10: 0x0000000000000000
PC: 0x0000000080000074, INSTR: 0x00153513, REG x10: 0x0000000000000001
PC: 0x0000000080000078, INSTR: 0xf99ff0ef, REG x1: 0x000000008000007c
PC: 0x0000000080000010, INSTR: 0x00050463
PC: 0x0000000080000014, INSTR: 0x00008067
PC: 0x000000008000007c, INSTR: 0xfe9412e3
PC: 0x0000000080000060, INSTR: 0x00092783, REG x15: 0xffffffffffffabcd, MEM 0x0000000080000278
PC: 0x0000000080000064, INSTR: 0x00041503, REG x10: 0xffffffffffffabcd, MEM 0x000000008000028c
PC: 0x0000000080000068, INSTR: 0x00240413, REG x8: 0x000000008000028e
PC: 0x000000008000006c, INSTR: 0x00490913, REG x18: 0x000000008000027c
PC: 0x0000000080000070, INSTR: 0x40f50533, REG x10: 0x0000000000000000
PC: 0x0000000080000074, INSTR: 0x00153513, REG x10: 0x0000000000000001
PC: 0x0000000080000078, INSTR: 0xf99ff0ef, REG x1: 0x000000008000007c
PC: 0x0000000080000010, INSTR: 0x00050463
PC: 0x0000000080000014, INSTR: 0x00008067
PC: 0x000000008000007c, INSTR: 0xfe9412e3
PC: 0x0000000080000060, INSTR: 0x00092783, REG x15: 0xffffffffffffffff, MEM 0x000000008000027c
PC: 0x0000000080000064, INSTR: 0x00041503, REG x10: 0xffffffffffffffff, MEM 0x000000008000028e
PC: 0x0000000080000068, INSTR: 0x00240413, REG x8: 0x0000000080000290
PC: 0x000000008000006c, INSTR: 0x00490913, REG x18: 0x0000000080000280
PC: 0x0000000080000070, INSTR: 0x40f50533, REG x10: 0x0000000000000000
PC: 0x0000000080000074, INSTR: 0x00153513, REG x10: 0x0000000000000001
PC: 0x0000000080000078, INSTR: 0xf99ff0ef, REG x1: 0x000000008000007c
PC: 0x0000000080000010, INSTR: 0x00050463
PC: 0x0000000080000014, INSTR: 0x00008067
PC: 0x000000008000007c, INSTR: 0xfe9412e3
PC: 0x0000000080000080, INSTR: 0x00000917, REG x18: 0x0000000080000080
PC: 0x0000000080000084, INSTR: 0x1c090913, REG x18: 0x0000000080000240
PC: 0x0000000080000088, INSTR: 0x00000417, REG x8: 0x0000000080000088
PC: 0x000000008000008c, INSTR: 0x1f840413, REG x8: 0x0000000080000280
PC: 0x0000000080000090, INSTR: 0x00092783, REG x15: 0x0000000000000000, MEM 0x0000000080000240
PC: 0x0000000080000094, INSTR: 0x00045503, REG x10: 0x0000000000000000, MEM 0x0000000080000280
PC: 0x0000000080000098, INSTR: 0x00240413, REG x8: 0x0000000080000282
PC: 0x000000008000009c, INSTR: 0x00490913, REG x18: 0x0000000080000244
PC: 0x00000000800000a0, INSTR: 0x40f50533, REG x10: 0x0000000000000000
PC: 0x00000000800000a4, INSTR: 0x00153513, REG x10: 0x0000000000000001
PC: 0x00000000800000a8, INSTR: 0xf69ff0ef, REG x1: 0x00000000800000ac
PC: 0x0000000080000010, INSTR: 0x00050463
PC: 0x0000000080000014, INSTR: 0x00008067
PC: 0x00000000800000ac, INSTR: 0xfe9412e3
PC: 0x0000000080000090, INSTR: 0x00092783, REG x15: 0x0000000000000258, MEM 0x0000000080000244
PC: 0x0000000080000094, INSTR: 0x00045503, REG x10: 0x0000000000000258, MEM 0x0000000080000282
PC: 0x0000000080000098, INSTR: 0x00240413, REG x8: 0x0000000080000284
PC: 0x000000008000009c, INSTR: 0x00490913, REG x18: 0x0000000080000248
PC: 0x00000000800000a0, INSTR: 0x40f50533, REG x10: 0x0000000000000000
PC: 0x00000000800000a4, INSTR: 0x00153513, REG x10: 0x0000000000000001
PC: 0x00000000800000a8, INSTR: 0xf69ff0ef, REG x1: 0x00000000800000ac
PC: 0x0000000080000010, INSTR: 0x00050463
PC: 0x0000000080000014, INSTR: 0x00008067
PC: 0x00000000800000ac, INSTR: 0xfe9412e3
PC: 0x0000000080000090, INSTR: 0x00092783, REG x15: 0x0000000000004abc, MEM 0x0000000080000248
PC: 0x0000000080000094, INSTR: 0x00045503, REG x10: 0x0000000000004abc, MEM 0x0000000080000284
PC: 0x0000000080000098, INSTR: 0x00240413, REG x8: 0x0000000080000286
PC: 0x000000008000009c, INSTR: 0x00490913, REG x18: 0x000000008000024c
PC: 0x00000000800000a0, INSTR: 0x40f50533, REG x10: 0x0000000000000000
PC: 0x00000000800000a4, INSTR: 0x00153513, REG x10: 0x0000000000000001
PC: 0x00000000800000a8, INSTR: 0xf69ff0ef, REG x1: 0x00000000800000ac
PC: 0x0000000080000010, INSTR: 0x00050463
PC: 0x0000000080000014, INSTR: 0x00008067
PC: 0x00000000800000ac, INSTR: 0xfe9412e3
PC: 0x0000000080000090, INSTR: 0x00092783, REG x15: 0x0000000000007fff, MEM 0x000000008000024c
PC: 0x0000000080000094, INSTR: 0x00045503, REG x10: 0x0000000000007fff, MEM 0x0000000080000286
PC: 0x0000000080000098, INSTR: 0x00240413, REG x8: 0x0000000080000288
PC: 0x000000008000009c, INSTR: 0x00490913, REG x18: 0x0000000080000250
PC: 0x00000000800000a0, INSTR: 0x40f50533, REG x10: 0x0000000000000000
PC: 0x00000000800000a4, INSTR: 0x00153513, REG x10: 0x0000000000000001
PC: 0x00000000800000a8, INSTR: 0xf69ff0ef, REG x1: 0x00000000800000ac
PC: 0x0000000080000010, INSTR: 0x00050463
PC: 0x0000000080000014, INSTR: 0x00008067
PC: 0x00000000800000ac, INSTR: 0xfe9412e3
PC: 0x0000000080000090, INSTR: 0x00092783, REG x15: 0x0000000000008000, MEM 0x0000000080000250
PC: 0x0000000080000094, INSTR: 0x00045503, REG x10: 0x0000000000008000, MEM 0x0000000080000288
PC: 0x0000000080000098, INSTR: 0x00240413, REG x8: 0x000000008000028a
PC: 0x000000008000009c, INSTR: 0x00490913, REG x18: 0x0000000080000254
PC: 0x00000000800000a0, INSTR: 0x40f50533, REG x10: 0x0000000000000000
PC: 0x00000000800000a4, INSTR: 0x00153513, REG x10: 0x0000000000000001
PC: 0x00000000800000a8, INSTR: 0xf69ff0ef, REG x1: 0x00000000800000ac
PC: 0x0000000080000010, INSTR: 0x00050463
PC: 0x0000000080000014, INSTR: 0x00008067
PC: 0x00000000800000ac, INSTR: 0xfe9412e3
PC: 0x0000000080000090, INSTR: 0x00092783, REG x15: 0x0000000000008100, MEM 0x0000000080000254
PC: 0x0000000080000094, INSTR: 0x00045503, REG x10: 0x0000000000008100, MEM 0x000000008000028a
PC: 0x0000000080000098, INSTR: 0x00240413, REG x8: 0x000000008000028c
PC: 0x000000008000009c, INSTR: 0x00490913, REG x18: 0x0000000080000258
PC: 0x00000000800000a0, INSTR: 0x40f50533, REG x10: 0x0000000000000000
PC: 0x00000000800000a4, INSTR: 0x00153513, REG x10: 0x0000000000000001
PC: 0x00000000800000a8, INSTR: 0xf69ff0ef, REG x1: 0x00000000800000ac
PC: 0x0000000080000010, INSTR: 0x00050463
PC: 0x0000000080000014, INSTR: 0x00008067
PC: 0x00000000800000ac, INSTR: 0xfe9412e3
PC: 0x0000000080000090, INSTR: 0x00092783, REG x15: 0x000000000000abcd, MEM 0x0000000080000258
PC: 0x0000000080000094, INSTR: 0x00045503, REG x10: 0x000000000000abcd, MEM 0x000000008000028c
PC: 0x0000000080000098, INSTR: 0x00240413, REG x8: 0x000000008000028e
PC: 0x000000008000009c, INSTR: 0x00490913, REG x18: 0x000000008000025c
PC: 0x00000000800000a0, INSTR: 0x40f50533, REG x10: 0x0000000000000000
PC: 0x00000000800000a4, INSTR: 0x00153513, REG x10: 0x0000000000000001
PC: 0x00000000800000a8, INSTR: 0xf69ff0ef, REG x1: 0x00000000800000ac
PC: 0x0000000080000010, INSTR: 0x00050463
PC: 0x0000000080000014, INSTR: 0x00008067
PC: 0x00000000800000ac, INSTR: 0xfe9412e3
PC: 0x0000000080000090, INSTR: 0x00092783, REG x15: 0x000000000000ffff, MEM 0x000000008000025c
PC: 0x0000000080000094, INSTR: 0x00045503, REG x10: 0x000000000000ffff, MEM 0x000000008000028e
PC: 0x0000000080000098, INSTR: 0x00240413, REG x8: 0x0000000080000290
PC: 0x000000008000009c, INSTR: 0x00490913, REG x18: 0x0000000080000260
PC: 0x00000000800000a0, INSTR: 0x40f50533, REG x10: 0x0000000000000000
PC: 0x00000000800000a4, INSTR: 0x00153513, REG x10: 0x0000000000000001
PC: 0x00000000800000a8, INSTR: 0xf69ff0ef, REG x1: 0x00000000800000ac
PC: 0x0000000080000010, INSTR: 0x00050463
PC: 0x0000000080000014, INSTR: 0x00008067
PC: 0x00000000800000ac, INSTR: 0xfe9412e3
PC: 0x00000000800000b0, INSTR: 0x0029c683, REG x13: 0x0000000000000058, MEM 0x0000000080000282
PC: 0x00000000800000b4, INSTR: 0x0019c603, REG x12: 0x0000000000000000, MEM 0x0000000080000281
PC: 0x00000000800000b8, INSTR: 0x0039c703, REG x14: 0x0000000000000002, MEM 0x0000000080000283
PC: 0x00000000800000bc, INSTR: 0x0049c783, REG x15: 0x00000000000000bc, MEM 0x0000000080000284
PC: 0x00000000800000c0, INSTR: 0x00869693, REG x13: 0x0000000000005800
PC: 0x00000000800000c4, INSTR: 0x00000417, REG x8: 0x00000000800000c4
PC: 0x00000000800000c8, INSTR: 0x14c40413, REG x8: 0x0000000080000210
PC: 0x00000000800000cc, INSTR: 0x00c6e6b3, REG x13: 0x0000000000005800
PC: 0x00000000800000d0, INSTR: 0x01071713, REG x14: 0x0000000000020000
PC: 0x00000000800000d4, INSTR: 0x00d76733, REG x14: 0x0000000000025800
PC: 0x00000000800000d8, INSTR: 0x00042503, REG x10: 0xffffffffbc025800, MEM 0x0000000080000210
PC: 0x00000000800000dc, INSTR: 0x01879793, REG x15: 0x00000000bc000000
PC: 0x00000000800000e0, INSTR: 0x00e7e7b3, REG x15: 0x00000000bc025800
PC: 0x00000000800000e4, INSTR: 0x0007879b, REG x15: 0xffffffffbc025800
PC: 0x00000000800000e8, INSTR: 0x40f50533, REG x10: 0x0000000000000000
PC: 0x00000000800000ec, INSTR: 0x00153513, REG x10: 0x0000000000000001
PC: 0x00000000800000f0, INSTR: 0xf21ff0ef, REG x1: 0x00000000800000f4
PC: 0x0000000080000010, INSTR: 0x00050463
PC: 0x0000000080000014, INSTR: 0x00008067
PC: 0x00000000800000f4, INSTR: 0x0069c683, REG x13: 0x00000000000000ff, MEM 0x0000000080000286
PC: 0x00000000800000f8, INSTR: 0x0059c603, REG x12: 0x000000000000004a, MEM 0x0000000080000285
PC: 0x00000000800000fc, INSTR: 0x0079c703, REG x14: 0x000000000000007f, MEM 0x0000000080000287
PC: 0x0000000080000100, INSTR: 0x0089c783, REG x15: 0x0000000000000000, MEM 0x0000000080000288
PC: 0x0000000080000104, INSTR: 0x00869693, REG x13: 0x000000000000ff00
PC: 0x0000000080000108, INSTR: 0x00c6e6b3, REG x13: 0x000000000000ff4a
PC: 0x000000008000010c, INSTR: 0x01071713, REG x14: 0x00000000007f0000
PC: 0x0000000080000110, INSTR: 0x00d76733, REG x14: 0x00000000007fff4a
PC: 0x0000000080000114, INSTR: 0x00442503, REG x10: 0x00000000007fff4a, MEM 0x0000000080000214
PC: 0x0000000080000118, INSTR: 0x01879793, REG x15: 0x0000000000000000
PC: 0x000000008000011c, INSTR: 0x00e7e7b3, REG x15: 0x00000000007fff4a
PC: 0x0000000080000120, INSTR: 0x0007879b, REG x15: 0x00000000007fff4a
PC: 0x0000000080000124, INSTR: 0x40f50533, REG x10: 0x0000000000000000
PC: 0x0000000080000128, INSTR: 0x00153513, REG x10: 0x0000000000000001
PC: 0x000000008000012c, INSTR: 0xee5ff0ef, REG x1: 0x0000000080000130
PC: 0x0000000080000010, INSTR: 0x00050463
PC: 0x0000000080000014, INSTR: 0x00008067
PC: 0x0000000080000130, INSTR: 0x00a9c683, REG x13: 0x0000000000000000, MEM 0x000000008000028a
PC: 0x0000000080000134, INSTR: 0x0099c603, REG x12: 0x0000000000000080, MEM 0x0000000080000289
PC: 0x0000000080000138, INSTR: 0x00b9c703, REG x14: 0x0000000000000081, MEM 0x000000008000028b
PC: 0x000000008000013c, INSTR: 0x00c9c783, REG x15: 0x00000000000000cd, MEM 0x000000008000028c
PC: 0x0000000080000140, INSTR: 0x00869693, REG x13: 0x0000000000000000
PC: 0x0000000080000144, INSTR: 0x00c6e6b3, REG x13: 0x0000000000000080
PC: 0x0000000080000148, INSTR: 0x01071713, REG x14: 0x0000000000810000
PC: 0x000000008000014c, INSTR: 0x00842503, REG x10: 0xffffffffcd810080, MEM 0x0000000080000218
PC: 0x0000000080000150, INSTR: 0x00d76733, REG x14: 0x0000000000810080
PC: 0x0000000080000154, INSTR: 0x01879793, REG x15: 0x00000000cd000000
PC: 0x0000000080000158, INSTR: 0x00e7e7b3, REG x15: 0x00000000cd810080
PC: 0x000000008000015c, INSTR: 0x0007879b, REG x15: 0xffffffffcd810080
PC: 0x0000000080000160, INSTR: 0x40f50533, REG x10: 0x0000000000000000
PC: 0x0000000080000164, INSTR: 0x00153513, REG x10: 0x0000000000000001
PC: 0x0000000080000168, INSTR: 0x00100a13, REG x20: 0x0000000000000001
PC: 0x000000008000016c, INSTR: 0xea5ff0ef, REG x1: 0x0000000080000170
PC: 0x0000000080000010, INSTR: 0x00050463
PC: 0x0000000080000014, INSTR: 0x00008067
PC: 0x0000000080000170, INSTR: 0x00000917, REG x18: 0x0000000080000170
PC: 0x0000000080000174, INSTR: 0x0b090913, REG x18: 0x0000000080000220
PC: 0x0000000080000178, INSTR: 0x00000417, REG x8: 0x0000000080000178
PC: 0x000000008000017c, INSTR: 0x10840413, REG x8: 0x0000000080000280
PC: 0x0000000080000180, INSTR: 0x413a09bb, REG x19: 0x000000007ffffd81
PC: 0x0000000080000184, INSTR: 0x008987bb, REG x15: 0x0000000000000001
PC: 0x0000000080000188, INSTR: 0x00fa17bb, REG x15: 0x0000000000000002
PC: 0x000000008000018c, INSTR: 0x00092503, REG x10: 0x000000000000fffd, MEM 0x0000000080000220
PC: 0x0000000080000190, INSTR: 0xfff7c793, REG x15: 0xfffffffffffffffd
PC: 0x0000000080000194, INSTR: 0x03079793, REG x15: 0xfffd000000000000
PC: 0x0000000080000198, INSTR: 0x0307d793, REG x15: 0x000000000000fffd
PC: 0x000000008000019c, INSTR: 0x40f50533, REG x10: 0x0000000000000000
PC: 0x00000000800001a0, INSTR: 0x00f41023, MEM 0x0000000080000280: 0x000000000000fffd
PC: 0x00000000800001a4, INSTR: 0x00153513, REG x10: 0x0000000000000001
PC: 0x00000000800001a8, INSTR: 0x00240413, REG x8: 0x0000000080000282
PC: 0x00000000800001ac, INSTR: 0xe65ff0ef, REG x1: 0x00000000800001b0
PC: 0x0000000080000010, INSTR: 0x00050463
PC: 0x0000000080000014, INSTR: 0x00008067
PC: 0x00000000800001b0, INSTR: 0x00490913, REG x18: 0x0000000080000224
PC: 0x00000000800001b4, INSTR: 0xfc9418e3
PC: 0x0000000080000184, INSTR: 0x008987bb, REG x15: 0x0000000000000003
PC: 0x0000000080000188, INSTR: 0x00fa17bb, REG x15: 0x0000000000000008
PC: 0x000000008000018c, INSTR: 0x00092503, REG x10: 0x000000000000fff7, MEM 0x0000000080000224
PC: 0x0000000080000190, INSTR: 0xfff7c793, REG x15: 0xfffffffffffffff7
PC: 0x0000000080000194, INSTR: 0x03079793, REG x15: 0xfff7000000000000
PC: 0x0000000080000198, INSTR: 0x0307d793, REG x15: 0x000000000000fff7
PC: 0x000000008000019c, INSTR: 0x40f50533, REG x10: 0x0000000000000000
PC: 0x00000000800001a0, INSTR: 0x00f41023, MEM 0x0000000080000282: 0x000000000000fff7
PC: 0x00000000800001a4, INSTR: 0x00153513, REG x10: 0x0000000000000001
PC: 0x00000000800001a8, INSTR: 0x00240413, REG x8: 0x0000000080000284
PC: 0x00000000800001ac, INSTR: 0xe65ff0ef, REG x1: 0x00000000800001b0
PC: 0x0000000080000010, INSTR: 0x00050463
PC: 0x0000000080000014, INSTR: 0x00008067
PC: 0x00000000800001b0, INSTR: 0x00490913, REG x18: 0x0000000080000228
PC: 0x00000000800001b4, INSTR: 0xfc9418e3
PC: 0x0000000080000184, INSTR: 0x008987bb, REG x15: 0x0000000000000005
PC: 0x0000000080000188, INSTR: 0x00fa17bb, REG x15: 0x0000000000000020
PC: 0x000000008000018c, INSTR: 0x00092503, REG x10: 0x000000000000ffdf, MEM 0x0000000080000228
PC: 0x0000000080000190, INSTR: 0xfff7c793, REG x15: 0xffffffffffffffdf
PC: 0x0000000080000194, INSTR: 0x03079793, REG x15: 0xffdf000000000000
PC: 0x0000000080000198, INSTR: 0x0307d793, REG x15: 0x000000000000ffdf
PC: 0x000000008000019c, INSTR: 0x40f50533, REG x10: 0x0000000000000000
PC: 0x00000000800001a0, INSTR: 0x00f41023, MEM 0x0000000080000284: 0x000000000000ffdf
PC: 0x00000000800001a4, INSTR: 0x00153513, REG x10: 0x0000000000000001
PC: 0x00000000800001a8, INSTR: 0x00240413, REG x8: 0x0000000080000286
PC: 0x00000000800001ac, INSTR: 0xe65ff0ef, REG x1: 0x00000000800001b0
PC: 0x0000000080000010, INSTR: 0x00050463
PC: 0x0000000080000014, INSTR: 0x00008067
PC: 0x00000000800001b0, INSTR: 0x00490913, REG x18: 0x000000008000022c
PC: 0x00000000800001b4, INSTR: 0xfc9418e3
PC: 0x0000000080000184, INSTR: 0x008987bb, REG x15: 0x0000000000000007
PC: 0x0000000080000188, INSTR: 0x00fa17bb, REG x15: 0x0000000000000080
PC: 0x000000008000018c, INSTR: 0x00092503, REG x10: 0x000000000000ff7f, MEM 0x000000008000022c
PC: 0x0000000080000190, INSTR: 0xfff7c793, REG x15: 0xffffffffffffff7f
PC: 0x0000000080000194, INSTR: 0x03079793, REG x15: 0xff7f000000000000
PC: 0x0000000080000198, INSTR: 0x0307d793, REG x15: 0x000000000000ff7f
PC: 0x000000008000019c, INSTR: 0x40f50533, REG x10: 0x0000000000000000
PC: 0x00000000800001a0, INSTR: 0x00f41023, MEM 0x0000000080000286: 0x000000000000ff7f
PC: 0x00000000800001a4, INSTR: 0x00153513, REG x10: 0x0000000000000001
PC: 0x00000000800001a8, INSTR: 0x00240413, REG x8: 0x0000000080000288
PC: 0x00000000800001ac, INSTR: 0xe65ff0ef, REG x1: 0x00000000800001b0
PC: 0x0000000080000010, INSTR: 0x00050463
PC: 0x0000000080000014, INSTR: 0x00008067
PC: 0x00000000800001b0, INSTR: 0x00490913, REG x18: 0x0000000080000230
PC: 0x00000000800001b4, INSTR: 0xfc9418e3
PC: 0x0000000080000184, INSTR: 0x008987bb, REG x15: 0x0000000000000009
PC: 0x0000000080000188, INSTR: 0x00fa17bb, REG x15: 0x0000000000000200
PC: 0x000000008000018c, INSTR: 0x00092503, REG x10: 0x000000000000fdff, MEM 0x0000000080000230
PC: 0x0000000080000190, INSTR: 0xfff7c793, REG x15: 0xfffffffffffffdff
PC: 0x0000000080000194, INSTR: 0x03079793, REG x15: 0xfdff000000000000
PC: 0x0000000080000198, INSTR: 0x0307d793, REG x15: 0x000000000000fdff
PC: 0x000000008000019c, INSTR: 0x40f50533, REG x10: 0x0000000000000000
PC: 0x00000000800001a0, INSTR: 0x00f41023, MEM 0x0000000080000288: 0x000000000000fdff
PC: 0x00000000800001a4, INSTR: 0x00153513, REG x10: 0x0000000000000001
PC: 0x00000000800001a8, INSTR: 0x00240413, REG x8: 0x000000008000028a
PC: 0x00000000800001ac, INSTR: 0xe65ff0ef, REG x1: 0x00000000800001b0
PC: 0x0000000080000010, INSTR: 0x00050463
PC: 0x0000000080000014, INSTR: 0x00008067
PC: 0x00000000800001b0, INSTR: 0x00490913, REG x18: 0x0000000080000234
PC: 0x00000000800001b4, INSTR: 0xfc9418e3
PC: 0x0000000080000184, INSTR: 0x008987bb, REG x15: 0x000000000000000b
PC: 0x0000000080000188, INSTR: 0x00fa17bb, REG x15: 0x0000000000000800
PC: 0x000000008000018c, INSTR: 0x00092503, REG x10: 0x000000000000f7ff, MEM 0x0000000080000234
PC: 0x0000000080000190, INSTR: 0xfff7c793, REG x15: 0xfffffffffffff7ff
PC: 0x0000000080000194, INSTR: 0x03079793, REG x15: 0xf7ff000000000000
PC: 0x0000000080000198, INSTR: 0x0307d793, REG x15: 0x000000000000f7ff
PC: 0x000000008000019c, INSTR: 0x40f50533, REG x10: 0x0000000000000000
PC: 0x00000000800001a0, INSTR: 0x00f41023, MEM 0x000000008000028a: 0x000000000000f7ff
PC: 0x00000000800001a4, INSTR: 0x00153513, REG x10: 0x0000000000000001
PC: 0x00000000800001a8, INSTR: 0x00240413, REG x8: 0x000000008000028c
PC: 0x00000000800001ac, INSTR: 0xe65ff0ef, REG x1: 0x00000000800001b0
PC: 0x0000000080000010, INSTR: 0x00050463
PC: 0x0000000080000014, INSTR: 0x00008067
PC: 0x00000000800001b0, INSTR: 0x00490913, REG x18: 0x0000000080000238
PC: 0x00000000800001b4, INSTR: 0xfc9418e3
PC: 0x0000000080000184, INSTR: 0x008987bb, REG x15: 0x000000000000000d
PC: 0x0000000080000188, INSTR: 0x00fa17bb, REG x15: 0x0000000000002000
PC: 0x000000008000018c, INSTR: 0x00092503, REG x10: 0x000000000000dfff, MEM 0x0000000080000238
PC: 0x0000000080000190, INSTR: 0xfff7c793, REG x15: 0xffffffffffffdfff
PC: 0x0000000080000194, INSTR: 0x03079793, REG x15: 0xdfff000000000000
PC: 0x0000000080000198, INSTR: 0x0307d793, REG x15: 0x000000000000dfff
PC: 0x000000008000019c, INSTR: 0x40f50533, REG x10: 0x0000000000000000
PC: 0x00000000800001a0, INSTR: 0x00f41023, MEM 0x000000008000028c: 0x000000000000dfff
PC: 0x00000000800001a4, INSTR: 0x00153513, REG x10: 0x0000000000000001
PC: 0x00000000800001a8, INSTR: 0x00240413, REG x8: 0x000000008000028e
PC: 0x00000000800001ac, INSTR: 0xe65ff0ef, REG x1: 0x00000000800001b0
PC: 0x0000000080000010, INSTR: 0x00050463
PC: 0x0000000080000014, INSTR: 0x00008067
PC: 0x00000000800001b0, INSTR: 0x00490913, REG x18: 0x000000008000023c
PC: 0x00000000800001b4, INSTR: 0xfc9418e3
PC: 0x0000000080000184, INSTR: 0x008987bb, REG x15: 0x000000000000000f
PC: 0x0000000080000188, INSTR: 0x00fa17bb, REG x15: 0x0000000000008000
PC: 0x000000008000018c, INSTR: 0x00092503, REG x10: 0x0000000000007fff, MEM 0x000000008000023c
PC: 0x0000000080000190, INSTR: 0xfff7c793, REG x15: 0xffffffffffff7fff
PC: 0x0000000080000194, INSTR: 0x03079793, REG x15: 0x7fff000000000000
PC: 0x0000000080000198, INSTR: 0x0307d793, REG x15: 0x0000000000007fff
PC: 0x000000008000019c, INSTR: 0x40f50533, REG x10: 0x0000000000000000
PC: 0x00000000800001a0, INSTR: 0x00f41023, MEM 0x000000008000028e: 0x0000000000007fff
PC: 0x00000000800001a4, INSTR: 0x00153513, REG x10: 0x0000000000000001
PC: 0x00000000800001a8, INSTR: 0x00240413, REG x8: 0x0000000080000290
PC: 0x00000000800001ac, INSTR: 0xe65ff0ef, REG x1: 0x00000000800001b0
PC: 0x0000000080000010, INSTR: 0x00050463
PC: 0x0000000080000014, INSTR: 0x00008067
PC: 0x00000000800001b0, INSTR: 0x00490913, REG x18: 0x0000000080000240
PC: 0x00000000800001b4, INSTR: 0xfc9418e3
PC: 0x00000000800001b8, INSTR: 0x02813083, REG x1: 0x00000000800001fc, MEM 0x0000000080008fe8
PC: 0x00000000800001bc, INSTR: 0x02013403, REG x8: 0x0000000000000000, MEM 0x0000000080008fe0
PC: 0x00000000800001c0, INSTR: 0x01813483, REG x9: 0x0000000000000000, MEM 0x0000000080008fd8
PC: 0x00000000800001c4, INSTR: 0x01013903, REG x18: 0x0000000000000000, MEM 0x0000000080008fd0
PC: 0x00000000800001c8, INSTR: 0x00813983, REG x19: 0x0000000000000000, MEM 0x0000000080008fc8
PC: 0x00000000800001cc, INSTR: 0x00013a03, REG x20: 0x0000000000000000, MEM 0x0000000080008fc0
PC: 0x00000000800001d0, INSTR: 0x00000513, REG x10: 0x0000000000000000
PC: 0x00000000800001d4, INSTR: 0x03010113, REG x2: 0x0000000080008ff0
PC: 0x00000000800001d8, INSTR: 0x00008067
PC: 0x00000000800001fc, INSTR: 0x00050513, REG x10: 0x0000000000000000
