PC: 0x0000000080000000, INSTR: 0x00000413, REG x8: 0x0000000000000000
PC: 0x0000000080000004, INSTR: 0x00009117, REG x2: 0x0000000080009004
PC: 0x0000000080000008, INSTR: 0xffc10113, REG x2: 0x0000000080009000
PC: 0x000000008000000c, INSTR: 0x120000ef, REG x1: 0x0000000080000010
PC: 0x000000008000012c, INSTR: 0xff010113, REG x2: 0x0000000080008ff0
PC: 0x0000000080000130, INSTR: 0x00000517, REG x10: 0x0000000080000130
PC: 0x0000000080000134, INSTR: 0x02050513, REG x10: 0x0000000080000150
PC: 0x0000000080000138, INSTR: 0x00113423, MEM 0x0000000080008ff8: 0x0000000080000010
PC: 0x000000008000013c, INSTR: 0xeedff0ef, REG x1: 0x0000000080000140
PC: 0x0000000080000028, INSTR: 0xfd010113, REG x2: 0x0000000080008fc0
PC: 0x000000008000002c, INSTR: 0x00913c23, MEM 0x0000000080008fd8: 0x0000000000000000
PC: 0x0000000080000030, INSTR: 0x00000497, REG x9: 0x0000000080000030
PC: 0x0000000080000034, INSTR: 0x18848493, REG x9: 0x00000000800001b8
PC: 0x0000000080000038, INSTR: 0x02813023, MEM 0x0000000080008fe0: 0x0000000000000000
PC: 0x000000008000003c, INSTR: 0x01213823, MEM 0x0000000080008fd0: 0x0000000000000000
PC: 0x0000000080000040, INSTR: 0x01313423, MEM 0x0000000080008fc8: 0x0000000000000000
PC: 0x0000000080000044, INSTR: 0x02113423, MEM 0x0000000080008fe8: 0x0000000080000140
PC: 0x0000000080000048, INSTR: 0x01413023, MEM 0x0000000080008fc0: 0x0000000000000000
PC: 0x000000008000004c, INSTR: 0x00000917, REG x18: 0x000000008000004c
PC: 0x0000000080000050, INSTR: 0x14c90913, REG x18: 0x0000000080000198
PC: 0x0000000080000054, INSTR: 0x00000997, REG x19: 0x0000000080000054
PC: 0x0000000080000058, INSTR: 0x18498993, REG x19: 0x00000000800001d8
PC: 0x000000008000005c, INSTR: 0x00048413, REG x8: 0x00000000800001b8
PC: 0x0000000080000060, INSTR: 0x00042503, REG x10: 0x0000000012345678, MEM 0x00000000800001b8
PC: 0x0000000080000064, INSTR: 0x00092783, REG x15: 0x00000000002468ac, MEM 0x0000000080000198
PC: 0x0000000080000068, INSTR: 0x00440413, REG x8: 0x00000000800001bc
PC: 0x000000008000006c, INSTR: 0x0075551b, REG x10: 0x00000000002468ac
PC: 0x0000000080000070, INSTR: 0x40f50533, REG x10: 0x0000000000000000
PC: 0x0000000080000074, INSTR: 0x00153513, REG x10: 0x0000000000000001
PC: 0x0000000080000078, INSTR: 0xf99ff0ef, REG x1: 0x000000008000007c
PC: 0x0000000080000010, INSTR: 0x00050463
PC: 0x0000000080000014, INSTR: 0x00008067
PC: 0x000000008000007c, INSTR: 0x00490913, REG x18: 0x000000008000019c
PC: 0x0000000080000080, INSTR: 0xff3410e3
PC: 0x0000000080000060, INSTR: 0x00042503, REG x10: 0xffffffff98765432, MEM 0x00000000800001bc
PC: 0x0000000080000064, INSTR: 0x00092783, REG x15: 0x000000000130eca8, MEM 0x000000008000019c
PC: 0x0000000080000068, INSTR: 0x00440413, REG x8: 0x00000000800001c0
PC: 0x000000008000006c, INSTR: 0x0075551b, REG x10: 0x000000000130eca8
PC: 0x0000000080000070, INSTR: 0x40f50533, REG x10: 0x0000000000000000
PC: 0x0000000080000074, INSTR: 0x00153513, REG x10: 0x0000000000000001
PC: 0x0000000080000078, INSTR: 0xf99ff0ef, REG x1: 0x000000008000007c
PC: 0x0000000080000010, INSTR: 0x00050463
PC: 0x0000000080000014, INSTR: 0x00008067
PC: 0x000000008000007c, INSTR: 0x00490913, REG x18: 0x00000000800001a0
PC: 0x0000000080000080, INSTR: 0xff3410e3
PC: 0x0000000080000060, INSTR: 0x00042503, REG x10: 0x0000000000000000, MEM 0x00000000800001c0
PC: 0x0000000080000064, INSTR: 0x00092783, REG x15: 0x0000000000000000, MEM 0x00000000800001a0
PC: 0x0000000080000068, INSTR: 0x00440413, REG x8: 0x00000000800001c4
PC: 0x000000008000006c, INSTR: 0x0075551b, REG x10: 0x0000000000000000
PC: 0x0000000080000070, INSTR: 0x40f50533, REG x10: 0x0000000000000000
PC: 0x0000000080000074, INSTR: 0x00153513, REG x10: 0x0000000000000001
PC: 0x0000000080000078, INSTR: 0xf99ff0ef, REG x1: 0x000000008000007c
PC: 0x0000000080000010, INSTR: 0x00050463
PC: 0x0000000080000014, INSTR: 0x00008067
PC: 0x000000008000007c, INSTR: 0x00490913, REG x18: 0x00000000800001a4
PC: 0x0000000080000080, INSTR: 0xff3410e3
PC: 0x0000000080000060, INSTR: 0x00042503, REG x10: 0xffffffffeffa1000, MEM 0x00000000800001c4
PC: 0x0000000080000064, INSTR: 0x00092783, REG x15: 0x0000000001dff420, MEM 0x00000000800001a4
PC: 0x0000000080000068, INSTR: 0x00440413, REG x8: 0x00000000800001c8
PC: 0x000000008000006c, INSTR: 0x0075551b, REG x10: 0x0000000001dff420
PC: 0x0000000080000070, INSTR: 0x40f50533, REG x10: 0x0000000000000000
PC: 0x0000000080000074, INSTR: 0x00153513, REG x10: 0x0000000000000001
PC: 0x0000000080000078, INSTR: 0xf99ff0ef, REG x1: 0x000000008000007c
PC: 0x0000000080000010, INSTR: 0x00050463
PC: 0x0000000080000014, INSTR: 0x00008067
PC: 0x000000008000007c, INSTR: 0x00490913, REG x18: 0x00000000800001a8
PC: 0x0000000080000080, INSTR: 0xff3410e3
PC: 0x0000000080000060, INSTR: 0x00042503, REG x10: 0x000000007fffffff, MEM 0x00000000800001c8
PC: 0x0000000080000064, INSTR: 0x00092783, REG x15: 0x0000000000ffffff, MEM 0x00000000800001a8
PC: 0x0000000080000068, INSTR: 0x00440413, REG x8: 0x00000000800001cc
PC: 0x000000008000006c, INSTR: 0x0075551b, REG x10: 0x0000000000ffffff
PC: 0x0000000080000070, INSTR: 0x40f50533, REG x10: 0x0000000000000000
PC: 0x0000000080000074, INSTR: 0x00153513, REG x10: 0x0000000000000001
PC: 0x0000000080000078, INSTR: 0xf99ff0ef, REG x1: 0x000000008000007c
PC: 0x0000000080000010, INSTR: 0x00050463
PC: 0x0000000080000014, INSTR: 0x00008067
PC: 0x000000008000007c, INSTR: 0x00490913, REG x18: 0x00000000800001ac
PC: 0x0000000080000080, INSTR: 0xff3410e3
PC: 0x0000000080000060, INSTR: 0x00042503, REG x10: 0xffffffff80000000, MEM 0x00000000800001cc
PC: 0x0000000080000064, INSTR: 0x00092783, REG x15: 0x0000000001000000, MEM 0x00000000800001ac
PC: 0x0000000080000068, INSTR: 0x00440413, REG x8: 0x00000000800001d0
PC: 0x000000008000006c, INSTR: 0x0075551b, REG x10: 0x0000000001000000
PC: 0x0000000080000070, INSTR: 0x40f50533, REG x10: 0x0000000000000000
PC: 0x0000000080000074, INSTR: 0x00153513, REG x10: 0x0000000000000001
PC: 0x0000000080000078, INSTR: 0xf99ff0ef, REG x1: 0x000000008000007c
PC: 0x0000000080000010, INSTR: 0x00050463
PC: 0x0000000080000014, INSTR: 0x00008067
PC: 0x000000008000007c, INSTR: 0x00490913, REG x18: 0x00000000800001b0
PC: 0x0000000080000080, INSTR: 0xff3410e3
PC: 0x0000000080000060, INSTR: 0x00042503, REG x10: 0x0000000000000033, MEM 0x00000000800001d0
PC: 0x0000000080000064, INSTR: 0x00092783, REG x15: 0x0000000000000000, MEM 0x00000000800001b0
PC: 0x0000000080000068, INSTR: 0x00440413, REG x8: 0x00000000800001d4
PC: 0x000000008000006c, INSTR: 0x0075551b, REG x10: 0x0000000000000000
PC: 0x0000000080000070, INSTR: 0x40f50533, REG x10: 0x0000000000000000
PC: 0x0000000080000074, INSTR: 0x00153513, REG x10: 0x0000000000000001
PC: 0x0000000080000078, INSTR: 0xf99ff0ef, REG x1: 0x000000008000007c
PC: 0x0000000080000010, INSTR: 0x00050463
PC: 0x0000000080000014, INSTR: 0x00008067
PC: 0x000000008000007c, INSTR: 0x00490913, REG x18: 0x00000000800001b4
PC: 0x0000000080000080, INSTR: 0xff3410e3
PC: 0x0000000080000060, INSTR: 0x00042503, REG x10: 0xffffffffffffffff, MEM 0x00000000800001d4
PC: 0x0000000080000064, INSTR: 0x00092783, REG x15: 0x0000000001ffffff, MEM 0x00000000800001b4
PC: 0x0000000080000068, INSTR: 0x00440413, REG x8: 0x00000000800001d8
PC: 0x000000008000006c, INSTR: 0x0075551b, REG x10: 0x0000000001ffffff
PC: 0x0000000080000070, INSTR: 0x40f50533, REG x10: 0x0000000000000000
PC: 0x0000000080000074, INSTR: 0x00153513, REG x10: 0x0000000000000001
PC: 0x0000000080000078, INSTR: 0xf99ff0ef, REG x1: 0x000000008000007c
PC: 0x0000000080000010, INSTR: 0x00050463
PC: 0x0000000080000014, INSTR: 0x00008067
PC: 0x000000008000007c, INSTR: 0x00490913, REG x18: 0x00000000800001b8
PC: 0x0000000080000080, INSTR: 0xff3410e3
PC: 0x0000000080000084, INSTR: 0x00000997, REG x19: 0x0000000080000084
PC: 0x0000000080000088, INSTR: 0x0d498993, REG x19: 0x0000000080000158
PC: 0x000000008000008c, INSTR: 0x00000917, REG x18: 0x000000008000008c
PC: 0x0000000080000090, INSTR: 0x12c90913, REG x18: 0x00000000800001b8
PC: 0x0000000080000094, INSTR: 0x00400413, REG x8: 0x0000000000000004
PC: 0x0000000080000098, INSTR: 0x00c00a13, REG x20: 0x000000000000000c
PC: 0x000000008000009c, INSTR: 0x00092503, REG x10: 0x0000000012345678, MEM 0x00000000800001b8
PC: 0x00000000800000a0, INSTR: 0x0009a783, REG x15: 0x0000000001234567, MEM 0x0000000080000158
PC: 0x00000000800000a4, INSTR: 0x00490913, REG x18: 0x00000000800001bc
PC: 0x00000000800000a8, INSTR: 0x4085553b, REG x10: 0x0000000001234567
PC: 0x00000000800000ac, INSTR: 0x40f50533, REG x10: 0x0000000000000000
PC: 0x00000000800000b0, INSTR: 0x00153513, REG x10: 0x0000000000000001
PC: 0x00000000800000b4, INSTR: 0x0014041b, REG x8: 0x0000000000000005
PC: 0x00000000800000b8, INSTR: 0xf59ff0ef, REG x1: 0x00000000800000bc
PC: 0x0000000080000010, INSTR: 0x00050463
PC: 0x0000000080000014, INSTR: 0x00008067
PC: 0x00000000800000bc, INSTR: 0x00498993, REG x19: 0x000000008000015c
PC: 0x00000000800000c0, INSTR: 0xfd441ee3
PC: 0x000000008000009c, INSTR: 0x00092503, REG x10: 0xffffffff98765432, MEM 0x00000000800001bc
PC: 0x00000000800000a0, INSTR: 0x0009a783, REG x15: 0xfffffffffcc3b2a1, MEM 0x000000008000015c
PC: 0x00000000800000a4, INSTR: 0x00490913, REG x18: 0x00000000800001c0
PC: 0x00000000800000a8, INSTR: 0x4085553b, REG x10: 0xfffffffffcc3b2a1
PC: 0x00000000800000ac, INSTR: 0x40f50533, REG x10: 0x0000000000000000
PC: 0x00000000800000b0, INSTR: 0x00153513, REG x10: 0x0000000000000001
PC: 0x00000000800000b4, INSTR: 0x0014041b, REG x8: 0x0000000000000006
PC: 0x00000000800000b8, INSTR: 0xf59ff0ef, REG x1: 0x00000000800000bc
PC: 0x0000000080000010, INSTR: 0x00050463
PC: 0x0000000080000014, INSTR: 0x00008067
PC: 0x00000000800000bc, INSTR: 0x00498993, REG x19: 0x0000000080000160
PC: 0x00000000800000c0, INSTR: 0xfd441ee3
PC: 0x000000008000009c, INSTR: 0x00092503, REG x10: 0x0000000000000000, MEM 0x00000000800001c0
PC: 0x00000000800000a0, INSTR: 0x0009a783, REG x15: 0x0000000000000000, MEM 0x0000000080000160
PC: 0x00000000800000a4, INSTR: 0x00490913, REG x18: 0x00000000800001c4
PC: 0x00000000800000a8, INSTR: 0x4085553b, REG x10: 0x0000000000000000
PC: 0x00000000800000ac, INSTR: 0x40f50533, REG x10: 0x0000000000000000
PC: 0x00000000800000b0, INSTR: 0x00153513, REG x10: 0x0000000000000001
PC: 0x00000000800000b4, INSTR: 0x0014041b, REG x8: 0x0000000000000007
PC: 0x00000000800000b8, INSTR: 0xf59ff0ef, REG x1: 0x00000000800000bc
PC: 0x0000000080000010, INSTR: 0x00050463
PC: 0x0000000080000014, INSTR: 0x00008067
PC: 0x00000000800000bc, INSTR: 0x00498993, REG x19: 0x0000000080000164
PC: 0x00000000800000c0, INSTR: 0xfd441ee3
PC: 0x000000008000009c, INSTR: 0x00092503, REG x10: 0xffffffffeffa1000, MEM 0x00000000800001c4
PC: 0x00000000800000a0, INSTR: 0x0009a783, REG x15: 0xffffffffffdff420, MEM 0x0000000080000164
PC: 0x00000000800000a4, INSTR: 0x00490913, REG x18: 0x00000000800001c8
PC: 0x00000000800000a8, INSTR: 0x4085553b, REG x10: 0xffffffffffdff420
PC: 0x00000000800000ac, INSTR: 0x40f50533, REG x10: 0x0000000000000000
PC: 0x00000000800000b0, INSTR: 0x00153513, REG x10: 0x0000000000000001
PC: 0x00000000800000b4, INSTR: 0x0014041b, REG x8: 0x0000000000000008
PC: 0x00000000800000b8, INSTR: 0xf59ff0ef, REG x1: 0x00000000800000bc
PC: 0x0000000080000010, INSTR: 0x00050463
PC: 0x0000000080000014, INSTR: 0x00008067
PC: 0x00000000800000bc, INSTR: 0x00498993, REG x19: 0x0000000080000168
PC: 0x00000000800000c0, INSTR: 0xfd441ee3
PC: 0x000000008000009c, INSTR: 0x00092503, REG x10: 0x000000007fffffff, MEM 0x00000000800001c8
PC: 0x00000000800000a0, INSTR: 0x0009a783, REG x15: 0x00000000007fffff, MEM 0x0000000080000168
PC: 0x00000000800000a4, INSTR: 0x00490913, REG x18: 0x00000000800001cc
PC: 0x00000000800000a8, INSTR: 0x4085553b, REG x10: 0x00000000007fffff
PC: 0x00000000800000ac, INSTR: 0x40f50533, REG x10: 0x0000000000000000
PC: 0x00000000800000b0, INSTR: 0x00153513, REG x10: 0x0000000000000001
PC: 0x00000000800000b4, INSTR: 0x0014041b, REG x8: 0x0000000000000009
PC: 0x00000000800000b8, INSTR: 0xf59ff0ef, REG x1: 0x00000000800000bc
PC: 0x0000000080000010, INSTR: 0x00050463
PC: 0x0000000080000014, INSTR: 0x00008067
PC: 0x00000000800000bc, INSTR: 0x00498993, REG x19: 0x000000008000016c
PC: 0x00000000800000c0, INSTR: 0xfd441ee3
PC: 0x000000008000009c, INSTR: 0x00092503, REG x10: 0xffffffff80000000, MEM 0x00000000800001cc
PC: 0x00000000800000a0, INSTR: 0x0009a783, REG x15: 0xffffffffffc00000, MEM 0x000000008000016c
PC: 0x00000000800000a4, INSTR: 0x00490913, REG x18: 0x00000000800001d0
PC: 0x00000000800000a8, INSTR: 0x4085553b, REG x10: 0xffffffffffc00000
PC: 0x00000000800000ac, INSTR: 0x40f50533, REG x10: 0x0000000000000000
PC: 0x00000000800000b0, INSTR: 0x00153513, REG x10: 0x0000000000000001
PC: 0x00000000800000b4, INSTR: 0x0014041b, REG x8: 0x000000000000000a
PC: 0x00000000800000b8, INSTR: 0xf59ff0ef, REG x1: 0x00000000800000bc
PC: 0x0000000080000010, INSTR: 0x00050463
PC: 0x0000000080000014, INSTR: 0x00008067
PC: 0x00000000800000bc, INSTR: 0x00498993, REG x19: 0x0000000080000170
PC: 0x00000000800000c0, INSTR: 0xfd441ee3
PC: 0x000000008000009c, INSTR: 0x00092503, REG x10: 0x0000000000000033, MEM 0x00000000800001d0
PC: 0x00000000800000a0, INSTR: 0x0009a783, REG x15: 0x0000000000000000, MEM 0x0000000080000170
PC: 0x00000000800000a4, INSTR: 0x00490913, REG x18: 0x00000000800001d4
PC: 0x00000000800000a8, INSTR: 0x4085553b, REG x10: 0x0000000000000000
PC: 0x00000000800000ac, INSTR: 0x40f50533, REG x10: 0x0000000000000000
PC: 0x00000000800000b0, INSTR: 0x00153513, REG x10: 0x0000000000000001
PC: 0x00000000800000b4, INSTR: 0x0014041b, REG x8: 0x000000000000000b
PC: 0x00000000800000b8, INSTR: 0xf59ff0ef, REG x1: 0x00000000800000bc
PC: 0x0000000080000010, INSTR: 0x00050463
PC: 0x0000000080000014, INSTR: 0x00008067
PC: 0x00000000800000bc, INSTR: 0x00498993, REG x19: 0x0000000080000174
PC: 0x00000000800000c0, INSTR: 0xfd441ee3
PC: 0x000000008000009c, INSTR: 0x00092503, REG x10: 0xffffffffffffffff, MEM 0x00000000800001d4
PC: 0x00000000800000a0, INSTR: 0x0009a783, REG x15: 0xffffffffffffffff, MEM 0x0000000080000174
PC: 0x00000000800000a4, INSTR: 0x00490913, REG x18: 0x00000000800001d8
PC: 0x00000000800000a8, INSTR: 0x4085553b, REG x10: 0xffffffffffffffff
PC: 0x00000000800000ac, INSTR: 0x40f50533, REG x10: 0x0000000000000000
PC: 0x00000000800000b0, INSTR: 0x00153513, REG x10: 0x0000000000000001
PC: 0x00000000800000b4, INSTR: 0x0014041b, REG x8: 0x000000000000000c
PC: 0x00000000800000b8, INSTR: 0xf59ff0ef, REG x1: 0x00000000800000bc
PC: 0x0000000080000010, INSTR: 0x00050463
PC: 0x0000000080000014, INSTR: 0x00008067
PC: 0x00000000800000bc, INSTR: 0x00498993, REG x19: 0x0000000080000178
PC: 0x00000000800000c0, INSTR: 0xfd441ee3
PC: 0x00000000800000c4, INSTR: 0x00000917, REG x18: 0x00000000800000c4
PC: 0x00000000800000c8, INSTR: 0x0b490913, REG x18: 0x0000000080000178
PC: 0x00000000800000cc, INSTR: 0x00400413, REG x8: 0x0000000000000004
PC: 0x00000000800000d0, INSTR: 0x00c00993, REG x19: 0x000000000000000c
PC: 0x00000000800000d4, INSTR: 0x0004a503, REG x10: 0x0000000012345678, MEM 0x00000000800001b8
PC: 0x00000000800000d8, INSTR: 0x00092783, REG x15: 0x0000000001234567, MEM 0x0000000080000178
PC: 0x00000000800000dc, INSTR: 0x00448493, REG x9: 0x00000000800001bc
PC: 0x00000000800000e0, INSTR: 0x0085553b, REG x10: 0x0000000001234567
PC: 0x00000000800000e4, INSTR: 0x40f50533, REG x10: 0x0000000000000000
PC: 0x00000000800000e8, INSTR: 0x00153513, REG x10: 0x0000000000000001
PC: 0x00000000800000ec, INSTR: 0x0014041b, REG x8: 0x0000000000000005
PC: 0x00000000800000f0, INSTR: 0xf21ff0ef, REG x1: 0x00000000800000f4
PC: 0x0000000080000010, INSTR: 0x00050463
PC: 0x0000000080000014, INSTR: 0x00008067
PC: 0x00000000800000f4, INSTR: 0x00490913, REG x18: 0x000000008000017c
PC: 0x00000000800000f8, INSTR: 0xfd341ee3
PC: 0x00000000800000d4, INSTR: 0x0004a503, REG x10: 0xffffffff98765432, MEM 0x00000000800001bc
PC: 0x00000000800000d8, INSTR: 0x00092783, REG x15: 0x0000000004c3b2a1, MEM 0x000000008000017c
PC: 0x00000000800000dc, INSTR: 0x00448493, REG x9: 0x00000000800001c0
PC: 0x00000000800000e0, INSTR: 0x0085553b, REG x10: 0x0000000004c3b2a1
PC: 0x00000000800000e4, INSTR: 0x40f50533, REG x10: 0x0000000000000000
PC: 0x00000000800000e8, INSTR: 0x00153513, REG x10: 0x0000000000000001
PC: 0x00000000800000ec, INSTR: 0x0014041b, REG x8: 0x0000000000000006
PC: 0x00000000800000f0, INSTR: 0xf21ff0ef, REG x1: 0x00000000800000f4
PC: 0x0000000080000010, INSTR: 0x00050463
PC: 0x0000000080000014, INSTR: 0x00008067
PC: 0x00000000800000f4, INSTR: 0x00490913, REG x18: 0x0000000080000180
PC: 0x00000000800000f8, INSTR: 0xfd341ee3
PC: 0x00000000800000d4, INSTR: 0x0004a503, REG x10: 0x0000000000000000, MEM 0x00000000800001c0
PC: 0x00000000800000d8, INSTR: 0x00092783, REG x15: 0x0000000000000000, MEM 0x0000000080000180
PC: 0x00000000800000dc, INSTR: 0x00448493, REG x9: 0x00000000800001c4
PC: 0x00000000800000e0, INSTR: 0x0085553b, REG x10: 0x0000000000000000
PC: 0x00000000800000e4, INSTR: 0x40f50533, REG x10: 0x0000000000000000
PC: 0x00000000800000e8, INSTR: 0x00153513, REG x10: 0x0000000000000001
PC: 0x00000000800000ec, INSTR: 0x0014041b, REG x8: 0x0000000000000007
PC: 0x00000000800000f0, INSTR: 0xf21ff0ef, REG x1: 0x00000000800000f4
PC: 0x0000000080000010, INSTR: 0x00050463
PC: 0x0000000080000014, INSTR: 0x00008067
PC: 0x00000000800000f4, INSTR: 0x00490913, REG x18: 0x0000000080000184
PC: 0x00000000800000f8, INSTR: 0xfd341ee3
PC: 0x00000000800000d4, INSTR: 0x0004a503, REG x10: 0xffffffffeffa1000, MEM 0x00000000800001c4
PC: 0x00000000800000d8, INSTR: 0x00092783, REG x15: 0x0000000001dff420, MEM 0x0000000080000184
PC: 0x00000000800000dc, INSTR: 0x00448493, REG x9: 0x00000000800001c8
PC: 0x00000000800000e0, INSTR: 0x0085553b, REG x10: 0x0000000001dff420
PC: 0x00000000800000e4, INSTR: 0x40f50533, REG x10: 0x0000000000000000
PC: 0x00000000800000e8, INSTR: 0x00153513, REG x10: 0x0000000000000001
PC: 0x00000000800000ec, INSTR: 0x0014041b, REG x8: 0x0000000000000008
PC: 0x00000000800000f0, INSTR: 0xf21ff0ef, REG x1: 0x00000000800000f4
PC: 0x0000000080000010, INSTR: 0x00050463
PC: 0x0000000080000014, INSTR: 0x00008067
PC: 0x00000000800000f4, INSTR: 0x00490913, REG x18: 0x0000000080000188
PC: 0x00000000800000f8, INSTR: 0xfd341ee3
PC: 0x00000000800000d4, INSTR: 0x0004a503, REG x10: 0x000000007fffffff, MEM 0x00000000800001c8
PC: 0x00000000800000d8, INSTR: 0x00092783, REG x15: 0x00000000007fffff, MEM 0x0000000080000188
PC: 0x00000000800000dc, INSTR: 0x00448493, REG x9: 0x00000000800001cc
PC: 0x00000000800000e0, INSTR: 0x0085553b, REG x10: 0x00000000007fffff
PC: 0x00000000800000e4, INSTR: 0x40f50533, REG x10: 0x0000000000000000
PC: 0x00000000800000e8, INSTR: 0x00153513, REG x10: 0x0000000000000001
PC: 0x00000000800000ec, INSTR: 0x0014041b, REG x8: 0x0000000000000009
PC: 0x00000000800000f0, INSTR: 0xf21ff0ef, REG x1: 0x00000000800000f4
PC: 0x0000000080000010, INSTR: 0x00050463
PC: 0x0000000080000014, INSTR: 0x00008067
PC: 0x00000000800000f4, INSTR: 0x00490913, REG x18: 0x000000008000018c
PC: 0x00000000800000f8, INSTR: 0xfd341ee3
PC: 0x00000000800000d4, INSTR: 0x0004a503, REG x10: 0xffffffff80000000, MEM 0x00000000800001cc
PC: 0x00000000800000d8, INSTR: 0x00092783, REG x15: 0x0000000000400000, MEM 0x000000008000018c
PC: 0x00000000800000dc, INSTR: 0x00448493, REG x9: 0x00000000800001d0
PC: 0x00000000800000e0, INSTR: 0x0085553b, REG x10: 0x0000000000400000
PC: 0x00000000800000e4, INSTR: 0x40f50533, REG x10: 0x0000000000000000
PC: 0x00000000800000e8, INSTR: 0x00153513, REG x10: 0x0000000000000001
PC: 0x00000000800000ec, INSTR: 0x0014041b, REG x8: 0x000000000000000a
PC: 0x00000000800000f0, INSTR: 0xf21ff0ef, REG x1: 0x00000000800000f4
PC: 0x0000000080000010, INSTR: 0x00050463
PC: 0x0000000080000014, INSTR: 0x00008067
PC: 0x00000000800000f4, INSTR: 0x00490913, REG x18: 0x0000000080000190
PC: 0x00000000800000f8, INSTR: 0xfd341ee3
PC: 0x00000000800000d4, INSTR: 0x0004a503, REG x10: 0x0000000000000033, MEM 0x00000000800001d0
PC: 0x00000000800000d8, INSTR: 0x00092783, REG x15: 0x0000000000000000, MEM 0x0000000080000190
PC: 0x00000000800000dc, INSTR: 0x00448493, REG x9: 0x00000000800001d4
PC: 0x00000000800000e0, INSTR: 0x0085553b, REG x10: 0x0000000000000000
PC: 0x00000000800000e4, INSTR: 0x40f50533, REG x10: 0x0000000000000000
PC: 0x00000000800000e8, INSTR: 0x00153513, REG x10: 0x0000000000000001
PC: 0x00000000800000ec, INSTR: 0x0014041b, REG x8: 0x000000000000000b
PC: 0x00000000800000f0, INSTR: 0xf21ff0ef, REG x1: 0x00000000800000f4
PC: 0x0000000080000010, INSTR: 0x00050463
PC: 0x0000000080000014, INSTR: 0x00008067
PC: 0x00000000800000f4, INSTR: 0x00490913, REG x18: 0x0000000080000194
PC: 0x00000000800000f8, INSTR: 0xfd341ee3
PC: 0x00000000800000d4, INSTR: 0x0004a503, REG x10: 0xffffffffffffffff, MEM 0x00000000800001d4
PC: 0x00000000800000d8, INSTR: 0x00092783, REG x15: 0x00000000001fffff, MEM 0x0000000080000194
PC: 0x00000000800000dc, INSTR: 0x00448493, REG x9: 0x00000000800001d8
PC: 0x00000000800000e0, INSTR: 0x0085553b, REG x10: 0x00000000001fffff
PC: 0x00000000800000e4, INSTR: 0x40f50533, REG x10: 0x0000000000000000
PC: 0x00000000800000e8, INSTR: 0x00153513, REG x10: 0x0000000000000001
PC: 0x00000000800000ec, INSTR: 0x0014041b, REG x8: 0x000000000000000c
PC: 0x00000000800000f0, INSTR: 0xf21ff0ef, REG x1: 0x00000000800000f4
PC: 0x0000000080000010, INSTR: 0x00050463
PC: 0x0000000080000014, INSTR: 0x00008067
PC: 0x00000000800000f4, INSTR: 0x00490913, REG x18: 0x0000000080000198
PC: 0x00000000800000f8, INSTR: 0xfd341ee3
PC: 0x00000000800000fc, INSTR: 0x02813083, REG x1: 0x0000000080000140, MEM 0x0000000080008fe8
PC: 0x0000000080000100, INSTR: 0x02013403, REG x8: 0x0000000000000000, MEM 0x0000000080008fe0
PC: 0x0000000080000104, INSTR: 0x01813483, REG x9: 0x0000000000000000, MEM 0x0000000080008fd8
PC: 0x0000000080000108, INSTR: 0x01013903, REG x18: 0x0000000000000000, MEM 0x0000000080008fd0
PC: 0x000000008000010c, INSTR: 0x00813983, REG x19: 0x0000000000000000, MEM 0x0000000080008fc8
PC: 0x0000000080000110, INSTR: 0x00013a03, REG x20: 0x0000000000000000, MEM 0x0000000080008fc0
PC: 0x0000000080000114, INSTR: 0x00000513, REG x10: 0x0000000000000000
PC: 0x0000000080000118, INSTR: 0x03010113, REG x2: 0x0000000080008ff0
PC: 0x000000008000011c, INSTR: 0x00008067
PC: 0x0000000080000140, INSTR: 0x00050513, REG x10: 0x0000000000000000
