PC: 0x0000000080000000, INSTR: 0x00000413, REG x8: 0x0000000000000000
PC: 0x0000000080000004, INSTR: 0x00009117, REG x2: 0x0000000080009004
PC: 0x0000000080000008, INSTR: 0xffc10113, REG x2: 0x0000000080009000
PC: 0x000000008000000c, INSTR: 0x1f8000ef, REG x1: 0x0000000080000010
PC: 0x0000000080000204, INSTR: 0xff010113, REG x2: 0x0000000080008ff0
PC: 0x0000000080000208, INSTR: 0x00000517, REG x10: 0x0000000080000208
PC: 0x000000008000020c, INSTR: 0x02050513, REG x10: 0x0000000080000228
PC: 0x0000000080000210, INSTR: 0x00113423, MEM 0x0000000080008ff8: 0x0000000080000010
PC: 0x0000000080000214, INSTR: 0xe95ff0ef, REG x1: 0x0000000080000218
PC: 0x00000000800000a8, INSTR: 0xfe010113, REG x2: 0x0000000080008fd0
PC: 0x00000000800000ac, INSTR: 0x0aa00793, REG x15: 0x00000000000000aa
PC: 0x00000000800000b0, INSTR: 0x00000593, REG x11: 0x0000000000000000
PC: 0x00000000800000b4, INSTR: 0x00810513, REG x10: 0x0000000080008fd8
PC: 0x00000000800000b8, INSTR: 0x00113c23, MEM 0x0000000080008fe8: 0x0000000080000218
PC: 0x00000000800000bc, INSTR: 0x00f11423, MEM 0x0000000080008fd8: 0x00000000000000aa
PC: 0x00000000800000c0, INSTR: 0xf69ff0ef, REG x1: 0x00000000800000c4
PC: 0x0000000080000028, INSTR: 0x4035d793, REG x15: 0x0000000000000000
PC: 0x000000008000002c, INSTR: 0x00f50533, REG x10: 0x0000000080008fd8
PC: 0x0000000080000030, INSTR: 0x00054503, REG x10: 0x00000000000000aa, MEM 0x0000000080008fd8
PC: 0x0000000080000034, INSTR: 0x0075f593, REG x11: 0x0000000000000000
PC: 0x0000000080000038, INSTR: 0x00100793, REG x15: 0x0000000000000001
PC: 0x000000008000003c, INSTR: 0x00b797bb, REG x15: 0x0000000000000001
PC: 0x0000000080000040, INSTR: 0x00f57533, REG x10: 0x0000000000000000
PC: 0x0000000080000044, INSTR: 0x00a03533, REG x10: 0x0000000000000000
PC: 0x0000000080000048, INSTR: 0x00008067
PC: 0x00000000800000c4, INSTR: 0x00154513, REG x10: 0x0000000000000001
PC: 0x00000000800000c8, INSTR: 0x0ff57513, REG x10: 0x0000000000000001
PC: 0x00000000800000cc, INSTR: 0xf45ff0ef, REG x1: 0x00000000800000d0
PC: 0x0000000080000010, INSTR: 0x00050463
PC: 0x0000000080000014, INSTR: 0x00008067
PC: 0x00000000800000d0, INSTR: 0x00100593, REG x11: 0x0000000000000001
PC: 0x00000000800000d4, INSTR: 0x00810513, REG x10: 0x0000000080008fd8
PC: 0x00000000800000d8, INSTR: 0xf51ff0ef, REG x1: 0x00000000800000dc
PC: 0x0000000080000028, INSTR: 0x4035d793, REG x15: 0x0000000000000000
PC: 0x000000008000002c, INSTR: 0x00f50533, REG x10: 0x0000000080008fd8
PC: 0x0000000080000030, INSTR: 0x00054503, REG x10: 0x00000000000000aa, MEM 0x0000000080008fd8
PC: 0x0000000080000034, INSTR: 0x0075f593, REG x11: 0x0000000000000001
PC: 0x0000000080000038, INSTR: 0x00100793, REG x15: 0x0000000000000001
PC: 0x000000008000003c, INSTR: 0x00b797bb, REG x15: 0x0000000000000002
PC: 0x0000000080000040, INSTR: 0x00f57533, REG x10: 0x0000000000000002
PC: 0x0000000080000044, INSTR: 0x00a03533, REG x10: 0x0000000000000001
PC: 0x0000000080000048, INSTR: 0x00008067
PC: 0x00000000800000dc, INSTR: 0xf35ff0ef, REG x1: 0x00000000800000e0
PC: 0x0000000080000010, INSTR: 0x00050463
PC: 0x0000000080000014, INSTR: 0x00008067
PC: 0x00000000800000e0, INSTR: 0x00200593, REG x11: 0x0000000000000002
PC: 0x00000000800000e4, INSTR: 0x00810513, REG x10: 0x0000000080008fd8
PC: 0x00000000800000e8, INSTR: 0xf41ff0ef, REG x1: 0x00000000800000ec
PC: 0x0000000080000028, INSTR: 0x4035d793, REG x15: 0x0000000000000000
PC: 0x000000008000002c, INSTR: 0x00f50533, REG x10: 0x0000000080008fd8
PC: 0x0000000080000030, INSTR: 0x00054503, REG x10: 0x00000000000000aa, MEM 0x0000000080008fd8
PC: 0x0000000080000034, INSTR: 0x0075f593, REG x11: 0x0000000000000002
PC: 0x0000000080000038, INSTR: 0x00100793, REG x15: 0x0000000000000001
PC: 0x000000008000003c, INSTR: 0x00b797bb, REG x15: 0x0000000000000004
PC: 0x0000000080000040, INSTR: 0x00f57533, REG x10: 0x0000000000000000
PC: 0x0000000080000044, INSTR: 0x00a03533, REG x10: 0x0000000000000000
PC: 0x0000000080000048, INSTR: 0x00008067
PC: 0x00000000800000ec, INSTR: 0x00154513, REG x10: 0x0000000000000001
PC: 0x00000000800000f0, INSTR: 0x0ff57513, REG x10: 0x0000000000000001
PC: 0x00000000800000f4, INSTR: 0xf1dff0ef, REG x1: 0x00000000800000f8
PC: 0x0000000080000010, INSTR: 0x00050463
PC: 0x0000000080000014, INSTR: 0x00008067
PC: 0x00000000800000f8, INSTR: 0x00300593, REG x11: 0x0000000000000003
PC: 0x00000000800000fc, INSTR: 0x00810513, REG x10: 0x0000000080008fd8
PC: 0x0000000080000100, INSTR: 0xf29ff0ef, REG x1: 0x0000000080000104
PC: 0x0000000080000028, INSTR: 0x4035d793, REG x15: 0x0000000000000000
PC: 0x000000008000002c, INSTR: 0x00f50533, REG x10: 0x0000000080008fd8
PC: 0x0000000080000030, INSTR: 0x00054503, REG x10: 0x00000000000000aa, MEM 0x0000000080008fd8
PC: 0x0000000080000034, INSTR: 0x0075f593, REG x11: 0x0000000000000003
PC: 0x0000000080000038, INSTR: 0x00100793, REG x15: 0x0000000000000001
PC: 0x000000008000003c, INSTR: 0x00b797bb, REG x15: 0x0000000000000008
PC: 0x0000000080000040, INSTR: 0x00f57533, REG x10: 0x0000000000000008
PC: 0x0000000080000044, INSTR: 0x00a03533, REG x10: 0x0000000000000001
PC: 0x0000000080000048, INSTR: 0x00008067
PC: 0x0000000080000104, INSTR: 0xf0dff0ef, REG x1: 0x0000000080000108
PC: 0x0000000080000010, INSTR: 0x00050463
PC: 0x0000000080000014, INSTR: 0x00008067
PC: 0x0000000080000108, INSTR: 0x00400593, REG x11: 0x0000000000000004
PC: 0x000000008000010c, INSTR: 0x00810513, REG x10: 0x0000000080008fd8
PC: 0x0000000080000110, INSTR: 0xf19ff0ef, REG x1: 0x0000000080000114
PC: 0x0000000080000028, INSTR: 0x4035d793, REG x15: 0x0000000000000000
PC: 0x000000008000002c, INSTR: 0x00f50533, REG x10: 0x0000000080008fd8
PC: 0x0000000080000030, INSTR: 0x00054503, REG x10: 0x00000000000000aa, MEM 0x0000000080008fd8
PC: 0x0000000080000034, INSTR: 0x0075f593, REG x11: 0x0000000000000004
PC: 0x0000000080000038, INSTR: 0x00100793, REG x15: 0x0000000000000001
PC: 0x000000008000003c, INSTR: 0x00b797bb, REG x15: 0x0000000000000010
PC: 0x0000000080000040, INSTR: 0x00f57533, REG x10: 0x0000000000000000
PC: 0x0000000080000044, INSTR: 0x00a03533, REG x10: 0x0000000000000000
PC: 0x0000000080000048, INSTR: 0x00008067
PC: 0x0000000080000114, INSTR: 0x00154513, REG x10: 0x0000000000000001
PC: 0x0000000080000118, INSTR: 0x0ff57513, REG x10: 0x0000000000000001
PC: 0x000000008000011c, INSTR: 0xef5ff0ef, REG x1: 0x0000000080000120
PC: 0x0000000080000010, INSTR: 0x00050463
PC: 0x0000000080000014, INSTR: 0x00008067
PC: 0x0000000080000120, INSTR: 0x00500593, REG x11: 0x0000000000000005
PC: 0x0000000080000124, INSTR: 0x00810513, REG x10: 0x0000000080008fd8
PC: 0x0000000080000128, INSTR: 0xf01ff0ef, REG x1: 0x000000008000012c
PC: 0x0000000080000028, INSTR: 0x4035d793, REG x15: 0x0000000000000000
PC: 0x000000008000002c, INSTR: 0x00f50533, REG x10: 0x0000000080008fd8
PC: 0x0000000080000030, INSTR: 0x00054503, REG x10: 0x00000000000000aa, MEM 0x0000000080008fd8
PC: 0x0000000080000034, INSTR: 0x0075f593, REG x11: 0x0000000000000005
PC: 0x0000000080000038, INSTR: 0x00100793, REG x15: 0x0000000000000001
PC: 0x000000008000003c, INSTR: 0x00b797bb, REG x15: 0x0000000000000020
PC: 0x0000000080000040, INSTR: 0x00f57533, REG x10: 0x0000000000000020
PC: 0x0000000080000044, INSTR: 0x00a03533, REG x10: 0x0000000000000001
PC: 0x0000000080000048, INSTR: 0x00008067
PC: 0x000000008000012c, INSTR: 0xee5ff0ef, REG x1: 0x0000000080000130
PC: 0x0000000080000010, INSTR: 0x00050463
PC: 0x0000000080000014, INSTR: 0x00008067
PC: 0x0000000080000130, INSTR: 0x00600593, REG x11: 0x0000000000000006
PC: 0x0000000080000134, INSTR: 0x00810513, REG x10: 0x0000000080008fd8
PC: 0x0000000080000138, INSTR: 0xef1ff0ef, REG x1: 0x000000008000013c
PC: 0x0000000080000028, INSTR: 0x4035d793, REG x15: 0x0000000000000000
PC: 0x000000008000002c, INSTR: 0x00f50533, REG x10: 0x0000000080008fd8
PC: 0x0000000080000030, INSTR: 0x00054503, REG x10: 0x00000000000000aa, MEM 0x0000000080008fd8
PC: 0x0000000080000034, INSTR: 0x0075f593, REG x11: 0x0000000000000006
PC: 0x0000000080000038, INSTR: 0x00100793, REG x15: 0x0000000000000001
PC: 0x000000008000003c, INSTR: 0x00b797bb, REG x15: 0x0000000000000040
PC: 0x0000000080000040, INSTR: 0x00f57533, REG x10: 0x0000000000000000
PC: 0x0000000080000044, INSTR: 0x00a03533, REG x10: 0x0000000000000000
PC: 0x0000000080000048, INSTR: 0x00008067
PC: 0x000000008000013c, INSTR: 0x00154513, REG x10: 0x0000000000000001
PC: 0x0000000080000140, INSTR: 0x0ff57513, REG x10: 0x0000000000000001
PC: 0x0000000080000144, INSTR: 0xecdff0ef, REG x1: 0x0000000080000148
PC: 0x0000000080000010, INSTR: 0x00050463
PC: 0x0000000080000014, INSTR: 0x00008067
PC: 0x0000000080000148, INSTR: 0x00700593, REG x11: 0x0000000000000007
PC: 0x000000008000014c, INSTR: 0x00810513, REG x10: 0x0000000080008fd8
PC: 0x0000000080000150, INSTR: 0xed9ff0ef, REG x1: 0x0000000080000154
PC: 0x0000000080000028, INSTR: 0x4035d793, REG x15: 0x0000000000000000
PC: 0x000000008000002c, INSTR: 0x00f50533, REG x10: 0x0000000080008fd8
PC: 0x0000000080000030, INSTR: 0x00054503, REG x10: 0x00000000000000aa, MEM 0x0000000080008fd8
PC: 0x0000000080000034, INSTR: 0x0075f593, REG x11: 0x0000000000000007
PC: 0x0000000080000038, INSTR: 0x00100793, REG x15: 0x0000000000000001
PC: 0x000000008000003c, INSTR: 0x00b797bb, REG x15: 0x0000000000000080
PC: 0x0000000080000040, INSTR: 0x00f57533, REG x10: 0x0000000000000080
PC: 0x0000000080000044, INSTR: 0x00a03533, REG x10: 0x0000000000000001
PC: 0x0000000080000048, INSTR: 0x00008067
PC: 0x0000000080000154, INSTR: 0xebdff0ef, REG x1: 0x0000000080000158
PC: 0x0000000080000010, INSTR: 0x00050463
PC: 0x0000000080000014, INSTR: 0x00008067
PC: 0x0000000080000158, INSTR: 0x00810513, REG x10: 0x0000000080008fd8
PC: 0x000000008000015c, INSTR: 0x00100613, REG x12: 0x0000000000000001
PC: 0x0000000080000160, INSTR: 0x00800593, REG x11: 0x0000000000000008
PC: 0x0000000080000164, INSTR: 0xee9ff0ef, REG x1: 0x0000000080000168
PC: 0x000000008000004c, INSTR: 0x4035d793, REG x15: 0x0000000000000001
PC: 0x0000000080000050, INSTR: 0xff010113, REG x2: 0x0000000080008fc0
PC: 0x0000000080000054, INSTR: 0x00f50533, REG x10: 0x0000000080008fd9
PC: 0x0000000080000058, INSTR: 0x00a13423, MEM 0x0000000080008fc8: 0x0000000080008fd9
PC: 0x000000008000005c, INSTR: 0x00813783, REG x15: 0x0000000080008fd9, MEM 0x0000000080008fc8
PC: 0x0000000080000060, INSTR: 0x0075f593, REG x11: 0x0000000000000000
PC: 0x0000000080000064, INSTR: 0x00100713, REG x14: 0x0000000000000001
PC: 0x0000000080000068, INSTR: 0x00b7173b, REG x14: 0x0000000000000001
PC: 0x000000008000006c, INSTR: 0x02061063
PC: 0x000000008000008c, INSTR: 0x0007c783, REG x15: 0x0000000000000000, MEM 0x0000000080008fd9
PC: 0x0000000080000090, INSTR: 0x00e7e7b3, REG x15: 0x0000000000000001
PC: 0x0000000080000094, INSTR: 0x00813703, REG x14: 0x0000000080008fd9, MEM 0x0000000080008fc8
PC: 0x0000000080000098, INSTR: 0x0ff7f793, REG x15: 0x0000000000000001
PC: 0x000000008000009c, INSTR: 0x00f70023, MEM 0x0000000080008fd9: 0x0000000000000001
PC: 0x00000000800000a0, INSTR: 0x01010113, REG x2: 0x0000000080008fd0
PC: 0x00000000800000a4, INSTR: 0x00008067
PC: 0x0000000080000168, INSTR: 0x00810513, REG x10: 0x0000000080008fd8
PC: 0x000000008000016c, INSTR: 0x00000613, REG x12: 0x0000000000000000
PC: 0x0000000080000170, INSTR: 0x00900593, REG x11: 0x0000000000000009
PC: 0x0000000080000174, INSTR: 0xed9ff0ef, REG x1: 0x0000000080000178
PC: 0x000000008000004c, INSTR: 0x4035d793, REG x15: 0x0000000000000001
PC: 0x0000000080000050, INSTR: 0xff010113, REG x2: 0x0000000080008fc0
PC: 0x0000000080000054, INSTR: 0x00f50533, REG x10: 0x0000000080008fd9
PC: 0x0000000080000058, INSTR: 0x00a13423, MEM 0x0000000080008fc8: 0x0000000080008fd9
PC: 0x000000008000005c, INSTR: 0x00813783, REG x15: 0x0000000080008fd9, MEM 0x0000000080008fc8
PC: 0x0000000080000060, INSTR: 0x0075f593, REG x11: 0x0000000000000001
PC: 0x0000000080000064, INSTR: 0x00100713, REG x14: 0x0000000000000001
PC: 0x0000000080000068, INSTR: 0x00b7173b, REG x14: 0x0000000000000002
PC: 0x000000008000006c, INSTR: 0x02061063
PC: 0x0000000080000070, INSTR: 0x0007c783, REG x15: 0x0000000000000001, MEM 0x0000000080008fd9
PC: 0x0000000080000074, INSTR: 0xfff74713, REG x14: 0xfffffffffffffffd
PC: 0x0000000080000078, INSTR: 0x00e7f7b3, REG x15: 0x0000000000000001
PC: 0x000000008000007c, INSTR: 0x00813703, REG x14: 0x0000000080008fd9, MEM 0x0000000080008fc8
PC: 0x0000000080000080, INSTR: 0x00f70023, MEM 0x0000000080008fd9: 0x0000000000000001
PC: 0x0000000080000084, INSTR: 0x01010113, REG x2: 0x0000000080008fd0
PC: 0x0000000080000088, INSTR: 0x00008067
PC: 0x0000000080000178, INSTR: 0x00810513, REG x10: 0x0000000080008fd8
PC: 0x000000008000017c, INSTR: 0x00100613, REG x12: 0x0000000000000001
PC: 0x0000000080000180, INSTR: 0x00a00593, REG x11: 0x000000000000000a
PC: 0x0000000080000184, INSTR: 0xec9ff0ef, REG x1: 0x0000000080000188
PC: 0x000000008000004c, INSTR: 0x4035d793, REG x15: 0x0000000000000001
PC: 0x0000000080000050, INSTR: 0xff010113, REG x2: 0x0000000080008fc0
PC: 0x0000000080000054, INSTR: 0x00f50533, REG x10: 0x0000000080008fd9
PC: 0x0000000080000058, INSTR: 0x00a13423, MEM 0x0000000080008fc8: 0x0000000080008fd9
PC: 0x000000008000005c, INSTR: 0x00813783, REG x15: 0x0000000080008fd9, MEM 0x0000000080008fc8
PC: 0x0000000080000060, INSTR: 0x0075f593, REG x11: 0x0000000000000002
PC: 0x0000000080000064, INSTR: 0x00100713, REG x14: 0x0000000000000001
PC: 0x0000000080000068, INSTR: 0x00b7173b, REG x14: 0x0000000000000004
PC: 0x000000008000006c, INSTR: 0x02061063
PC: 0x000000008000008c, INSTR: 0x0007c783, REG x15: 0x0000000000000001, MEM 0x0000000080008fd9
PC: 0x0000000080000090, INSTR: 0x00e7e7b3, REG x15: 0x0000000000000005
PC: 0x0000000080000094, INSTR: 0x00813703, REG x14: 0x0000000080008fd9, MEM 0x0000000080008fc8
PC: 0x0000000080000098, INSTR: 0x0ff7f793, REG x15: 0x0000000000000005
PC: 0x000000008000009c, INSTR: 0x00f70023, MEM 0x0000000080008fd9: 0x0000000000000005
PC: 0x00000000800000a0, INSTR: 0x01010113, REG x2: 0x0000000080008fd0
PC: 0x00000000800000a4, INSTR: 0x00008067
PC: 0x0000000080000188, INSTR: 0x00810513, REG x10: 0x0000000080008fd8
PC: 0x000000008000018c, INSTR: 0x00000613, REG x12: 0x0000000000000000
PC: 0x0000000080000190, INSTR: 0x00b00593, REG x11: 0x000000000000000b
PC: 0x0000000080000194, INSTR: 0xeb9ff0ef, REG x1: 0x0000000080000198
PC: 0x000000008000004c, INSTR: 0x4035d793, REG x15: 0x0000000000000001
PC: 0x0000000080000050, INSTR: 0xff010113, REG x2: 0x0000000080008fc0
PC: 0x0000000080000054, INSTR: 0x00f50533, REG x10: 0x0000000080008fd9
PC: 0x0000000080000058, INSTR: 0x00a13423, MEM 0x0000000080008fc8: 0x0000000080008fd9
PC: 0x000000008000005c, INSTR: 0x00813783, REG x15: 0x0000000080008fd9, MEM 0x0000000080008fc8
PC: 0x0000000080000060, INSTR: 0x0075f593, REG x11: 0x0000000000000003
PC: 0x0000000080000064, INSTR: 0x00100713, REG x14: 0x0000000000000001
PC: 0x0000000080000068, INSTR: 0x00b7173b, REG x14: 0x0000000000000008
PC: 0x000000008000006c, INSTR: 0x02061063
PC: 0x0000000080000070, INSTR: 0x0007c783, REG x15: 0x0000000000000005, MEM 0x0000000080008fd9
PC: 0x0000000080000074, INSTR: 0xfff74713, REG x14: 0xfffffffffffffff7
PC: 0x0000000080000078, INSTR: 0x00e7f7b3, REG x15: 0x0000000000000005
PC: 0x000000008000007c, INSTR: 0x00813703, REG x14: 0x0000000080008fd9, MEM 0x0000000080008fc8
PC: 0x0000000080000080, INSTR: 0x00f70023, MEM 0x0000000080008fd9: 0x0000000000000005
PC: 0x0000000080000084, INSTR: 0x01010113, REG x2: 0x0000000080008fd0
PC: 0x0000000080000088, INSTR: 0x00008067
PC: 0x0000000080000198, INSTR: 0x00810513, REG x10: 0x0000000080008fd8
PC: 0x000000008000019c, INSTR: 0x00100613, REG x12: 0x0000000000000001
PC: 0x00000000800001a0, INSTR: 0x00c00593, REG x11: 0x000000000000000c
PC: 0x00000000800001a4, INSTR: 0xea9ff0ef, REG x1: 0x00000000800001a8
PC: 0x000000008000004c, INSTR: 0x4035d793, REG x15: 0x0000000000000001
PC: 0x0000000080000050, INSTR: 0xff010113, REG x2: 0x0000000080008fc0
PC: 0x0000000080000054, INSTR: 0x00f50533, REG x10: 0x0000000080008fd9
PC: 0x0000000080000058, INSTR: 0x00a13423, MEM 0x0000000080008fc8: 0x0000000080008fd9
PC: 0x000000008000005c, INSTR: 0x00813783, REG x15: 0x0000000080008fd9, MEM 0x0000000080008fc8
PC: 0x0000000080000060, INSTR: 0x0075f593, REG x11: 0x0000000000000004
PC: 0x0000000080000064, INSTR: 0x00100713, REG x14: 0x0000000000000001
PC: 0x0000000080000068, INSTR: 0x00b7173b, REG x14: 0x0000000000000010
PC: 0x000000008000006c, INSTR: 0x02061063
PC: 0x000000008000008c, INSTR: 0x0007c783, REG x15: 0x0000000000000005, MEM 0x0000000080008fd9
PC: 0x0000000080000090, INSTR: 0x00e7e7b3, REG x15: 0x0000000000000015
PC: 0x0000000080000094, INSTR: 0x00813703, REG x14: 0x0000000080008fd9, MEM 0x0000000080008fc8
PC: 0x0000000080000098, INSTR: 0x0ff7f793, REG x15: 0x0000000000000015
PC: 0x000000008000009c, INSTR: 0x00f70023, MEM 0x0000000080008fd9: 0x0000000000000015
PC: 0x00000000800000a0, INSTR: 0x01010113, REG x2: 0x0000000080008fd0
PC: 0x00000000800000a4, INSTR: 0x00008067
PC: 0x00000000800001a8, INSTR: 0x00810513, REG x10: 0x0000000080008fd8
PC: 0x00000000800001ac, INSTR: 0x00000613, REG x12: 0x0000000000000000
PC: 0x00000000800001b0, INSTR: 0x00d00593, REG x11: 0x000000000000000d
PC: 0x00000000800001b4, INSTR: 0xe99ff0ef, REG x1: 0x00000000800001b8
PC: 0x000000008000004c, INSTR: 0x4035d793, REG x15: 0x0000000000000001
PC: 0x0000000080000050, INSTR: 0xff010113, REG x2: 0x0000000080008fc0
PC: 0x0000000080000054, INSTR: 0x00f50533, REG x10: 0x0000000080008fd9
PC: 0x0000000080000058, INSTR: 0x00a13423, MEM 0x0000000080008fc8: 0x0000000080008fd9
PC: 0x000000008000005c, INSTR: 0x00813783, REG x15: 0x0000000080008fd9, MEM 0x0000000080008fc8
PC: 0x0000000080000060, INSTR: 0x0075f593, REG x11: 0x0000000000000005
PC: 0x0000000080000064, INSTR: 0x00100713, REG x14: 0x0000000000000001
PC: 0x0000000080000068, INSTR: 0x00b7173b, REG x14: 0x0000000000000020
PC: 0x000000008000006c, INSTR: 0x02061063
PC: 0x0000000080000070, INSTR: 0x0007c783, REG x15: 0x0000000000000015, MEM 0x0000000080008fd9
PC: 0x0000000080000074, INSTR: 0xfff74713, REG x14: 0xffffffffffffffdf
PC: 0x0000000080000078, INSTR: 0x00e7f7b3, REG x15: 0x0000000000000015
PC: 0x000000008000007c, INSTR: 0x00813703, REG x14: 0x0000000080008fd9, MEM 0x0000000080008fc8
PC: 0x0000000080000080, INSTR: 0x00f70023, MEM 0x0000000080008fd9: 0x0000000000000015
PC: 0x0000000080000084, INSTR: 0x01010113, REG x2: 0x0000000080008fd0
PC: 0x0000000080000088, INSTR: 0x00008067
PC: 0x00000000800001b8, INSTR: 0x00810513, REG x10: 0x0000000080008fd8
PC: 0x00000000800001bc, INSTR: 0x00100613, REG x12: 0x0000000000000001
PC: 0x00000000800001c0, INSTR: 0x00e00593, REG x11: 0x000000000000000e
PC: 0x00000000800001c4, INSTR: 0xe89ff0ef, REG x1: 0x00000000800001c8
PC: 0x000000008000004c, INSTR: 0x4035d793, REG x15: 0x0000000000000001
PC: 0x0000000080000050, INSTR: 0xff010113, REG x2: 0x0000000080008fc0
PC: 0x0000000080000054, INSTR: 0x00f50533, REG x10: 0x0000000080008fd9
PC: 0x0000000080000058, INSTR: 0x00a13423, MEM 0x0000000080008fc8: 0x0000000080008fd9
PC: 0x000000008000005c, INSTR: 0x00813783, REG x15: 0x0000000080008fd9, MEM 0x0000000080008fc8
PC: 0x0000000080000060, INSTR: 0x0075f593, REG x11: 0x0000000000000006
PC: 0x0000000080000064, INSTR: 0x00100713, REG x14: 0x0000000000000001
PC: 0x0000000080000068, INSTR: 0x00b7173b, REG x14: 0x0000000000000040
PC: 0x000000008000006c, INSTR: 0x02061063
PC: 0x000000008000008c, INSTR: 0x0007c783, REG x15: 0x0000000000000015, MEM 0x0000000080008fd9
PC: 0x0000000080000090, INSTR: 0x00e7e7b3, REG x15: 0x0000000000000055
PC: 0x0000000080000094, INSTR: 0x00813703, REG x14: 0x0000000080008fd9, MEM 0x0000000080008fc8
PC: 0x0000000080000098, INSTR: 0x0ff7f793, REG x15: 0x0000000000000055
PC: 0x000000008000009c, INSTR: 0x00f70023, MEM 0x0000000080008fd9: 0x0000000000000055
PC: 0x00000000800000a0, INSTR: 0x01010113, REG x2: 0x0000000080008fd0
PC: 0x00000000800000a4, INSTR: 0x00008067
PC: 0x00000000800001c8, INSTR: 0x00810513, REG x10: 0x0000000080008fd8
PC: 0x00000000800001cc, INSTR: 0x00000613, REG x12: 0x0000000000000000
PC: 0x00000000800001d0, INSTR: 0x00f00593, REG x11: 0x000000000000000f
PC: 0x00000000800001d4, INSTR: 0xe79ff0ef, REG x1: 0x00000000800001d8
PC: 0x000000008000004c, INSTR: 0x4035d793, REG x15: 0x0000000000000001
PC: 0x0000000080000050, INSTR: 0xff010113, REG x2: 0x0000000080008fc0
PC: 0x0000000080000054, INSTR: 0x00f50533, REG x10: 0x0000000080008fd9
PC: 0x0000000080000058, INSTR: 0x00a13423, MEM 0x0000000080008fc8: 0x0000000080008fd9
PC: 0x000000008000005c, INSTR: 0x00813783, REG x15: 0x0000000080008fd9, MEM 0x0000000080008fc8
PC: 0x0000000080000060, INSTR: 0x0075f593, REG x11: 0x0000000000000007
PC: 0x0000000080000064, INSTR: 0x00100713, REG x14: 0x0000000000000001
PC: 0x0000000080000068, INSTR: 0x00b7173b, REG x14: 0x0000000000000080
PC: 0x000000008000006c, INSTR: 0x02061063
PC: 0x0000000080000070, INSTR: 0x0007c783, REG x15: 0x0000000000000055, MEM 0x0000000080008fd9
PC: 0x0000000080000074, INSTR: 0xfff74713, REG x14: 0xffffffffffffff7f
PC: 0x0000000080000078, INSTR: 0x00e7f7b3, REG x15: 0x0000000000000055
PC: 0x000000008000007c, INSTR: 0x00813703, REG x14: 0x0000000080008fd9, MEM 0x0000000080008fc8
PC: 0x0000000080000080, INSTR: 0x00f70023, MEM 0x0000000080008fd9: 0x0000000000000055
PC: 0x0000000080000084, INSTR: 0x01010113, REG x2: 0x0000000080008fd0
PC: 0x0000000080000088, INSTR: 0x00008067
PC: 0x00000000800001d8, INSTR: 0x00914503, REG x10: 0x0000000000000055, MEM 0x0000000080008fd9
PC: 0x00000000800001dc, INSTR: 0xfab50513, REG x10: 0x0000000000000000
PC: 0x00000000800001e0, INSTR: 0x00153513, REG x10: 0x0000000000000001
PC: 0x00000000800001e4, INSTR: 0xe2dff0ef, REG x1: 0x00000000800001e8
PC: 0x0000000080000010, INSTR: 0x00050463
PC: 0x0000000080000014, INSTR: 0x00008067
PC: 0x00000000800001e8, INSTR: 0x01813083, REG x1: 0x0000000080000218, MEM 0x0000000080008fe8
PC: 0x00000000800001ec, INSTR: 0x00000513, REG x10: 0x0000000000000000
PC: 0x00000000800001f0, INSTR: 0x02010113, REG x2: 0x0000000080008ff0
PC: 0x00000000800001f4, INSTR: 0x00008067
PC: 0x0000000080000218, INSTR: 0x00050513, REG x10: 0x0000000000000000
