PC: 0x0000000080000000, INSTR: 0x00000413, REG x8: 0x0000000000000000
PC: 0x0000000080000004, INSTR: 0x00009117, REG x2: 0x0000000080009004
PC: 0x0000000080000008, INSTR: 0xffc10113, REG x2: 0x0000000080009000
PC: 0x000000008000000c, INSTR: 0x0f0000ef, REG x1: 0x0000000080000010
PC: 0x00000000800000fc, INSTR: 0xff010113, REG x2: 0x0000000080008ff0
PC: 0x0000000080000100, INSTR: 0x00000517, REG x10: 0x0000000080000100
PC: 0x0000000080000104, INSTR: 0x71050513, REG x10: 0x0000000080000810
PC: 0x0000000080000108, INSTR: 0x00113423, MEM 0x0000000080008ff8: 0x0000000080000010
PC: 0x000000008000010c, INSTR: 0xf1dff0ef, REG x1: 0x0000000080000110
PC: 0x0000000080000028, INSTR: 0xff010113, REG x2: 0x0000000080008fe0
PC: 0x000000008000002c, INSTR: 0x00000617, REG x12: 0x000000008000002c
PC: 0x0000000080000030, INSTR: 0x70460613, REG x12: 0x0000000080000730
PC: 0x0000000080000034, INSTR: 0x00000597, REG x11: 0x0000000080000034
PC: 0x0000000080000038, INSTR: 0x71458593, REG x11: 0x0000000080000748
PC: 0x000000008000003c, INSTR: 0x00000517, REG x10: 0x000000008000003c
PC: 0x0000000080000040, INSTR: 0x7dc50513, REG x10: 0x0000000080000818
PC: 0x0000000080000044, INSTR: 0x00113423, MEM 0x0000000080008fe8: 0x0000000080000110
PC: 0x0000000080000048, INSTR: 0x1c4000ef, REG x1: 0x000000008000004c
PC: 0x000000008000020c, INSTR: 0xf5010113, REG x2: 0x0000000080008f30
PC: 0x0000000080000210, INSTR: 0x05413823, MEM 0x0000000080008f80: 0x0000000000000000
PC: 0x0000000080000214, INSTR: 0x06113c23, MEM 0x0000000080008fa8: 0x000000008000004c
PC: 0x0000000080000218, INSTR: 0x03713c23, MEM 0x0000000080008f68: 0x0000000000000000
PC: 0x000000008000021c, INSTR: 0x0005c303, REG x6: 0x0000000000000025, MEM 0x0000000080000748
PC: 0x0000000080000220, INSTR: 0x08f13c23, MEM 0x0000000080008fc8: 0x0000000000000000
PC: 0x0000000080000224, INSTR: 0x08010793, REG x15: 0x0000000080008fb0
PC: 0x0000000080000228, INSTR: 0x08c13023, MEM 0x0000000080008fb0: 0x0000000080000730
PC: 0x000000008000022c, INSTR: 0x08d13423, MEM 0x0000000080008fb8: 0x0000000000000000
PC: 0x0000000080000230, INSTR: 0x08e13823, MEM 0x0000000080008fc0: 0x0000000000000000
PC: 0x0000000080000234, INSTR: 0x0b013023, MEM 0x0000000080008fd0: 0x0000000000000000
PC: 0x0000000080000238, INSTR: 0x0b113423, MEM 0x0000000080008fd8: 0x0000000000000000
PC: 0x000000008000023c, INSTR: 0x00f13423, MEM 0x0000000080008f38: 0x0000000080008fb0
PC: 0x0000000080000240, INSTR: 0x00050a13, REG x20: 0x0000000080000818
PC: 0x0000000080000244, INSTR: 0x4c030e63
PC: 0x0000000080000248, INSTR: 0x06813823, MEM 0x0000000080008fa0: 0x0000000000000000
PC: 0x000000008000024c, INSTR: 0x06913423, MEM 0x0000000080008f98: 0x0000000000000000
PC: 0x0000000080000250, INSTR: 0x07213023, MEM 0x0000000080008f90: 0x0000000000000000
PC: 0x0000000080000254, INSTR: 0x05313c23, MEM 0x0000000080008f88: 0x0000000000000000
PC: 0x0000000080000258, INSTR: 0x05513423, MEM 0x0000000080008f78: 0x0000000000000000
PC: 0x000000008000025c, INSTR: 0x05613023, MEM 0x0000000080008f70: 0x0000000000000000
PC: 0x0000000080000260, INSTR: 0x03813823, MEM 0x0000000080008f60: 0x0000000000000000
PC: 0x0000000080000264, INSTR: 0x00058493, REG x9: 0x0000000080000748
PC: 0x0000000080000268, INSTR: 0x00000913, REG x18: 0x0000000000000000
PC: 0x000000008000026c, INSTR: 0x00000b93, REG x23: 0x0000000000000000
PC: 0x0000000080000270, INSTR: 0x00050413, REG x8: 0x0000000080000818
PC: 0x0000000080000274, INSTR: 0x02500993, REG x19: 0x0000000000000025
PC: 0x0000000080000278, INSTR: 0x02000b13, REG x22: 0x0000000000000020
PC: 0x000000008000027c, INSTR: 0x00000a97, REG x21: 0x000000008000027c
PC: 0x0000000080000280, INSTR: 0x50ca8a93, REG x21: 0x0000000080000788
PC: 0x0000000080000284, INSTR: 0x0200006f
PC: 0x00000000800002a4, INSTR: 0x0019079b, REG x15: 0x0000000000000001
PC: 0x00000000800002a8, INSTR: 0x00040693, REG x13: 0x0000000080000818
PC: 0x00000000800002ac, INSTR: 0xfd331ee3
PC: 0x00000000800002b0, INSTR: 0x00f48733, REG x14: 0x0000000080000749
PC: 0x00000000800002b4, INSTR: 0x00074783, REG x15: 0x0000000000000073, MEM 0x0000000080000749
PC: 0x00000000800002b8, INSTR: 0x02078663
PC: 0x00000000800002bc, INSTR: 0x35378e63
PC: 0x00000000800002c0, INSTR: 0xfa87879b, REG x15: 0x000000000000001b
PC: 0x00000000800002c4, INSTR: 0x0ff7f793, REG x15: 0x000000000000001b
PC: 0x00000000800002c8, INSTR: 0x04fb6a63
PC: 0x00000000800002cc, INSTR: 0x00279793, REG x15: 0x000000000000006c
PC: 0x00000000800002d0, INSTR: 0x015787b3, REG x15: 0x00000000800007f4
PC: 0x00000000800002d4, INSTR: 0x0007a783, REG x15: 0xfffffffffffffe28, MEM 0x00000000800007f4
PC: 0x00000000800002d8, INSTR: 0x015787b3, REG x15: 0x00000000800005b0
PC: 0x00000000800002dc, INSTR: 0x00078067
PC: 0x00000000800005b0, INSTR: 0x00813703, REG x14: 0x0000000080008fb0, MEM 0x0000000080008f38
PC: 0x00000000800005b4, INSTR: 0x00073783, REG x15: 0x0000000080000730, MEM 0x0000000080008fb0
PC: 0x00000000800005b8, INSTR: 0x00870713, REG x14: 0x0000000080008fb8
PC: 0x00000000800005bc, INSTR: 0x00e13423, MEM 0x0000000080008f38: 0x0000000080008fb8
PC: 0x00000000800005c0, INSTR: 0x14078a63
PC: 0x00000000800005c4, INSTR: 0x0007c703, REG x14: 0x0000000000000048, MEM 0x0000000080000730
PC: 0x00000000800005c8, INSTR: 0xd6070ae3
PC: 0x00000000800005cc, INSTR: 0x00178513, REG x10: 0x0000000080000731
PC: 0x00000000800005d0, INSTR: 0x00050713, REG x14: 0x0000000080000731
PC: 0x00000000800005d4, INSTR: 0x00000613, REG x12: 0x0000000000000000
PC: 0x00000000800005d8, INSTR: 0x00074583, REG x11: 0x0000000000000065, MEM 0x0000000080000731
PC: 0x00000000800005dc, INSTR: 0x00060693, REG x13: 0x0000000000000000
PC: 0x00000000800005e0, INSTR: 0x00170713, REG x14: 0x0000000080000732
PC: 0x00000000800005e4, INSTR: 0x0016061b, REG x12: 0x0000000000000001
PC: 0x00000000800005e8, INSTR: 0xfe0598e3
PC: 0x00000000800005d8, INSTR: 0x00074583, REG x11: 0x000000000000006c, MEM 0x0000000080000732
PC: 0x00000000800005dc, INSTR: 0x00060693, REG x13: 0x0000000000000001
PC: 0x00000000800005e0, INSTR: 0x00170713, REG x14: 0x0000000080000733
PC: 0x00000000800005e4, INSTR: 0x0016061b, REG x12: 0x0000000000000002
PC: 0x00000000800005e8, INSTR: 0xfe0598e3
PC: 0x00000000800005d8, INSTR: 0x00074583, REG x11: 0x000000000000006c, MEM 0x0000000080000733
PC: 0x00000000800005dc, INSTR: 0x00060693, REG x13: 0x0000000000000002
PC: 0x00000000800005e0, INSTR: 0x00170713, REG x14: 0x0000000080000734
PC: 0x00000000800005e4, INSTR: 0x0016061b, REG x12: 0x0000000000000003
PC: 0x00000000800005e8, INSTR: 0xfe0598e3
PC: 0x00000000800005d8, INSTR: 0x00074583, REG x11: 0x000000000000006f, MEM 0x0000000080000734
PC: 0x00000000800005dc, INSTR: 0x00060693, REG x13: 0x0000000000000003
PC: 0x00000000800005e0, INSTR: 0x00170713, REG x14: 0x0000000080000735
PC: 0x00000000800005e4, INSTR: 0x0016061b, REG x12: 0x0000000000000004
PC: 0x00000000800005e8, INSTR: 0xfe0598e3
PC: 0x00000000800005d8, INSTR: 0x00074583, REG x11: 0x0000000000000020, MEM 0x0000000080000735
PC: 0x00000000800005dc, INSTR: 0x00060693, REG x13: 0x0000000000000004
PC: 0x00000000800005e0, INSTR: 0x00170713, REG x14: 0x0000000080000736
PC: 0x00000000800005e4, INSTR: 0x0016061b, REG x12: 0x0000000000000005
PC: 0x00000000800005e8, INSTR: 0xfe0598e3
PC: 0x00000000800005d8, INSTR: 0x00074583, REG x11: 0x0000000000000077, MEM 0x0000000080000736
PC: 0x00000000800005dc, INSTR: 0x00060693, REG x13: 0x0000000000000005
PC: 0x00000000800005e0, INSTR: 0x00170713, REG x14: 0x0000000080000737
PC: 0x00000000800005e4, INSTR: 0x0016061b, REG x12: 0x0000000000000006
PC: 0x00000000800005e8, INSTR: 0xfe0598e3
PC: 0x00000000800005d8, INSTR: 0x00074583, REG x11: 0x000000000000006f, MEM 0x0000000080000737
PC: 0x00000000800005dc, INSTR: 0x00060693, REG x13: 0x0000000000000006
PC: 0x00000000800005e0, INSTR: 0x00170713, REG x14: 0x0000000080000738
PC: 0x00000000800005e4, INSTR: 0x0016061b, REG x12: 0x0000000000000007
PC: 0x00000000800005e8, INSTR: 0xfe0598e3
PC: 0x00000000800005d8, INSTR: 0x00074583, REG x11: 0x0000000000000072, MEM 0x0000000080000738
PC: 0x00000000800005dc, INSTR: 0x00060693, REG x13: 0x0000000000000007
PC: 0x00000000800005e0, INSTR: 0x00170713, REG x14: 0x0000000080000739
PC: 0x00000000800005e4, INSTR: 0x0016061b, REG x12: 0x0000000000000008
PC: 0x00000000800005e8, INSTR: 0xfe0598e3
PC: 0x00000000800005d8, INSTR: 0x00074583, REG x11: 0x000000000000006c, MEM 0x0000000080000739
PC: 0x00000000800005dc, INSTR: 0x00060693, REG x13: 0x0000000000000008
PC: 0x00000000800005e0, INSTR: 0x00170713, REG x14: 0x000000008000073a
PC: 0x00000000800005e4, INSTR: 0x0016061b, REG x12: 0x0000000000000009
PC: 0x00000000800005e8, INSTR: 0xfe0598e3
PC: 0x00000000800005d8, INSTR: 0x00074583, REG x11: 0x0000000000000064, MEM 0x000000008000073a
PC: 0x00000000800005dc, INSTR: 0x00060693, REG x13: 0x0000000000000009
PC: 0x00000000800005e0, INSTR: 0x00170713, REG x14: 0x000000008000073b
PC: 0x00000000800005e4, INSTR: 0x0016061b, REG x12: 0x000000000000000a
PC: 0x00000000800005e8, INSTR: 0xfe0598e3
PC: 0x00000000800005d8, INSTR: 0x00074583, REG x11: 0x0000000000000021, MEM 0x000000008000073b
PC: 0x00000000800005dc, INSTR: 0x00060693, REG x13: 0x000000000000000a
PC: 0x00000000800005e0, INSTR: 0x00170713, REG x14: 0x000000008000073c
PC: 0x00000000800005e4, INSTR: 0x0016061b, REG x12: 0x000000000000000b
PC: 0x00000000800005e8, INSTR: 0xfe0598e3
PC: 0x00000000800005d8, INSTR: 0x00074583, REG x11: 0x000000000000000a, MEM 0x000000008000073c
PC: 0x00000000800005dc, INSTR: 0x00060693, REG x13: 0x000000000000000b
PC: 0x00000000800005e0, INSTR: 0x00170713, REG x14: 0x000000008000073d
PC: 0x00000000800005e4, INSTR: 0x0016061b, REG x12: 0x000000000000000c
PC: 0x00000000800005e8, INSTR: 0xfe0598e3
PC: 0x00000000800005d8, INSTR: 0x00074583, REG x11: 0x0000000000000000, MEM 0x000000008000073d
PC: 0x00000000800005dc, INSTR: 0x00060693, REG x13: 0x000000000000000c
PC: 0x00000000800005e0, INSTR: 0x00170713, REG x14: 0x000000008000073e
PC: 0x00000000800005e4, INSTR: 0x0016061b, REG x12: 0x000000000000000d
PC: 0x00000000800005e8, INSTR: 0xfe0598e3
PC: 0x00000000800005ec, INSTR: 0x00d50633, REG x12: 0x000000008000073d
PC: 0x00000000800005f0, INSTR: 0x0007c703, REG x14: 0x0000000000000048, MEM 0x0000000080000730
PC: 0x00000000800005f4, INSTR: 0x00178793, REG x15: 0x0000000080000731
PC: 0x00000000800005f8, INSTR: 0x00140413, REG x8: 0x0000000080000819
PC: 0x00000000800005fc, INSTR: 0xfee40fa3, MEM 0x0000000080000818: 0x0000000000000048
PC: 0x0000000080000600, INSTR: 0xfef618e3
PC: 0x00000000800005f0, INSTR: 0x0007c703, REG x14: 0x0000000000000065, MEM 0x0000000080000731
PC: 0x00000000800005f4, INSTR: 0x00178793, REG x15: 0x0000000080000732
PC: 0x00000000800005f8, INSTR: 0x00140413, REG x8: 0x000000008000081a
PC: 0x00000000800005fc, INSTR: 0xfee40fa3, MEM 0x0000000080000819: 0x0000000000000065
PC: 0x0000000080000600, INSTR: 0xfef618e3
PC: 0x00000000800005f0, INSTR: 0x0007c703, REG x14: 0x000000000000006c, MEM 0x0000000080000732
PC: 0x00000000800005f4, INSTR: 0x00178793, REG x15: 0x0000000080000733
PC: 0x00000000800005f8, INSTR: 0x00140413, REG x8: 0x000000008000081b
PC: 0x00000000800005fc, INSTR: 0xfee40fa3, MEM 0x000000008000081a: 0x000000000000006c
PC: 0x0000000080000600, INSTR: 0xfef618e3
PC: 0x00000000800005f0, INSTR: 0x0007c703, REG x14: 0x000000000000006c, MEM 0x0000000080000733
PC: 0x00000000800005f4, INSTR: 0x00178793, REG x15: 0x0000000080000734
PC: 0x00000000800005f8, INSTR: 0x00140413, REG x8: 0x000000008000081c
PC: 0x00000000800005fc, INSTR: 0xfee40fa3, MEM 0x000000008000081b: 0x000000000000006c
PC: 0x0000000080000600, INSTR: 0xfef618e3
PC: 0x00000000800005f0, INSTR: 0x0007c703, REG x14: 0x000000000000006f, MEM 0x0000000080000734
PC: 0x00000000800005f4, INSTR: 0x00178793, REG x15: 0x0000000080000735
PC: 0x00000000800005f8, INSTR: 0x00140413, REG x8: 0x000000008000081d
PC: 0x00000000800005fc, INSTR: 0xfee40fa3, MEM 0x000000008000081c: 0x000000000000006f
PC: 0x0000000080000600, INSTR: 0xfef618e3
PC: 0x00000000800005f0, INSTR: 0x0007c703, REG x14: 0x0000000000000020, MEM 0x0000000080000735
PC: 0x00000000800005f4, INSTR: 0x00178793, REG x15: 0x0000000080000736
PC: 0x00000000800005f8, INSTR: 0x00140413, REG x8: 0x000000008000081e
PC: 0x00000000800005fc, INSTR: 0xfee40fa3, MEM 0x000000008000081d: 0x0000000000000020
PC: 0x0000000080000600, INSTR: 0xfef618e3
PC: 0x00000000800005f0, INSTR: 0x0007c703, REG x14: 0x0000000000000077, MEM 0x0000000080000736
PC: 0x00000000800005f4, INSTR: 0x00178793, REG x15: 0x0000000080000737
PC: 0x00000000800005f8, INSTR: 0x00140413, REG x8: 0x000000008000081f
PC: 0x00000000800005fc, INSTR: 0xfee40fa3, MEM 0x000000008000081e: 0x0000000000000077
PC: 0x0000000080000600, INSTR: 0xfef618e3
PC: 0x00000000800005f0, INSTR: 0x0007c703, REG x14: 0x000000000000006f, MEM 0x0000000080000737
PC: 0x00000000800005f4, INSTR: 0x00178793, REG x15: 0x0000000080000738
PC: 0x00000000800005f8, INSTR: 0x00140413, REG x8: 0x0000000080000820
PC: 0x00000000800005fc, INSTR: 0xfee40fa3, MEM 0x000000008000081f: 0x000000000000006f
PC: 0x0000000080000600, INSTR: 0xfef618e3
PC: 0x00000000800005f0, INSTR: 0x0007c703, REG x14: 0x0000000000000072, MEM 0x0000000080000738
PC: 0x00000000800005f4, INSTR: 0x00178793, REG x15: 0x0000000080000739
PC: 0x00000000800005f8, INSTR: 0x00140413, REG x8: 0x0000000080000821
PC: 0x00000000800005fc, INSTR: 0xfee40fa3, MEM 0x0000000080000820: 0x0000000000000072
PC: 0x0000000080000600, INSTR: 0xfef618e3
PC: 0x00000000800005f0, INSTR: 0x0007c703, REG x14: 0x000000000000006c, MEM 0x0000000080000739
PC: 0x00000000800005f4, INSTR: 0x00178793, REG x15: 0x000000008000073a
PC: 0x00000000800005f8, INSTR: 0x00140413, REG x8: 0x0000000080000822
PC: 0x00000000800005fc, INSTR: 0xfee40fa3, MEM 0x0000000080000821: 0x000000000000006c
PC: 0x0000000080000600, INSTR: 0xfef618e3
PC: 0x00000000800005f0, INSTR: 0x0007c703, REG x14: 0x0000000000000064, MEM 0x000000008000073a
PC: 0x00000000800005f4, INSTR: 0x00178793, REG x15: 0x000000008000073b
PC: 0x00000000800005f8, INSTR: 0x00140413, REG x8: 0x0000000080000823
PC: 0x00000000800005fc, INSTR: 0xfee40fa3, MEM 0x0000000080000822: 0x0000000000000064
PC: 0x0000000080000600, INSTR: 0xfef618e3
PC: 0x00000000800005f0, INSTR: 0x0007c703, REG x14: 0x0000000000000021, MEM 0x000000008000073b
PC: 0x00000000800005f4, INSTR: 0x00178793, REG x15: 0x000000008000073c
PC: 0x00000000800005f8, INSTR: 0x00140413, REG x8: 0x0000000080000824
PC: 0x00000000800005fc, INSTR: 0xfee40fa3, MEM 0x0000000080000823: 0x0000000000000021
PC: 0x0000000080000600, INSTR: 0xfef618e3
PC: 0x00000000800005f0, INSTR: 0x0007c703, REG x14: 0x000000000000000a, MEM 0x000000008000073c
PC: 0x00000000800005f4, INSTR: 0x00178793, REG x15: 0x000000008000073d
PC: 0x00000000800005f8, INSTR: 0x00140413, REG x8: 0x0000000080000825
PC: 0x00000000800005fc, INSTR: 0xfee40fa3, MEM 0x0000000080000824: 0x000000000000000a
PC: 0x0000000080000600, INSTR: 0xfef618e3
PC: 0x0000000080000604, INSTR: 0x001b8b9b, REG x23: 0x0000000000000001
PC: 0x0000000080000608, INSTR: 0x00db8bbb, REG x23: 0x000000000000000d
PC: 0x000000008000060c, INSTR: 0x017a0433, REG x8: 0x0000000080000825
PC: 0x0000000080000610, INSTR: 0x0029091b, REG x18: 0x0000000000000002
PC: 0x0000000080000614, INSTR: 0xc85ff06f
PC: 0x0000000080000298, INSTR: 0x012487b3, REG x15: 0x000000008000074a
PC: 0x000000008000029c, INSTR: 0x0007c303, REG x6: 0x0000000000000000, MEM 0x000000008000074a
PC: 0x00000000800002a0, INSTR: 0x04030063
PC: 0x00000000800002e0, INSTR: 0x00040693, REG x13: 0x0000000080000825
PC: 0x00000000800002e4, INSTR: 0x07013403, REG x8: 0x0000000000000000, MEM 0x0000000080008fa0
PC: 0x00000000800002e8, INSTR: 0x06813483, REG x9: 0x0000000000000000, MEM 0x0000000080008f98
PC: 0x00000000800002ec, INSTR: 0x06013903, REG x18: 0x0000000000000000, MEM 0x0000000080008f90
PC: 0x00000000800002f0, INSTR: 0x05813983, REG x19: 0x0000000000000000, MEM 0x0000000080008f88
PC: 0x00000000800002f4, INSTR: 0x04813a83, REG x21: 0x0000000000000000, MEM 0x0000000080008f78
PC: 0x00000000800002f8, INSTR: 0x04013b03, REG x22: 0x0000000000000000, MEM 0x0000000080008f70
PC: 0x00000000800002fc, INSTR: 0x03013c03, REG x24: 0x0000000000000000, MEM 0x0000000080008f60
PC: 0x0000000080000300, INSTR: 0x00068023, MEM 0x0000000080000825: 0x0000000000000000
PC: 0x0000000080000304, INSTR: 0x07813083, REG x1: 0x000000008000004c, MEM 0x0000000080008fa8
PC: 0x0000000080000308, INSTR: 0x05013a03, REG x20: 0x0000000000000000, MEM 0x0000000080008f80
PC: 0x000000008000030c, INSTR: 0x000b8513, REG x10: 0x000000000000000d
PC: 0x0000000080000310, INSTR: 0x03813b83, REG x23: 0x0000000000000000, MEM 0x0000000080008f68
PC: 0x0000000080000314, INSTR: 0x0b010113, REG x2: 0x0000000080008fe0
PC: 0x0000000080000318, INSTR: 0x00008067
PC: 0x000000008000004c, INSTR: 0x00000597, REG x11: 0x000000008000004c
PC: 0x0000000080000050, INSTR: 0x6e458593, REG x11: 0x0000000080000730
PC: 0x0000000080000054, INSTR: 0x00000517, REG x10: 0x0000000080000054
PC: 0x0000000080000058, INSTR: 0x7c450513, REG x10: 0x0000000080000818
PC: 0x000000008000005c, INSTR: 0x0c0000ef, REG x1: 0x0000000080000060
PC: 0x000000008000011c, INSTR: 0x00054783, REG x15: 0x0000000000000048, MEM 0x0000000080000818
PC: 0x0000000080000120, INSTR: 0x00079a63
PC: 0x0000000080000134, INSTR: 0x0005c703, REG x14: 0x0000000000000048, MEM 0x0000000080000730
PC: 0x0000000080000138, INSTR: 0x00150513, REG x10: 0x0000000080000819
PC: 0x000000008000013c, INSTR: 0x00158693, REG x13: 0x0000000080000731
PC: 0x0000000080000140, INSTR: 0xfef704e3
PC: 0x0000000080000128, INSTR: 0x00054783, REG x15: 0x0000000000000065, MEM 0x0000000080000819
PC: 0x000000008000012c, INSTR: 0x02078263
PC: 0x0000000080000130, INSTR: 0x00068593, REG x11: 0x0000000080000731
PC: 0x0000000080000134, INSTR: 0x0005c703, REG x14: 0x0000000000000065, MEM 0x0000000080000731
PC: 0x0000000080000138, INSTR: 0x00150513, REG x10: 0x000000008000081a
PC: 0x000000008000013c, INSTR: 0x00158693, REG x13: 0x0000000080000732
PC: 0x0000000080000140, INSTR: 0xfef704e3
PC: 0x0000000080000128, INSTR: 0x00054783, REG x15: 0x000000000000006c, MEM 0x000000008000081a
PC: 0x000000008000012c, INSTR: 0x02078263
PC: 0x0000000080000130, INSTR: 0x00068593, REG x11: 0x0000000080000732
PC: 0x0000000080000134, INSTR: 0x0005c703, REG x14: 0x000000000000006c, MEM 0x0000000080000732
PC: 0x0000000080000138, INSTR: 0x00150513, REG x10: 0x000000008000081b
PC: 0x000000008000013c, INSTR: 0x00158693, REG x13: 0x0000000080000733
PC: 0x0000000080000140, INSTR: 0xfef704e3
PC: 0x0000000080000128, INSTR: 0x00054783, REG x15: 0x000000000000006c, MEM 0x000000008000081b
PC: 0x000000008000012c, INSTR: 0x02078263
PC: 0x0000000080000130, INSTR: 0x00068593, REG x11: 0x0000000080000733
PC: 0x0000000080000134, INSTR: 0x0005c703, REG x14: 0x000000000000006c, MEM 0x0000000080000733
PC: 0x0000000080000138, INSTR: 0x00150513, REG x10: 0x000000008000081c
PC: 0x000000008000013c, INSTR: 0x00158693, REG x13: 0x0000000080000734
PC: 0x0000000080000140, INSTR: 0xfef704e3
PC: 0x0000000080000128, INSTR: 0x00054783, REG x15: 0x000000000000006f, MEM 0x000000008000081c
PC: 0x000000008000012c, INSTR: 0x02078263
PC: 0x0000000080000130, INSTR: 0x00068593, REG x11: 0x0000000080000734
PC: 0x0000000080000134, INSTR: 0x0005c703, REG x14: 0x000000000000006f, MEM 0x0000000080000734
PC: 0x0000000080000138, INSTR: 0x00150513, REG x10: 0x000000008000081d
PC: 0x000000008000013c, INSTR: 0x00158693, REG x13: 0x0000000080000735
PC: 0x0000000080000140, INSTR: 0xfef704e3
PC: 0x0000000080000128, INSTR: 0x00054783, REG x15: 0x0000000000000020, MEM 0x000000008000081d
PC: 0x000000008000012c, INSTR: 0x02078263
PC: 0x0000000080000130, INSTR: 0x00068593, REG x11: 0x0000000080000735
PC: 0x0000000080000134, INSTR: 0x0005c703, REG x14: 0x0000000000000020, MEM 0x0000000080000735
PC: 0x0000000080000138, INSTR: 0x00150513, REG x10: 0x000000008000081e
PC: 0x000000008000013c, INSTR: 0x00158693, REG x13: 0x0000000080000736
PC: 0x0000000080000140, INSTR: 0xfef704e3
PC: 0x0000000080000128, INSTR: 0x00054783, REG x15: 0x0000000000000077, MEM 0x000000008000081e
PC: 0x000000008000012c, INSTR: 0x02078263
PC: 0x0000000080000130, INSTR: 0x00068593, REG x11: 0x0000000080000736
PC: 0x0000000080000134, INSTR: 0x0005c703, REG x14: 0x0000000000000077, MEM 0x0000000080000736
PC: 0x0000000080000138, INSTR: 0x00150513, REG x10: 0x000000008000081f
PC: 0x000000008000013c, INSTR: 0x00158693, REG x13: 0x0000000080000737
PC: 0x0000000080000140, INSTR: 0xfef704e3
PC: 0x0000000080000128, INSTR: 0x00054783, REG x15: 0x000000000000006f, MEM 0x000000008000081f
PC: 0x000000008000012c, INSTR: 0x02078263
PC: 0x0000000080000130, INSTR: 0x00068593, REG x11: 0x0000000080000737
PC: 0x0000000080000134, INSTR: 0x0005c703, REG x14: 0x000000000000006f, MEM 0x0000000080000737
PC: 0x0000000080000138, INSTR: 0x00150513, REG x10: 0x0000000080000820
PC: 0x000000008000013c, INSTR: 0x00158693, REG x13: 0x0000000080000738
PC: 0x0000000080000140, INSTR: 0xfef704e3
PC: 0x0000000080000128, INSTR: 0x00054783, REG x15: 0x0000000000000072, MEM 0x0000000080000820
PC: 0x000000008000012c, INSTR: 0x02078263
PC: 0x0000000080000130, INSTR: 0x00068593, REG x11: 0x0000000080000738
PC: 0x0000000080000134, INSTR: 0x0005c703, REG x14: 0x0000000000000072, MEM 0x0000000080000738
PC: 0x0000000080000138, INSTR: 0x00150513, REG x10: 0x0000000080000821
PC: 0x000000008000013c, INSTR: 0x00158693, REG x13: 0x0000000080000739
PC: 0x0000000080000140, INSTR: 0xfef704e3
PC: 0x0000000080000128, INSTR: 0x00054783, REG x15: 0x000000000000006c, MEM 0x0000000080000821
PC: 0x000000008000012c, INSTR: 0x02078263
PC: 0x0000000080000130, INSTR: 0x00068593, REG x11: 0x0000000080000739
PC: 0x0000000080000134, INSTR: 0x0005c703, REG x14: 0x000000000000006c, MEM 0x0000000080000739
PC: 0x0000000080000138, INSTR: 0x00150513, REG x10: 0x0000000080000822
PC: 0x000000008000013c, INSTR: 0x00158693, REG x13: 0x000000008000073a
PC: 0x0000000080000140, INSTR: 0xfef704e3
PC: 0x0000000080000128, INSTR: 0x00054783, REG x15: 0x0000000000000064, MEM 0x0000000080000822
PC: 0x000000008000012c, INSTR: 0x02078263
PC: 0x0000000080000130, INSTR: 0x00068593, REG x11: 0x000000008000073a
PC: 0x0000000080000134, INSTR: 0x0005c703, REG x14: 0x0000000000000064, MEM 0x000000008000073a
PC: 0x0000000080000138, INSTR: 0x00150513, REG x10: 0x0000000080000823
PC: 0x000000008000013c, INSTR: 0x00158693, REG x13: 0x000000008000073b
PC: 0x0000000080000140, INSTR: 0xfef704e3
PC: 0x0000000080000128, INSTR: 0x00054783, REG x15: 0x0000000000000021, MEM 0x0000000080000823
PC: 0x000000008000012c, INSTR: 0x02078263
PC: 0x0000000080000130, INSTR: 0x00068593, REG x11: 0x000000008000073b
PC: 0x0000000080000134, INSTR: 0x0005c703, REG x14: 0x0000000000000021, MEM 0x000000008000073b
PC: 0x0000000080000138, INSTR: 0x00150513, REG x10: 0x0000000080000824
PC: 0x000000008000013c, INSTR: 0x00158693, REG x13: 0x000000008000073c
PC: 0x0000000080000140, INSTR: 0xfef704e3
PC: 0x0000000080000128, INSTR: 0x00054783, REG x15: 0x000000000000000a, MEM 0x0000000080000824
PC: 0x000000008000012c, INSTR: 0x02078263
PC: 0x0000000080000130, INSTR: 0x00068593, REG x11: 0x000000008000073c
PC: 0x0000000080000134, INSTR: 0x0005c703, REG x14: 0x000000000000000a, MEM 0x000000008000073c
PC: 0x0000000080000138, INSTR: 0x00150513, REG x10: 0x0000000080000825
PC: 0x000000008000013c, INSTR: 0x00158693, REG x13: 0x000000008000073d
PC: 0x0000000080000140, INSTR: 0xfef704e3
PC: 0x0000000080000128, INSTR: 0x00054783, REG x15: 0x0000000000000000, MEM 0x0000000080000825
PC: 0x000000008000012c, INSTR: 0x02078263
PC: 0x0000000080000150, INSTR: 0x0015c703, REG x14: 0x0000000000000000, MEM 0x000000008000073d
PC: 0x0000000080000154, INSTR: 0x00000513, REG x10: 0x0000000000000000
PC: 0x0000000080000158, INSTR: 0x40e5053b, REG x10: 0x0000000000000000
PC: 0x000000008000015c, INSTR: 0x00008067
PC: 0x0000000080000060, INSTR: 0x00153513, REG x10: 0x0000000000000001
PC: 0x0000000080000064, INSTR: 0xfadff0ef, REG x1: 0x0000000080000068
PC: 0x0000000080000010, INSTR: 0x00050463
PC: 0x0000000080000014, INSTR: 0x00008067
PC: 0x0000000080000068, INSTR: 0x00200713, REG x14: 0x0000000000000002
PC: 0x000000008000006c, INSTR: 0x00100693, REG x13: 0x0000000000000001
PC: 0x0000000080000070, INSTR: 0x00100613, REG x12: 0x0000000000000001
PC: 0x0000000080000074, INSTR: 0x00000597, REG x11: 0x0000000080000074
PC: 0x0000000080000078, INSTR: 0x6dc58593, REG x11: 0x0000000080000750
PC: 0x000000008000007c, INSTR: 0x00000517, REG x10: 0x000000008000007c
PC: 0x0000000080000080, INSTR: 0x79c50513, REG x10: 0x0000000080000818
PC: 0x0000000080000084, INSTR: 0x188000ef, REG x1: 0x0000000080000088
PC: 0x000000008000020c, INSTR: 0xf5010113, REG x2: 0x0000000080008f30
PC: 0x0000000080000210, INSTR: 0x05413823, MEM 0x0000000080008f80: 0x0000000000000000
PC: 0x0000000080000214, INSTR: 0x06113c23, MEM 0x0000000080008fa8: 0x0000000080000088
PC: 0x0000000080000218, INSTR: 0x03713c23, MEM 0x0000000080008f68: 0x0000000000000000
PC: 0x000000008000021c, INSTR: 0x0005c303, REG x6: 0x0000000000000025, MEM 0x0000000080000750
PC: 0x0000000080000220, INSTR: 0x08f13c23, MEM 0x0000000080008fc8: 0x0000000000000000
PC: 0x0000000080000224, INSTR: 0x08010793, REG x15: 0x0000000080008fb0
PC: 0x0000000080000228, INSTR: 0x08c13023, MEM 0x0000000080008fb0: 0x0000000000000001
PC: 0x000000008000022c, INSTR: 0x08d13423, MEM 0x0000000080008fb8: 0x0000000000000001
PC: 0x0000000080000230, INSTR: 0x08e13823, MEM 0x0000000080008fc0: 0x0000000000000002
PC: 0x0000000080000234, INSTR: 0x0b013023, MEM 0x0000000080008fd0: 0x0000000000000000
PC: 0x0000000080000238, INSTR: 0x0b113423, MEM 0x0000000080008fd8: 0x0000000000000000
PC: 0x000000008000023c, INSTR: 0x00f13423, MEM 0x0000000080008f38: 0x0000000080008fb0
PC: 0x0000000080000240, INSTR: 0x00050a13, REG x20: 0x0000000080000818
PC: 0x0000000080000244, INSTR: 0x4c030e63
PC: 0x0000000080000248, INSTR: 0x06813823, MEM 0x0000000080008fa0: 0x0000000000000000
PC: 0x000000008000024c, INSTR: 0x06913423, MEM 0x0000000080008f98: 0x0000000000000000
PC: 0x0000000080000250, INSTR: 0x07213023, MEM 0x0000000080008f90: 0x0000000000000000
PC: 0x0000000080000254, INSTR: 0x05313c23, MEM 0x0000000080008f88: 0x0000000000000000
PC: 0x0000000080000258, INSTR: 0x05513423, MEM 0x0000000080008f78: 0x0000000000000000
PC: 0x000000008000025c, INSTR: 0x05613023, MEM 0x0000000080008f70: 0x0000000000000000
PC: 0x0000000080000260, INSTR: 0x03813823, MEM 0x0000000080008f60: 0x0000000000000000
PC: 0x0000000080000264, INSTR: 0x00058493, REG x9: 0x0000000080000750
PC: 0x0000000080000268, INSTR: 0x00000913, REG x18: 0x0000000000000000
PC: 0x000000008000026c, INSTR: 0x00000b93, REG x23: 0x0000000000000000
PC: 0x0000000080000270, INSTR: 0x00050413, REG x8: 0x0000000080000818
PC: 0x0000000080000274, INSTR: 0x02500993, REG x19: 0x0000000000000025
PC: 0x0000000080000278, INSTR: 0x02000b13, REG x22: 0x0000000000000020
PC: 0x000000008000027c, INSTR: 0x00000a97, REG x21: 0x000000008000027c
PC: 0x0000000080000280, INSTR: 0x50ca8a93, REG x21: 0x0000000080000788
PC: 0x0000000080000284, INSTR: 0x0200006f
PC: 0x00000000800002a4, INSTR: 0x0019079b, REG x15: 0x0000000000000001
PC: 0x00000000800002a8, INSTR: 0x00040693, REG x13: 0x0000000080000818
PC: 0x00000000800002ac, INSTR: 0xfd331ee3
PC: 0x00000000800002b0, INSTR: 0x00f48733, REG x14: 0x0000000080000751
PC: 0x00000000800002b4, INSTR: 0x00074783, REG x15: 0x0000000000000064, MEM 0x0000000080000751
PC: 0x00000000800002b8, INSTR: 0x02078663
PC: 0x00000000800002bc, INSTR: 0x35378e63
PC: 0x00000000800002c0, INSTR: 0xfa87879b, REG x15: 0x000000000000000c
PC: 0x00000000800002c4, INSTR: 0x0ff7f793, REG x15: 0x000000000000000c
PC: 0x00000000800002c8, INSTR: 0x04fb6a63
PC: 0x00000000800002cc, INSTR: 0x00279793, REG x15: 0x0000000000000030
PC: 0x00000000800002d0, INSTR: 0x015787b3, REG x15: 0x00000000800007b8
PC: 0x00000000800002d4, INSTR: 0x0007a783, REG x15: 0xfffffffffffffbbc, MEM 0x00000000800007b8
PC: 0x00000000800002d8, INSTR: 0x015787b3, REG x15: 0x0000000080000344
PC: 0x00000000800002dc, INSTR: 0x00078067
PC: 0x0000000080000344, INSTR: 0x00813703, REG x14: 0x0000000080008fb0, MEM 0x0000000080008f38
PC: 0x0000000080000348, INSTR: 0x00072783, REG x15: 0x0000000000000001, MEM 0x0000000080008fb0
PC: 0x000000008000034c, INSTR: 0x00870713, REG x14: 0x0000000080008fb8
PC: 0x0000000080000350, INSTR: 0x00e13423, MEM 0x0000000080008f38: 0x0000000080008fb8
PC: 0x0000000080000354, INSTR: 0x36078863
PC: 0x0000000080000358, INSTR: 0x00000893, REG x17: 0x0000000000000000
PC: 0x000000008000035c, INSTR: 0x3407ce63
PC: 0x0000000080000360, INSTR: 0x01010c13, REG x24: 0x0000000080008f40
PC: 0x0000000080000364, INSTR: 0x000c0693, REG x13: 0x0000000080008f40
PC: 0x0000000080000368, INSTR: 0x000c0613, REG x12: 0x0000000080008f40
PC: 0x000000008000036c, INSTR: 0x00000593, REG x11: 0x0000000000000000
PC: 0x0000000080000370, INSTR: 0x00a00813, REG x16: 0x000000000000000a
PC: 0x0000000080000374, INSTR: 0x0307e73b, REG x14: 0x0000000000000001
PC: 0x0000000080000378, INSTR: 0x00160613, REG x12: 0x0000000080008f41
PC: 0x000000008000037c, INSTR: 0x00058513, REG x10: 0x0000000000000000
PC: 0x0000000080000380, INSTR: 0x0015859b, REG x11: 0x0000000000000001
PC: 0x0000000080000384, INSTR: 0x0307c7bb, REG x15: 0x0000000000000000
PC: 0x0000000080000388, INSTR: 0x0307071b, REG x14: 0x0000000000000031
PC: 0x000000008000038c, INSTR: 0xfee60fa3, MEM 0x0000000080008f40: 0x0000000000000031
PC: 0x0000000080000390, INSTR: 0xfe0792e3
PC: 0x0000000080000394, INSTR: 0x00bc0733, REG x14: 0x0000000080008f41
PC: 0x0000000080000398, INSTR: 0x30088a63
PC: 0x00000000800006ac, INSTR: 0x00070023, MEM 0x0000000080008f41: 0x0000000000000000
PC: 0x00000000800006b0, INSTR: 0xd00516e3
PC: 0x00000000800006b4, INSTR: 0xd31ff06f
PC: 0x00000000800003e4, INSTR: 0x000c0793, REG x15: 0x0000000080008f40
PC: 0x00000000800003e8, INSTR: 0x018586b3, REG x13: 0x0000000080008f41
PC: 0x00000000800003ec, INSTR: 0x0007c703, REG x14: 0x0000000000000031, MEM 0x0000000080008f40
PC: 0x00000000800003f0, INSTR: 0x00178793, REG x15: 0x0000000080008f41
PC: 0x00000000800003f4, INSTR: 0x00140413, REG x8: 0x0000000080000819
PC: 0x00000000800003f8, INSTR: 0xfee40fa3, MEM 0x0000000080000818: 0x0000000000000031
PC: 0x00000000800003fc, INSTR: 0xfef698e3
PC: 0x0000000080000400, INSTR: 0x00bb8bbb, REG x23: 0x0000000000000001
PC: 0x0000000080000404, INSTR: 0x017a0433, REG x8: 0x0000000080000819
PC: 0x0000000080000408, INSTR: 0x0029091b, REG x18: 0x0000000000000002
PC: 0x000000008000040c, INSTR: 0xe8dff06f
PC: 0x0000000080000298, INSTR: 0x012487b3, REG x15: 0x0000000080000752
PC: 0x000000008000029c, INSTR: 0x0007c303, REG x6: 0x0000000000000020, MEM 0x0000000080000752
PC: 0x00000000800002a0, INSTR: 0x04030063
PC: 0x00000000800002a4, INSTR: 0x0019079b, REG x15: 0x0000000000000003
PC: 0x00000000800002a8, INSTR: 0x00040693, REG x13: 0x0000000080000819
PC: 0x00000000800002ac, INSTR: 0xfd331ee3
PC: 0x0000000080000288, INSTR: 0x001b8b9b, REG x23: 0x0000000000000002
PC: 0x000000008000028c, INSTR: 0x00640023, MEM 0x0000000080000819: 0x0000000000000020
PC: 0x0000000080000290, INSTR: 0x00078913, REG x18: 0x0000000000000003
PC: 0x0000000080000294, INSTR: 0x017a0433, REG x8: 0x000000008000081a
PC: 0x0000000080000298, INSTR: 0x012487b3, REG x15: 0x0000000080000753
PC: 0x000000008000029c, INSTR: 0x0007c303, REG x6: 0x000000000000002b, MEM 0x0000000080000753
PC: 0x00000000800002a0, INSTR: 0x04030063
PC: 0x00000000800002a4, INSTR: 0x0019079b, REG x15: 0x0000000000000004
PC: 0x00000000800002a8, INSTR: 0x00040693, REG x13: 0x000000008000081a
PC: 0x00000000800002ac, INSTR: 0xfd331ee3
PC: 0x0000000080000288, INSTR: 0x001b8b9b, REG x23: 0x0000000000000003
PC: 0x000000008000028c, INSTR: 0x00640023, MEM 0x000000008000081a: 0x000000000000002b
PC: 0x0000000080000290, INSTR: 0x00078913, REG x18: 0x0000000000000004
PC: 0x0000000080000294, INSTR: 0x017a0433, REG x8: 0x000000008000081b
PC: 0x0000000080000298, INSTR: 0x012487b3, REG x15: 0x0000000080000754
PC: 0x000000008000029c, INSTR: 0x0007c303, REG x6: 0x0000000000000020, MEM 0x0000000080000754
PC: 0x00000000800002a0, INSTR: 0x04030063
PC: 0x00000000800002a4, INSTR: 0x0019079b, REG x15: 0x0000000000000005
PC: 0x00000000800002a8, INSTR: 0x00040693, REG x13: 0x000000008000081b
PC: 0x00000000800002ac, INSTR: 0xfd331ee3
PC: 0x0000000080000288, INSTR: 0x001b8b9b, REG x23: 0x0000000000000004
PC: 0x000000008000028c, INSTR: 0x00640023, MEM 0x000000008000081b: 0x0000000000000020
PC: 0x0000000080000290, INSTR: 0x00078913, REG x18: 0x0000000000000005
PC: 0x0000000080000294, INSTR: 0x017a0433, REG x8: 0x000000008000081c
PC: 0x0000000080000298, INSTR: 0x012487b3, REG x15: 0x0000000080000755
PC: 0x000000008000029c, INSTR: 0x0007c303, REG x6: 0x0000000000000025, MEM 0x0000000080000755
PC: 0x00000000800002a0, INSTR: 0x04030063
PC: 0x00000000800002a4, INSTR: 0x0019079b, REG x15: 0x0000000000000006
PC: 0x00000000800002a8, INSTR: 0x00040693, REG x13: 0x000000008000081c
PC: 0x00000000800002ac, INSTR: 0xfd331ee3
PC: 0x00000000800002b0, INSTR: 0x00f48733, REG x14: 0x0000000080000756
PC: 0x00000000800002b4, INSTR: 0x00074783, REG x15: 0x0000000000000064, MEM 0x0000000080000756
PC: 0x00000000800002b8, INSTR: 0x02078663
PC: 0x00000000800002bc, INSTR: 0x35378e63
PC: 0x00000000800002c0, INSTR: 0xfa87879b, REG x15: 0x000000000000000c
PC: 0x00000000800002c4, INSTR: 0x0ff7f793, REG x15: 0x000000000000000c
PC: 0x00000000800002c8, INSTR: 0x04fb6a63
PC: 0x00000000800002cc, INSTR: 0x00279793, REG x15: 0x0000000000000030
PC: 0x00000000800002d0, INSTR: 0x015787b3, REG x15: 0x00000000800007b8
PC: 0x00000000800002d4, INSTR: 0x0007a783, REG x15: 0xfffffffffffffbbc, MEM 0x00000000800007b8
PC: 0x00000000800002d8, INSTR: 0x015787b3, REG x15: 0x0000000080000344
PC: 0x00000000800002dc, INSTR: 0x00078067
PC: 0x0000000080000344, INSTR: 0x00813703, REG x14: 0x0000000080008fb8, MEM 0x0000000080008f38
PC: 0x0000000080000348, INSTR: 0x00072783, REG x15: 0x0000000000000001, MEM 0x0000000080008fb8
PC: 0x000000008000034c, INSTR: 0x00870713, REG x14: 0x0000000080008fc0
PC: 0x0000000080000350, INSTR: 0x00e13423, MEM 0x0000000080008f38: 0x0000000080008fc0
PC: 0x0000000080000354, INSTR: 0x36078863
PC: 0x0000000080000358, INSTR: 0x00000893, REG x17: 0x0000000000000000
PC: 0x000000008000035c, INSTR: 0x3407ce63
PC: 0x0000000080000360, INSTR: 0x01010c13, REG x24: 0x0000000080008f40
PC: 0x0000000080000364, INSTR: 0x000c0693, REG x13: 0x0000000080008f40
PC: 0x0000000080000368, INSTR: 0x000c0613, REG x12: 0x0000000080008f40
PC: 0x000000008000036c, INSTR: 0x00000593, REG x11: 0x0000000000000000
PC: 0x0000000080000370, INSTR: 0x00a00813, REG x16: 0x000000000000000a
PC: 0x0000000080000374, INSTR: 0x0307e73b, REG x14: 0x0000000000000001
PC: 0x0000000080000378, INSTR: 0x00160613, REG x12: 0x0000000080008f41
PC: 0x000000008000037c, INSTR: 0x00058513, REG x10: 0x0000000000000000
PC: 0x0000000080000380, INSTR: 0x0015859b, REG x11: 0x0000000000000001
PC: 0x0000000080000384, INSTR: 0x0307c7bb, REG x15: 0x0000000000000000
PC: 0x0000000080000388, INSTR: 0x0307071b, REG x14: 0x0000000000000031
PC: 0x000000008000038c, INSTR: 0xfee60fa3, MEM 0x0000000080008f40: 0x0000000000000031
PC: 0x0000000080000390, INSTR: 0xfe0792e3
PC: 0x0000000080000394, INSTR: 0x00bc0733, REG x14: 0x0000000080008f41
PC: 0x0000000080000398, INSTR: 0x30088a63
PC: 0x00000000800006ac, INSTR: 0x00070023, MEM 0x0000000080008f41: 0x0000000000000000
PC: 0x00000000800006b0, INSTR: 0xd00516e3
PC: 0x00000000800006b4, INSTR: 0xd31ff06f
PC: 0x00000000800003e4, INSTR: 0x000c0793, REG x15: 0x0000000080008f40
PC: 0x00000000800003e8, INSTR: 0x018586b3, REG x13: 0x0000000080008f41
PC: 0x00000000800003ec, INSTR: 0x0007c703, REG x14: 0x0000000000000031, MEM 0x0000000080008f40
PC: 0x00000000800003f0, INSTR: 0x00178793, REG x15: 0x0000000080008f41
PC: 0x00000000800003f4, INSTR: 0x00140413, REG x8: 0x000000008000081d
PC: 0x00000000800003f8, INSTR: 0xfee40fa3, MEM 0x000000008000081c: 0x0000000000000031
PC: 0x00000000800003fc, INSTR: 0xfef698e3
PC: 0x0000000080000400, INSTR: 0x00bb8bbb, REG x23: 0x0000000000000005
PC: 0x0000000080000404, INSTR: 0x017a0433, REG x8: 0x000000008000081d
PC: 0x0000000080000408, INSTR: 0x0029091b, REG x18: 0x0000000000000007
PC: 0x000000008000040c, INSTR: 0xe8dff06f
PC: 0x0000000080000298, INSTR: 0x012487b3, REG x15: 0x0000000080000757
PC: 0x000000008000029c, INSTR: 0x0007c303, REG x6: 0x0000000000000020, MEM 0x0000000080000757
PC: 0x00000000800002a0, INSTR: 0x04030063
PC: 0x00000000800002a4, INSTR: 0x0019079b, REG x15: 0x0000000000000008
PC: 0x00000000800002a8, INSTR: 0x00040693, REG x13: 0x000000008000081d
PC: 0x00000000800002ac, INSTR: 0xfd331ee3
PC: 0x0000000080000288, INSTR: 0x001b8b9b, REG x23: 0x0000000000000006
PC: 0x000000008000028c, INSTR: 0x00640023, MEM 0x000000008000081d: 0x0000000000000020
PC: 0x0000000080000290, INSTR: 0x00078913, REG x18: 0x0000000000000008
PC: 0x0000000080000294, INSTR: 0x017a0433, REG x8: 0x000000008000081e
PC: 0x0000000080000298, INSTR: 0x012487b3, REG x15: 0x0000000080000758
PC: 0x000000008000029c, INSTR: 0x0007c303, REG x6: 0x000000000000003d, MEM 0x0000000080000758
PC: 0x00000000800002a0, INSTR: 0x04030063
PC: 0x00000000800002a4, INSTR: 0x0019079b, REG x15: 0x0000000000000009
PC: 0x00000000800002a8, INSTR: 0x00040693, REG x13: 0x000000008000081e
PC: 0x00000000800002ac, INSTR: 0xfd331ee3
PC: 0x0000000080000288, INSTR: 0x001b8b9b, REG x23: 0x0000000000000007
PC: 0x000000008000028c, INSTR: 0x00640023, MEM 0x000000008000081e: 0x000000000000003d
PC: 0x0000000080000290, INSTR: 0x00078913, REG x18: 0x0000000000000009
PC: 0x0000000080000294, INSTR: 0x017a0433, REG x8: 0x000000008000081f
PC: 0x0000000080000298, INSTR: 0x012487b3, REG x15: 0x0000000080000759
PC: 0x000000008000029c, INSTR: 0x0007c303, REG x6: 0x0000000000000020, MEM 0x0000000080000759
PC: 0x00000000800002a0, INSTR: 0x04030063
PC: 0x00000000800002a4, INSTR: 0x0019079b, REG x15: 0x000000000000000a
PC: 0x00000000800002a8, INSTR: 0x00040693, REG x13: 0x000000008000081f
PC: 0x00000000800002ac, INSTR: 0xfd331ee3
PC: 0x0000000080000288, INSTR: 0x001b8b9b, REG x23: 0x0000000000000008
PC: 0x000000008000028c, INSTR: 0x00640023, MEM 0x000000008000081f: 0x0000000000000020
PC: 0x0000000080000290, INSTR: 0x00078913, REG x18: 0x000000000000000a
PC: 0x0000000080000294, INSTR: 0x017a0433, REG x8: 0x0000000080000820
PC: 0x0000000080000298, INSTR: 0x012487b3, REG x15: 0x000000008000075a
PC: 0x000000008000029c, INSTR: 0x0007c303, REG x6: 0x0000000000000025, MEM 0x000000008000075a
PC: 0x00000000800002a0, INSTR: 0x04030063
PC: 0x00000000800002a4, INSTR: 0x0019079b, REG x15: 0x000000000000000b
PC: 0x00000000800002a8, INSTR: 0x00040693, REG x13: 0x0000000080000820
PC: 0x00000000800002ac, INSTR: 0xfd331ee3
PC: 0x00000000800002b0, INSTR: 0x00f48733, REG x14: 0x000000008000075b
PC: 0x00000000800002b4, INSTR: 0x00074783, REG x15: 0x0000000000000064, MEM 0x000000008000075b
PC: 0x00000000800002b8, INSTR: 0x02078663
PC: 0x00000000800002bc, INSTR: 0x35378e63
PC: 0x00000000800002c0, INSTR: 0xfa87879b, REG x15: 0x000000000000000c
PC: 0x00000000800002c4, INSTR: 0x0ff7f793, REG x15: 0x000000000000000c
PC: 0x00000000800002c8, INSTR: 0x04fb6a63
PC: 0x00000000800002cc, INSTR: 0x00279793, REG x15: 0x0000000000000030
PC: 0x00000000800002d0, INSTR: 0x015787b3, REG x15: 0x00000000800007b8
PC: 0x00000000800002d4, INSTR: 0x0007a783, REG x15: 0xfffffffffffffbbc, MEM 0x00000000800007b8
PC: 0x00000000800002d8, INSTR: 0x015787b3, REG x15: 0x0000000080000344
PC: 0x00000000800002dc, INSTR: 0x00078067
PC: 0x0000000080000344, INSTR: 0x00813703, REG x14: 0x0000000080008fc0, MEM 0x0000000080008f38
PC: 0x0000000080000348, INSTR: 0x00072783, REG x15: 0x0000000000000002, MEM 0x0000000080008fc0
PC: 0x000000008000034c, INSTR: 0x00870713, REG x14: 0x0000000080008fc8
PC: 0x0000000080000350, INSTR: 0x00e13423, MEM 0x0000000080008f38: 0x0000000080008fc8
PC: 0x0000000080000354, INSTR: 0x36078863
PC: 0x0000000080000358, INSTR: 0x00000893, REG x17: 0x0000000000000000
PC: 0x000000008000035c, INSTR: 0x3407ce63
PC: 0x0000000080000360, INSTR: 0x01010c13, REG x24: 0x0000000080008f40
PC: 0x0000000080000364, INSTR: 0x000c0693, REG x13: 0x0000000080008f40
PC: 0x0000000080000368, INSTR: 0x000c0613, REG x12: 0x0000000080008f40
PC: 0x000000008000036c, INSTR: 0x00000593, REG x11: 0x0000000000000000
PC: 0x0000000080000370, INSTR: 0x00a00813, REG x16: 0x000000000000000a
PC: 0x0000000080000374, INSTR: 0x0307e73b, REG x14: 0x0000000000000002
PC: 0x0000000080000378, INSTR: 0x00160613, REG x12: 0x0000000080008f41
PC: 0x000000008000037c, INSTR: 0x00058513, REG x10: 0x0000000000000000
PC: 0x0000000080000380, INSTR: 0x0015859b, REG x11: 0x0000000000000001
PC: 0x0000000080000384, INSTR: 0x0307c7bb, REG x15: 0x0000000000000000
PC: 0x0000000080000388, INSTR: 0x0307071b, REG x14: 0x0000000000000032
PC: 0x000000008000038c, INSTR: 0xfee60fa3, MEM 0x0000000080008f40: 0x0000000000000032
PC: 0x0000000080000390, INSTR: 0xfe0792e3
PC: 0x0000000080000394, INSTR: 0x00bc0733, REG x14: 0x0000000080008f41
PC: 0x0000000080000398, INSTR: 0x30088a63
PC: 0x00000000800006ac, INSTR: 0x00070023, MEM 0x0000000080008f41: 0x0000000000000000
PC: 0x00000000800006b0, INSTR: 0xd00516e3
PC: 0x00000000800006b4, INSTR: 0xd31ff06f
PC: 0x00000000800003e4, INSTR: 0x000c0793, REG x15: 0x0000000080008f40
PC: 0x00000000800003e8, INSTR: 0x018586b3, REG x13: 0x0000000080008f41
PC: 0x00000000800003ec, INSTR: 0x0007c703, REG x14: 0x0000000000000032, MEM 0x0000000080008f40
PC: 0x00000000800003f0, INSTR: 0x00178793, REG x15: 0x0000000080008f41
PC: 0x00000000800003f4, INSTR: 0x00140413, REG x8: 0x0000000080000821
PC: 0x00000000800003f8, INSTR: 0xfee40fa3, MEM 0x0000000080000820: 0x0000000000000032
PC: 0x00000000800003fc, INSTR: 0xfef698e3
PC: 0x0000000080000400, INSTR: 0x00bb8bbb, REG x23: 0x0000000000000009
PC: 0x0000000080000404, INSTR: 0x017a0433, REG x8: 0x0000000080000821
PC: 0x0000000080000408, INSTR: 0x0029091b, REG x18: 0x000000000000000c
PC: 0x000000008000040c, INSTR: 0xe8dff06f
PC: 0x0000000080000298, INSTR: 0x012487b3, REG x15: 0x000000008000075c
PC: 0x000000008000029c, INSTR: 0x0007c303, REG x6: 0x000000000000000a, MEM 0x000000008000075c
PC: 0x00000000800002a0, INSTR: 0x04030063
PC: 0x00000000800002a4, INSTR: 0x0019079b, REG x15: 0x000000000000000d
PC: 0x00000000800002a8, INSTR: 0x00040693, REG x13: 0x0000000080000821
PC: 0x00000000800002ac, INSTR: 0xfd331ee3
PC: 0x0000000080000288, INSTR: 0x001b8b9b, REG x23: 0x000000000000000a
PC: 0x000000008000028c, INSTR: 0x00640023, MEM 0x0000000080000821: 0x000000000000000a
PC: 0x0000000080000290, INSTR: 0x00078913, REG x18: 0x000000000000000d
PC: 0x0000000080000294, INSTR: 0x017a0433, REG x8: 0x0000000080000822
PC: 0x0000000080000298, INSTR: 0x012487b3, REG x15: 0x000000008000075d
PC: 0x000000008000029c, INSTR: 0x0007c303, REG x6: 0x0000000000000000, MEM 0x000000008000075d
PC: 0x00000000800002a0, INSTR: 0x04030063
PC: 0x00000000800002e0, INSTR: 0x00040693, REG x13: 0x0000000080000822
PC: 0x00000000800002e4, INSTR: 0x07013403, REG x8: 0x0000000000000000, MEM 0x0000000080008fa0
PC: 0x00000000800002e8, INSTR: 0x06813483, REG x9: 0x0000000000000000, MEM 0x0000000080008f98
PC: 0x00000000800002ec, INSTR: 0x06013903, REG x18: 0x0000000000000000, MEM 0x0000000080008f90
PC: 0x00000000800002f0, INSTR: 0x05813983, REG x19: 0x0000000000000000, MEM 0x0000000080008f88
PC: 0x00000000800002f4, INSTR: 0x04813a83, REG x21: 0x0000000000000000, MEM 0x0000000080008f78
PC: 0x00000000800002f8, INSTR: 0x04013b03, REG x22: 0x0000000000000000, MEM 0x0000000080008f70
PC: 0x00000000800002fc, INSTR: 0x03013c03, REG x24: 0x0000000000000000, MEM 0x0000000080008f60
PC: 0x0000000080000300, INSTR: 0x00068023, MEM 0x0000000080000822: 0x0000000000000000
PC: 0x0000000080000304, INSTR: 0x07813083, REG x1: 0x0000000080000088, MEM 0x0000000080008fa8
PC: 0x0000000080000308, INSTR: 0x05013a03, REG x20: 0x0000000000000000, MEM 0x0000000080008f80
PC: 0x000000008000030c, INSTR: 0x000b8513, REG x10: 0x000000000000000a
PC: 0x0000000080000310, INSTR: 0x03813b83, REG x23: 0x0000000000000000, MEM 0x0000000080008f68
PC: 0x0000000080000314, INSTR: 0x0b010113, REG x2: 0x0000000080008fe0
PC: 0x0000000080000318, INSTR: 0x00008067
PC: 0x0000000080000088, INSTR: 0x00000597, REG x11: 0x0000000080000088
PC: 0x000000008000008c, INSTR: 0x6d858593, REG x11: 0x0000000080000760
PC: 0x0000000080000090, INSTR: 0x00000517, REG x10: 0x0000000080000090
PC: 0x0000000080000094, INSTR: 0x78850513, REG x10: 0x0000000080000818
PC: 0x0000000080000098, INSTR: 0x084000ef, REG x1: 0x000000008000009c
PC: 0x000000008000011c, INSTR: 0x00054783, REG x15: 0x0000000000000031, MEM 0x0000000080000818
PC: 0x0000000080000120, INSTR: 0x00079a63
PC: 0x0000000080000134, INSTR: 0x0005c703, REG x14: 0x0000000000000031, MEM 0x0000000080000760
PC: 0x0000000080000138, INSTR: 0x00150513, REG x10: 0x0000000080000819
PC: 0x000000008000013c, INSTR: 0x00158693, REG x13: 0x0000000080000761
PC: 0x0000000080000140, INSTR: 0xfef704e3
PC: 0x0000000080000128, INSTR: 0x00054783, REG x15: 0x0000000000000020, MEM 0x0000000080000819
PC: 0x000000008000012c, INSTR: 0x02078263
PC: 0x0000000080000130, INSTR: 0x00068593, REG x11: 0x0000000080000761
PC: 0x0000000080000134, INSTR: 0x0005c703, REG x14: 0x0000000000000020, MEM 0x0000000080000761
PC: 0x0000000080000138, INSTR: 0x00150513, REG x10: 0x000000008000081a
PC: 0x000000008000013c, INSTR: 0x00158693, REG x13: 0x0000000080000762
PC: 0x0000000080000140, INSTR: 0xfef704e3
PC: 0x0000000080000128, INSTR: 0x00054783, REG x15: 0x000000000000002b, MEM 0x000000008000081a
PC: 0x000000008000012c, INSTR: 0x02078263
PC: 0x0000000080000130, INSTR: 0x00068593, REG x11: 0x0000000080000762
PC: 0x0000000080000134, INSTR: 0x0005c703, REG x14: 0x000000000000002b, MEM 0x0000000080000762
PC: 0x0000000080000138, INSTR: 0x00150513, REG x10: 0x000000008000081b
PC: 0x000000008000013c, INSTR: 0x00158693, REG x13: 0x0000000080000763
PC: 0x0000000080000140, INSTR: 0xfef704e3
PC: 0x0000000080000128, INSTR: 0x00054783, REG x15: 0x0000000000000020, MEM 0x000000008000081b
PC: 0x000000008000012c, INSTR: 0x02078263
PC: 0x0000000080000130, INSTR: 0x00068593, REG x11: 0x0000000080000763
PC: 0x0000000080000134, INSTR: 0x0005c703, REG x14: 0x0000000000000020, MEM 0x0000000080000763
PC: 0x0000000080000138, INSTR: 0x00150513, REG x10: 0x000000008000081c
PC: 0x000000008000013c, INSTR: 0x00158693, REG x13: 0x0000000080000764
PC: 0x0000000080000140, INSTR: 0xfef704e3
PC: 0x0000000080000128, INSTR: 0x00054783, REG x15: 0x0000000000000031, MEM 0x000000008000081c
PC: 0x000000008000012c, INSTR: 0x02078263
PC: 0x0000000080000130, INSTR: 0x00068593, REG x11: 0x0000000080000764
PC: 0x0000000080000134, INSTR: 0x0005c703, REG x14: 0x0000000000000031, MEM 0x0000000080000764
PC: 0x0000000080000138, INSTR: 0x00150513, REG x10: 0x000000008000081d
PC: 0x000000008000013c, INSTR: 0x00158693, REG x13: 0x0000000080000765
PC: 0x0000000080000140, INSTR: 0xfef704e3
PC: 0x0000000080000128, INSTR: 0x00054783, REG x15: 0x0000000000000020, MEM 0x000000008000081d
PC: 0x000000008000012c, INSTR: 0x02078263
PC: 0x0000000080000130, INSTR: 0x00068593, REG x11: 0x0000000080000765
PC: 0x0000000080000134, INSTR: 0x0005c703, REG x14: 0x0000000000000020, MEM 0x0000000080000765
PC: 0x0000000080000138, INSTR: 0x00150513, REG x10: 0x000000008000081e
PC: 0x000000008000013c, INSTR: 0x00158693, REG x13: 0x0000000080000766
PC: 0x0000000080000140, INSTR: 0xfef704e3
PC: 0x0000000080000128, INSTR: 0x00054783, REG x15: 0x000000000000003d, MEM 0x000000008000081e
PC: 0x000000008000012c, INSTR: 0x02078263
PC: 0x0000000080000130, INSTR: 0x00068593, REG x11: 0x0000000080000766
PC: 0x0000000080000134, INSTR: 0x0005c703, REG x14: 0x000000000000003d, MEM 0x0000000080000766
PC: 0x0000000080000138, INSTR: 0x00150513, REG x10: 0x000000008000081f
PC: 0x000000008000013c, INSTR: 0x00158693, REG x13: 0x0000000080000767
PC: 0x0000000080000140, INSTR: 0xfef704e3
PC: 0x0000000080000128, INSTR: 0x00054783, REG x15: 0x0000000000000020, MEM 0x000000008000081f
PC: 0x000000008000012c, INSTR: 0x02078263
PC: 0x0000000080000130, INSTR: 0x00068593, REG x11: 0x0000000080000767
PC: 0x0000000080000134, INSTR: 0x0005c703, REG x14: 0x0000000000000020, MEM 0x0000000080000767
PC: 0x0000000080000138, INSTR: 0x00150513, REG x10: 0x0000000080000820
PC: 0x000000008000013c, INSTR: 0x00158693, REG x13: 0x0000000080000768
PC: 0x0000000080000140, INSTR: 0xfef704e3
PC: 0x0000000080000128, INSTR: 0x00054783, REG x15: 0x0000000000000032, MEM 0x0000000080000820
PC: 0x000000008000012c, INSTR: 0x02078263
PC: 0x0000000080000130, INSTR: 0x00068593, REG x11: 0x0000000080000768
PC: 0x0000000080000134, INSTR: 0x0005c703, REG x14: 0x0000000000000032, MEM 0x0000000080000768
PC: 0x0000000080000138, INSTR: 0x00150513, REG x10: 0x0000000080000821
PC: 0x000000008000013c, INSTR: 0x00158693, REG x13: 0x0000000080000769
PC: 0x0000000080000140, INSTR: 0xfef704e3
PC: 0x0000000080000128, INSTR: 0x00054783, REG x15: 0x000000000000000a, MEM 0x0000000080000821
PC: 0x000000008000012c, INSTR: 0x02078263
PC: 0x0000000080000130, INSTR: 0x00068593, REG x11: 0x0000000080000769
PC: 0x0000000080000134, INSTR: 0x0005c703, REG x14: 0x000000000000000a, MEM 0x0000000080000769
PC: 0x0000000080000138, INSTR: 0x00150513, REG x10: 0x0000000080000822
PC: 0x000000008000013c, INSTR: 0x00158693, REG x13: 0x000000008000076a
PC: 0x0000000080000140, INSTR: 0xfef704e3
PC: 0x0000000080000128, INSTR: 0x00054783, REG x15: 0x0000000000000000, MEM 0x0000000080000822
PC: 0x000000008000012c, INSTR: 0x02078263
PC: 0x0000000080000150, INSTR: 0x0015c703, REG x14: 0x0000000000000000, MEM 0x000000008000076a
PC: 0x0000000080000154, INSTR: 0x00000513, REG x10: 0x0000000000000000
PC: 0x0000000080000158, INSTR: 0x40e5053b, REG x10: 0x0000000000000000
PC: 0x000000008000015c, INSTR: 0x00008067
PC: 0x000000008000009c, INSTR: 0x00153513, REG x10: 0x0000000000000001
PC: 0x00000000800000a0, INSTR: 0xf71ff0ef, REG x1: 0x00000000800000a4
PC: 0x0000000080000010, INSTR: 0x00050463
PC: 0x0000000080000014, INSTR: 0x00008067
PC: 0x00000000800000a4, INSTR: 0x00c00713, REG x14: 0x000000000000000c
PC: 0x00000000800000a8, INSTR: 0x00a00693, REG x13: 0x000000000000000a
PC: 0x00000000800000ac, INSTR: 0x00200613, REG x12: 0x0000000000000002
PC: 0x00000000800000b0, INSTR: 0x00000597, REG x11: 0x00000000800000b0
PC: 0x00000000800000b4, INSTR: 0x6a058593, REG x11: 0x0000000080000750
PC: 0x00000000800000b8, INSTR: 0x00000517, REG x10: 0x00000000800000b8
PC: 0x00000000800000bc, INSTR: 0x76050513, REG x10: 0x0000000080000818
PC: 0x00000000800000c0, INSTR: 0x14c000ef, REG x1: 0x00000000800000c4
PC: 0x000000008000020c, INSTR: 0xf5010113, REG x2: 0x0000000080008f30
PC: 0x0000000080000210, INSTR: 0x05413823, MEM 0x0000000080008f80: 0x0000000000000000
PC: 0x0000000080000214, INSTR: 0x06113c23, MEM 0x0000000080008fa8: 0x00000000800000c4
PC: 0x0000000080000218, INSTR: 0x03713c23, MEM 0x0000000080008f68: 0x0000000000000000
PC: 0x000000008000021c, INSTR: 0x0005c303, REG x6: 0x0000000000000025, MEM 0x0000000080000750
PC: 0x0000000080000220, INSTR: 0x08f13c23, MEM 0x0000000080008fc8: 0x0000000000000000
PC: 0x0000000080000224, INSTR: 0x08010793, REG x15: 0x0000000080008fb0
PC: 0x0000000080000228, INSTR: 0x08c13023, MEM 0x0000000080008fb0: 0x0000000000000002
PC: 0x000000008000022c, INSTR: 0x08d13423, MEM 0x0000000080008fb8: 0x000000000000000a
PC: 0x0000000080000230, INSTR: 0x08e13823, MEM 0x0000000080008fc0: 0x000000000000000c
PC: 0x0000000080000234, INSTR: 0x0b013023, MEM 0x0000000080008fd0: 0x000000000000000a
PC: 0x0000000080000238, INSTR: 0x0b113423, MEM 0x0000000080008fd8: 0x0000000000000000
PC: 0x000000008000023c, INSTR: 0x00f13423, MEM 0x0000000080008f38: 0x0000000080008fb0
PC: 0x0000000080000240, INSTR: 0x00050a13, REG x20: 0x0000000080000818
PC: 0x0000000080000244, INSTR: 0x4c030e63
PC: 0x0000000080000248, INSTR: 0x06813823, MEM 0x0000000080008fa0: 0x0000000000000000
PC: 0x000000008000024c, INSTR: 0x06913423, MEM 0x0000000080008f98: 0x0000000000000000
PC: 0x0000000080000250, INSTR: 0x07213023, MEM 0x0000000080008f90: 0x0000000000000000
PC: 0x0000000080000254, INSTR: 0x05313c23, MEM 0x0000000080008f88: 0x0000000000000000
PC: 0x0000000080000258, INSTR: 0x05513423, MEM 0x0000000080008f78: 0x0000000000000000
PC: 0x000000008000025c, INSTR: 0x05613023, MEM 0x0000000080008f70: 0x0000000000000000
PC: 0x0000000080000260, INSTR: 0x03813823, MEM 0x0000000080008f60: 0x0000000000000000
PC: 0x0000000080000264, INSTR: 0x00058493, REG x9: 0x0000000080000750
PC: 0x0000000080000268, INSTR: 0x00000913, REG x18: 0x0000000000000000
PC: 0x000000008000026c, INSTR: 0x00000b93, REG x23: 0x0000000000000000
PC: 0x0000000080000270, INSTR: 0x00050413, REG x8: 0x0000000080000818
PC: 0x0000000080000274, INSTR: 0x02500993, REG x19: 0x0000000000000025
PC: 0x0000000080000278, INSTR: 0x02000b13, REG x22: 0x0000000000000020
PC: 0x000000008000027c, INSTR: 0x00000a97, REG x21: 0x000000008000027c
PC: 0x0000000080000280, INSTR: 0x50ca8a93, REG x21: 0x0000000080000788
PC: 0x0000000080000284, INSTR: 0x0200006f
PC: 0x00000000800002a4, INSTR: 0x0019079b, REG x15: 0x0000000000000001
PC: 0x00000000800002a8, INSTR: 0x00040693, REG x13: 0x0000000080000818
PC: 0x00000000800002ac, INSTR: 0xfd331ee3
PC: 0x00000000800002b0, INSTR: 0x00f48733, REG x14: 0x0000000080000751
PC: 0x00000000800002b4, INSTR: 0x00074783, REG x15: 0x0000000000000064, MEM 0x0000000080000751
PC: 0x00000000800002b8, INSTR: 0x02078663
PC: 0x00000000800002bc, INSTR: 0x35378e63
PC: 0x00000000800002c0, INSTR: 0xfa87879b, REG x15: 0x000000000000000c
PC: 0x00000000800002c4, INSTR: 0x0ff7f793, REG x15: 0x000000000000000c
PC: 0x00000000800002c8, INSTR: 0x04fb6a63
PC: 0x00000000800002cc, INSTR: 0x00279793, REG x15: 0x0000000000000030
PC: 0x00000000800002d0, INSTR: 0x015787b3, REG x15: 0x00000000800007b8
PC: 0x00000000800002d4, INSTR: 0x0007a783, REG x15: 0xfffffffffffffbbc, MEM 0x00000000800007b8
PC: 0x00000000800002d8, INSTR: 0x015787b3, REG x15: 0x0000000080000344
PC: 0x00000000800002dc, INSTR: 0x00078067
PC: 0x0000000080000344, INSTR: 0x00813703, REG x14: 0x0000000080008fb0, MEM 0x0000000080008f38
PC: 0x0000000080000348, INSTR: 0x00072783, REG x15: 0x0000000000000002, MEM 0x0000000080008fb0
PC: 0x000000008000034c, INSTR: 0x00870713, REG x14: 0x0000000080008fb8
PC: 0x0000000080000350, INSTR: 0x00e13423, MEM 0x0000000080008f38: 0x0000000080008fb8
PC: 0x0000000080000354, INSTR: 0x36078863
PC: 0x0000000080000358, INSTR: 0x00000893, REG x17: 0x0000000000000000
PC: 0x000000008000035c, INSTR: 0x3407ce63
PC: 0x0000000080000360, INSTR: 0x01010c13, REG x24: 0x0000000080008f40
PC: 0x0000000080000364, INSTR: 0x000c0693, REG x13: 0x0000000080008f40
PC: 0x0000000080000368, INSTR: 0x000c0613, REG x12: 0x0000000080008f40
PC: 0x000000008000036c, INSTR: 0x00000593, REG x11: 0x0000000000000000
PC: 0x0000000080000370, INSTR: 0x00a00813, REG x16: 0x000000000000000a
PC: 0x0000000080000374, INSTR: 0x0307e73b, REG x14: 0x0000000000000002
PC: 0x0000000080000378, INSTR: 0x00160613, REG x12: 0x0000000080008f41
PC: 0x000000008000037c, INSTR: 0x00058513, REG x10: 0x0000000000000000
PC: 0x0000000080000380, INSTR: 0x0015859b, REG x11: 0x0000000000000001
PC: 0x0000000080000384, INSTR: 0x0307c7bb, REG x15: 0x0000000000000000
PC: 0x0000000080000388, INSTR: 0x0307071b, REG x14: 0x0000000000000032
PC: 0x000000008000038c, INSTR: 0xfee60fa3, MEM 0x0000000080008f40: 0x0000000000000032
PC: 0x0000000080000390, INSTR: 0xfe0792e3
PC: 0x0000000080000394, INSTR: 0x00bc0733, REG x14: 0x0000000080008f41
PC: 0x0000000080000398, INSTR: 0x30088a63
PC: 0x00000000800006ac, INSTR: 0x00070023, MEM 0x0000000080008f41: 0x0000000000000000
PC: 0x00000000800006b0, INSTR: 0xd00516e3
PC: 0x00000000800006b4, INSTR: 0xd31ff06f
PC: 0x00000000800003e4, INSTR: 0x000c0793, REG x15: 0x0000000080008f40
PC: 0x00000000800003e8, INSTR: 0x018586b3, REG x13: 0x0000000080008f41
PC: 0x00000000800003ec, INSTR: 0x0007c703, REG x14: 0x0000000000000032, MEM 0x0000000080008f40
PC: 0x00000000800003f0, INSTR: 0x00178793, REG x15: 0x0000000080008f41
PC: 0x00000000800003f4, INSTR: 0x00140413, REG x8: 0x0000000080000819
PC: 0x00000000800003f8, INSTR: 0xfee40fa3, MEM 0x0000000080000818: 0x0000000000000032
PC: 0x00000000800003fc, INSTR: 0xfef698e3
PC: 0x0000000080000400, INSTR: 0x00bb8bbb, REG x23: 0x0000000000000001
PC: 0x0000000080000404, INSTR: 0x017a0433, REG x8: 0x0000000080000819
PC: 0x0000000080000408, INSTR: 0x0029091b, REG x18: 0x0000000000000002
PC: 0x000000008000040c, INSTR: 0xe8dff06f
PC: 0x0000000080000298, INSTR: 0x012487b3, REG x15: 0x0000000080000752
PC: 0x000000008000029c, INSTR: 0x0007c303, REG x6: 0x0000000000000020, MEM 0x0000000080000752
PC: 0x00000000800002a0, INSTR: 0x04030063
PC: 0x00000000800002a4, INSTR: 0x0019079b, REG x15: 0x0000000000000003
PC: 0x00000000800002a8, INSTR: 0x00040693, REG x13: 0x0000000080000819
PC: 0x00000000800002ac, INSTR: 0xfd331ee3
PC: 0x0000000080000288, INSTR: 0x001b8b9b, REG x23: 0x0000000000000002
PC: 0x000000008000028c, INSTR: 0x00640023, MEM 0x0000000080000819: 0x0000000000000020
PC: 0x0000000080000290, INSTR: 0x00078913, REG x18: 0x0000000000000003
PC: 0x0000000080000294, INSTR: 0x017a0433, REG x8: 0x000000008000081a
PC: 0x0000000080000298, INSTR: 0x012487b3, REG x15: 0x0000000080000753
PC: 0x000000008000029c, INSTR: 0x0007c303, REG x6: 0x000000000000002b, MEM 0x0000000080000753
PC: 0x00000000800002a0, INSTR: 0x04030063
PC: 0x00000000800002a4, INSTR: 0x0019079b, REG x15: 0x0000000000000004
PC: 0x00000000800002a8, INSTR: 0x00040693, REG x13: 0x000000008000081a
PC: 0x00000000800002ac, INSTR: 0xfd331ee3
PC: 0x0000000080000288, INSTR: 0x001b8b9b, REG x23: 0x0000000000000003
PC: 0x000000008000028c, INSTR: 0x00640023, MEM 0x000000008000081a: 0x000000000000002b
PC: 0x0000000080000290, INSTR: 0x00078913, REG x18: 0x0000000000000004
PC: 0x0000000080000294, INSTR: 0x017a0433, REG x8: 0x000000008000081b
PC: 0x0000000080000298, INSTR: 0x012487b3, REG x15: 0x0000000080000754
PC: 0x000000008000029c, INSTR: 0x0007c303, REG x6: 0x0000000000000020, MEM 0x0000000080000754
PC: 0x00000000800002a0, INSTR: 0x04030063
PC: 0x00000000800002a4, INSTR: 0x0019079b, REG x15: 0x0000000000000005
PC: 0x00000000800002a8, INSTR: 0x00040693, REG x13: 0x000000008000081b
PC: 0x00000000800002ac, INSTR: 0xfd331ee3
PC: 0x0000000080000288, INSTR: 0x001b8b9b, REG x23: 0x0000000000000004
PC: 0x000000008000028c, INSTR: 0x00640023, MEM 0x000000008000081b: 0x0000000000000020
PC: 0x0000000080000290, INSTR: 0x00078913, REG x18: 0x0000000000000005
PC: 0x0000000080000294, INSTR: 0x017a0433, REG x8: 0x000000008000081c
PC: 0x0000000080000298, INSTR: 0x012487b3, REG x15: 0x0000000080000755
PC: 0x000000008000029c, INSTR: 0x0007c303, REG x6: 0x0000000000000025, MEM 0x0000000080000755
PC: 0x00000000800002a0, INSTR: 0x04030063
PC: 0x00000000800002a4, INSTR: 0x0019079b, REG x15: 0x0000000000000006
PC: 0x00000000800002a8, INSTR: 0x00040693, REG x13: 0x000000008000081c
PC: 0x00000000800002ac, INSTR: 0xfd331ee3
PC: 0x00000000800002b0, INSTR: 0x00f48733, REG x14: 0x0000000080000756
PC: 0x00000000800002b4, INSTR: 0x00074783, REG x15: 0x0000000000000064, MEM 0x0000000080000756
PC: 0x00000000800002b8, INSTR: 0x02078663
PC: 0x00000000800002bc, INSTR: 0x35378e63
PC: 0x00000000800002c0, INSTR: 0xfa87879b, REG x15: 0x000000000000000c
PC: 0x00000000800002c4, INSTR: 0x0ff7f793, REG x15: 0x000000000000000c
PC: 0x00000000800002c8, INSTR: 0x04fb6a63
PC: 0x00000000800002cc, INSTR: 0x00279793, REG x15: 0x0000000000000030
PC: 0x00000000800002d0, INSTR: 0x015787b3, REG x15: 0x00000000800007b8
PC: 0x00000000800002d4, INSTR: 0x0007a783, REG x15: 0xfffffffffffffbbc, MEM 0x00000000800007b8
PC: 0x00000000800002d8, INSTR: 0x015787b3, REG x15: 0x0000000080000344
PC: 0x00000000800002dc, INSTR: 0x00078067
PC: 0x0000000080000344, INSTR: 0x00813703, REG x14: 0x0000000080008fb8, MEM 0x0000000080008f38
PC: 0x0000000080000348, INSTR: 0x00072783, REG x15: 0x000000000000000a, MEM 0x0000000080008fb8
PC: 0x000000008000034c, INSTR: 0x00870713, REG x14: 0x0000000080008fc0
PC: 0x0000000080000350, INSTR: 0x00e13423, MEM 0x0000000080008f38: 0x0000000080008fc0
PC: 0x0000000080000354, INSTR: 0x36078863
PC: 0x0000000080000358, INSTR: 0x00000893, REG x17: 0x0000000000000000
PC: 0x000000008000035c, INSTR: 0x3407ce63
PC: 0x0000000080000360, INSTR: 0x01010c13, REG x24: 0x0000000080008f40
PC: 0x0000000080000364, INSTR: 0x000c0693, REG x13: 0x0000000080008f40
PC: 0x0000000080000368, INSTR: 0x000c0613, REG x12: 0x0000000080008f40
PC: 0x000000008000036c, INSTR: 0x00000593, REG x11: 0x0000000000000000
PC: 0x0000000080000370, INSTR: 0x00a00813, REG x16: 0x000000000000000a
PC: 0x0000000080000374, INSTR: 0x0307e73b, REG x14: 0x0000000000000000
PC: 0x0000000080000378, INSTR: 0x00160613, REG x12: 0x0000000080008f41
PC: 0x000000008000037c, INSTR: 0x00058513, REG x10: 0x0000000000000000
PC: 0x0000000080000380, INSTR: 0x0015859b, REG x11: 0x0000000000000001
PC: 0x0000000080000384, INSTR: 0x0307c7bb, REG x15: 0x0000000000000001
PC: 0x0000000080000388, INSTR: 0x0307071b, REG x14: 0x0000000000000030
PC: 0x000000008000038c, INSTR: 0xfee60fa3, MEM 0x0000000080008f40: 0x0000000000000030
PC: 0x0000000080000390, INSTR: 0xfe0792e3
PC: 0x0000000080000374, INSTR: 0x0307e73b, REG x14: 0x0000000000000001
PC: 0x0000000080000378, INSTR: 0x00160613, REG x12: 0x0000000080008f42
PC: 0x000000008000037c, INSTR: 0x00058513, REG x10: 0x0000000000000001
PC: 0x0000000080000380, INSTR: 0x0015859b, REG x11: 0x0000000000000002
PC: 0x0000000080000384, INSTR: 0x0307c7bb, REG x15: 0x0000000000000000
PC: 0x0000000080000388, INSTR: 0x0307071b, REG x14: 0x0000000000000031
PC: 0x000000008000038c, INSTR: 0xfee60fa3, MEM 0x0000000080008f41: 0x0000000000000031
PC: 0x0000000080000390, INSTR: 0xfe0792e3
PC: 0x0000000080000394, INSTR: 0x00bc0733, REG x14: 0x0000000080008f42
PC: 0x0000000080000398, INSTR: 0x30088a63
PC: 0x00000000800006ac, INSTR: 0x00070023, MEM 0x0000000080008f42: 0x0000000000000000
PC: 0x00000000800006b0, INSTR: 0xd00516e3
PC: 0x00000000800003bc, INSTR: 0x00ac0633, REG x12: 0x0000000080008f41
PC: 0x00000000800003c0, INSTR: 0x00064883, REG x17: 0x0000000000000031, MEM 0x0000000080008f41
PC: 0x00000000800003c4, INSTR: 0x0006c803, REG x16: 0x0000000000000030, MEM 0x0000000080008f40
PC: 0x00000000800003c8, INSTR: 0x0017879b, REG x15: 0x0000000000000001
PC: 0x00000000800003cc, INSTR: 0x01168023, MEM 0x0000000080008f40: 0x0000000000000031
PC: 0x00000000800003d0, INSTR: 0x01060023, MEM 0x0000000080008f41: 0x0000000000000030
PC: 0x00000000800003d4, INSTR: 0x40f5073b, REG x14: 0x0000000000000000
PC: 0x00000000800003d8, INSTR: 0x00168693, REG x13: 0x0000000080008f41
PC: 0x00000000800003dc, INSTR: 0xfff60613, REG x12: 0x0000000080008f40
PC: 0x00000000800003e0, INSTR: 0xfee7c0e3
PC: 0x00000000800003e4, INSTR: 0x000c0793, REG x15: 0x0000000080008f40
PC: 0x00000000800003e8, INSTR: 0x018586b3, REG x13: 0x0000000080008f42
PC: 0x00000000800003ec, INSTR: 0x0007c703, REG x14: 0x0000000000000031, MEM 0x0000000080008f40
PC: 0x00000000800003f0, INSTR: 0x00178793, REG x15: 0x0000000080008f41
PC: 0x00000000800003f4, INSTR: 0x00140413, REG x8: 0x000000008000081d
PC: 0x00000000800003f8, INSTR: 0xfee40fa3, MEM 0x000000008000081c: 0x0000000000000031
PC: 0x00000000800003fc, INSTR: 0xfef698e3
PC: 0x00000000800003ec, INSTR: 0x0007c703, REG x14: 0x0000000000000030, MEM 0x0000000080008f41
PC: 0x00000000800003f0, INSTR: 0x00178793, REG x15: 0x0000000080008f42
PC: 0x00000000800003f4, INSTR: 0x00140413, REG x8: 0x000000008000081e
PC: 0x00000000800003f8, INSTR: 0xfee40fa3, MEM 0x000000008000081d: 0x0000000000000030
PC: 0x00000000800003fc, INSTR: 0xfef698e3
PC: 0x0000000080000400, INSTR: 0x00bb8bbb, REG x23: 0x0000000000000006
PC: 0x0000000080000404, INSTR: 0x017a0433, REG x8: 0x000000008000081e
PC: 0x0000000080000408, INSTR: 0x0029091b, REG x18: 0x0000000000000007
PC: 0x000000008000040c, INSTR: 0xe8dff06f
PC: 0x0000000080000298, INSTR: 0x012487b3, REG x15: 0x0000000080000757
PC: 0x000000008000029c, INSTR: 0x0007c303, REG x6: 0x0000000000000020, MEM 0x0000000080000757
PC: 0x00000000800002a0, INSTR: 0x04030063
PC: 0x00000000800002a4, INSTR: 0x0019079b, REG x15: 0x0000000000000008
PC: 0x00000000800002a8, INSTR: 0x00040693, REG x13: 0x000000008000081e
PC: 0x00000000800002ac, INSTR: 0xfd331ee3
PC: 0x0000000080000288, INSTR: 0x001b8b9b, REG x23: 0x0000000000000007
PC: 0x000000008000028c, INSTR: 0x00640023, MEM 0x000000008000081e: 0x0000000000000020
PC: 0x0000000080000290, INSTR: 0x00078913, REG x18: 0x0000000000000008
PC: 0x0000000080000294, INSTR: 0x017a0433, REG x8: 0x000000008000081f
PC: 0x0000000080000298, INSTR: 0x012487b3, REG x15: 0x0000000080000758
PC: 0x000000008000029c, INSTR: 0x0007c303, REG x6: 0x000000000000003d, MEM 0x0000000080000758
PC: 0x00000000800002a0, INSTR: 0x04030063
PC: 0x00000000800002a4, INSTR: 0x0019079b, REG x15: 0x0000000000000009
PC: 0x00000000800002a8, INSTR: 0x00040693, REG x13: 0x000000008000081f
PC: 0x00000000800002ac, INSTR: 0xfd331ee3
PC: 0x0000000080000288, INSTR: 0x001b8b9b, REG x23: 0x0000000000000008
PC: 0x000000008000028c, INSTR: 0x00640023, MEM 0x000000008000081f: 0x000000000000003d
PC: 0x0000000080000290, INSTR: 0x00078913, REG x18: 0x0000000000000009
PC: 0x0000000080000294, INSTR: 0x017a0433, REG x8: 0x0000000080000820
PC: 0x0000000080000298, INSTR: 0x012487b3, REG x15: 0x0000000080000759
PC: 0x000000008000029c, INSTR: 0x0007c303, REG x6: 0x0000000000000020, MEM 0x0000000080000759
PC: 0x00000000800002a0, INSTR: 0x04030063
PC: 0x00000000800002a4, INSTR: 0x0019079b, REG x15: 0x000000000000000a
PC: 0x00000000800002a8, INSTR: 0x00040693, REG x13: 0x0000000080000820
PC: 0x00000000800002ac, INSTR: 0xfd331ee3
PC: 0x0000000080000288, INSTR: 0x001b8b9b, REG x23: 0x0000000000000009
PC: 0x000000008000028c, INSTR: 0x00640023, MEM 0x0000000080000820: 0x0000000000000020
PC: 0x0000000080000290, INSTR: 0x00078913, REG x18: 0x000000000000000a
PC: 0x0000000080000294, INSTR: 0x017a0433, REG x8: 0x0000000080000821
PC: 0x0000000080000298, INSTR: 0x012487b3, REG x15: 0x000000008000075a
PC: 0x000000008000029c, INSTR: 0x0007c303, REG x6: 0x0000000000000025, MEM 0x000000008000075a
PC: 0x00000000800002a0, INSTR: 0x04030063
PC: 0x00000000800002a4, INSTR: 0x0019079b, REG x15: 0x000000000000000b
PC: 0x00000000800002a8, INSTR: 0x00040693, REG x13: 0x0000000080000821
PC: 0x00000000800002ac, INSTR: 0xfd331ee3
PC: 0x00000000800002b0, INSTR: 0x00f48733, REG x14: 0x000000008000075b
PC: 0x00000000800002b4, INSTR: 0x00074783, REG x15: 0x0000000000000064, MEM 0x000000008000075b
PC: 0x00000000800002b8, INSTR: 0x02078663
PC: 0x00000000800002bc, INSTR: 0x35378e63
PC: 0x00000000800002c0, INSTR: 0xfa87879b, REG x15: 0x000000000000000c
PC: 0x00000000800002c4, INSTR: 0x0ff7f793, REG x15: 0x000000000000000c
PC: 0x00000000800002c8, INSTR: 0x04fb6a63
PC: 0x00000000800002cc, INSTR: 0x00279793, REG x15: 0x0000000000000030
PC: 0x00000000800002d0, INSTR: 0x015787b3, REG x15: 0x00000000800007b8
PC: 0x00000000800002d4, INSTR: 0x0007a783, REG x15: 0xfffffffffffffbbc, MEM 0x00000000800007b8
PC: 0x00000000800002d8, INSTR: 0x015787b3, REG x15: 0x0000000080000344
PC: 0x00000000800002dc, INSTR: 0x00078067
PC: 0x0000000080000344, INSTR: 0x00813703, REG x14: 0x0000000080008fc0, MEM 0x0000000080008f38
PC: 0x0000000080000348, INSTR: 0x00072783, REG x15: 0x000000000000000c, MEM 0x0000000080008fc0
PC: 0x000000008000034c, INSTR: 0x00870713, REG x14: 0x0000000080008fc8
PC: 0x0000000080000350, INSTR: 0x00e13423, MEM 0x0000000080008f38: 0x0000000080008fc8
PC: 0x0000000080000354, INSTR: 0x36078863
PC: 0x0000000080000358, INSTR: 0x00000893, REG x17: 0x0000000000000000
PC: 0x000000008000035c, INSTR: 0x3407ce63
PC: 0x0000000080000360, INSTR: 0x01010c13, REG x24: 0x0000000080008f40
PC: 0x0000000080000364, INSTR: 0x000c0693, REG x13: 0x0000000080008f40
PC: 0x0000000080000368, INSTR: 0x000c0613, REG x12: 0x0000000080008f40
PC: 0x000000008000036c, INSTR: 0x00000593, REG x11: 0x0000000000000000
PC: 0x0000000080000370, INSTR: 0x00a00813, REG x16: 0x000000000000000a
PC: 0x0000000080000374, INSTR: 0x0307e73b, REG x14: 0x0000000000000002
PC: 0x0000000080000378, INSTR: 0x00160613, REG x12: 0x0000000080008f41
PC: 0x000000008000037c, INSTR: 0x00058513, REG x10: 0x0000000000000000
PC: 0x0000000080000380, INSTR: 0x0015859b, REG x11: 0x0000000000000001
PC: 0x0000000080000384, INSTR: 0x0307c7bb, REG x15: 0x0000000000000001
PC: 0x0000000080000388, INSTR: 0x0307071b, REG x14: 0x0000000000000032
PC: 0x000000008000038c, INSTR: 0xfee60fa3, MEM 0x0000000080008f40: 0x0000000000000032
PC: 0x0000000080000390, INSTR: 0xfe0792e3
PC: 0x0000000080000374, INSTR: 0x0307e73b, REG x14: 0x0000000000000001
PC: 0x0000000080000378, INSTR: 0x00160613, REG x12: 0x0000000080008f42
PC: 0x000000008000037c, INSTR: 0x00058513, REG x10: 0x0000000000000001
PC: 0x0000000080000380, INSTR: 0x0015859b, REG x11: 0x0000000000000002
PC: 0x0000000080000384, INSTR: 0x0307c7bb, REG x15: 0x0000000000000000
PC: 0x0000000080000388, INSTR: 0x0307071b, REG x14: 0x0000000000000031
PC: 0x000000008000038c, INSTR: 0xfee60fa3, MEM 0x0000000080008f41: 0x0000000000000031
PC: 0x0000000080000390, INSTR: 0xfe0792e3
PC: 0x0000000080000394, INSTR: 0x00bc0733, REG x14: 0x0000000080008f42
PC: 0x0000000080000398, INSTR: 0x30088a63
PC: 0x00000000800006ac, INSTR: 0x00070023, MEM 0x0000000080008f42: 0x0000000000000000
PC: 0x00000000800006b0, INSTR: 0xd00516e3
PC: 0x00000000800003bc, INSTR: 0x00ac0633, REG x12: 0x0000000080008f41
PC: 0x00000000800003c0, INSTR: 0x00064883, REG x17: 0x0000000000000031, MEM 0x0000000080008f41
PC: 0x00000000800003c4, INSTR: 0x0006c803, REG x16: 0x0000000000000032, MEM 0x0000000080008f40
PC: 0x00000000800003c8, INSTR: 0x0017879b, REG x15: 0x0000000000000001
PC: 0x00000000800003cc, INSTR: 0x01168023, MEM 0x0000000080008f40: 0x0000000000000031
PC: 0x00000000800003d0, INSTR: 0x01060023, MEM 0x0000000080008f41: 0x0000000000000032
PC: 0x00000000800003d4, INSTR: 0x40f5073b, REG x14: 0x0000000000000000
PC: 0x00000000800003d8, INSTR: 0x00168693, REG x13: 0x0000000080008f41
PC: 0x00000000800003dc, INSTR: 0xfff60613, REG x12: 0x0000000080008f40
PC: 0x00000000800003e0, INSTR: 0xfee7c0e3
PC: 0x00000000800003e4, INSTR: 0x000c0793, REG x15: 0x0000000080008f40
PC: 0x00000000800003e8, INSTR: 0x018586b3, REG x13: 0x0000000080008f42
PC: 0x00000000800003ec, INSTR: 0x0007c703, REG x14: 0x0000000000000031, MEM 0x0000000080008f40
PC: 0x00000000800003f0, INSTR: 0x00178793, REG x15: 0x0000000080008f41
PC: 0x00000000800003f4, INSTR: 0x00140413, REG x8: 0x0000000080000822
PC: 0x00000000800003f8, INSTR: 0xfee40fa3, MEM 0x0000000080000821: 0x0000000000000031
PC: 0x00000000800003fc, INSTR: 0xfef698e3
PC: 0x00000000800003ec, INSTR: 0x0007c703, REG x14: 0x0000000000000032, MEM 0x0000000080008f41
PC: 0x00000000800003f0, INSTR: 0x00178793, REG x15: 0x0000000080008f42
PC: 0x00000000800003f4, INSTR: 0x00140413, REG x8: 0x0000000080000823
PC: 0x00000000800003f8, INSTR: 0xfee40fa3, MEM 0x0000000080000822: 0x0000000000000032
PC: 0x00000000800003fc, INSTR: 0xfef698e3
PC: 0x0000000080000400, INSTR: 0x00bb8bbb, REG x23: 0x000000000000000b
PC: 0x0000000080000404, INSTR: 0x017a0433, REG x8: 0x0000000080000823
PC: 0x0000000080000408, INSTR: 0x0029091b, REG x18: 0x000000000000000c
PC: 0x000000008000040c, INSTR: 0xe8dff06f
PC: 0x0000000080000298, INSTR: 0x012487b3, REG x15: 0x000000008000075c
PC: 0x000000008000029c, INSTR: 0x0007c303, REG x6: 0x000000000000000a, MEM 0x000000008000075c
PC: 0x00000000800002a0, INSTR: 0x04030063
PC: 0x00000000800002a4, INSTR: 0x0019079b, REG x15: 0x000000000000000d
PC: 0x00000000800002a8, INSTR: 0x00040693, REG x13: 0x0000000080000823
PC: 0x00000000800002ac, INSTR: 0xfd331ee3
PC: 0x0000000080000288, INSTR: 0x001b8b9b, REG x23: 0x000000000000000c
PC: 0x000000008000028c, INSTR: 0x00640023, MEM 0x0000000080000823: 0x000000000000000a
PC: 0x0000000080000290, INSTR: 0x00078913, REG x18: 0x000000000000000d
PC: 0x0000000080000294, INSTR: 0x017a0433, REG x8: 0x0000000080000824
PC: 0x0000000080000298, INSTR: 0x012487b3, REG x15: 0x000000008000075d
PC: 0x000000008000029c, INSTR: 0x0007c303, REG x6: 0x0000000000000000, MEM 0x000000008000075d
PC: 0x00000000800002a0, INSTR: 0x04030063
PC: 0x00000000800002e0, INSTR: 0x00040693, REG x13: 0x0000000080000824
PC: 0x00000000800002e4, INSTR: 0x07013403, REG x8: 0x0000000000000000, MEM 0x0000000080008fa0
PC: 0x00000000800002e8, INSTR: 0x06813483, REG x9: 0x0000000000000000, MEM 0x0000000080008f98
PC: 0x00000000800002ec, INSTR: 0x06013903, REG x18: 0x0000000000000000, MEM 0x0000000080008f90
PC: 0x00000000800002f0, INSTR: 0x05813983, REG x19: 0x0000000000000000, MEM 0x0000000080008f88
PC: 0x00000000800002f4, INSTR: 0x04813a83, REG x21: 0x0000000000000000, MEM 0x0000000080008f78
PC: 0x00000000800002f8, INSTR: 0x04013b03, REG x22: 0x0000000000000000, MEM 0x0000000080008f70
PC: 0x00000000800002fc, INSTR: 0x03013c03, REG x24: 0x0000000000000000, MEM 0x0000000080008f60
PC: 0x0000000080000300, INSTR: 0x00068023, MEM 0x0000000080000824: 0x0000000000000000
PC: 0x0000000080000304, INSTR: 0x07813083, REG x1: 0x00000000800000c4, MEM 0x0000000080008fa8
PC: 0x0000000080000308, INSTR: 0x05013a03, REG x20: 0x0000000000000000, MEM 0x0000000080008f80
PC: 0x000000008000030c, INSTR: 0x000b8513, REG x10: 0x000000000000000c
PC: 0x0000000080000310, INSTR: 0x03813b83, REG x23: 0x0000000000000000, MEM 0x0000000080008f68
PC: 0x0000000080000314, INSTR: 0x0b010113, REG x2: 0x0000000080008fe0
PC: 0x0000000080000318, INSTR: 0x00008067
PC: 0x00000000800000c4, INSTR: 0x00000597, REG x11: 0x00000000800000c4
PC: 0x00000000800000c8, INSTR: 0x6ac58593, REG x11: 0x0000000080000770
PC: 0x00000000800000cc, INSTR: 0x00000517, REG x10: 0x00000000800000cc
PC: 0x00000000800000d0, INSTR: 0x74c50513, REG x10: 0x0000000080000818
PC: 0x00000000800000d4, INSTR: 0x048000ef, REG x1: 0x00000000800000d8
PC: 0x000000008000011c, INSTR: 0x00054783, REG x15: 0x0000000000000032, MEM 0x0000000080000818
PC: 0x0000000080000120, INSTR: 0x00079a63
PC: 0x0000000080000134, INSTR: 0x0005c703, REG x14: 0x0000000000000032, MEM 0x0000000080000770
PC: 0x0000000080000138, INSTR: 0x00150513, REG x10: 0x0000000080000819
PC: 0x000000008000013c, INSTR: 0x00158693, REG x13: 0x0000000080000771
PC: 0x0000000080000140, INSTR: 0xfef704e3
PC: 0x0000000080000128, INSTR: 0x00054783, REG x15: 0x0000000000000020, MEM 0x0000000080000819
PC: 0x000000008000012c, INSTR: 0x02078263
PC: 0x0000000080000130, INSTR: 0x00068593, REG x11: 0x0000000080000771
PC: 0x0000000080000134, INSTR: 0x0005c703, REG x14: 0x0000000000000020, MEM 0x0000000080000771
PC: 0x0000000080000138, INSTR: 0x00150513, REG x10: 0x000000008000081a
PC: 0x000000008000013c, INSTR: 0x00158693, REG x13: 0x0000000080000772
PC: 0x0000000080000140, INSTR: 0xfef704e3
PC: 0x0000000080000128, INSTR: 0x00054783, REG x15: 0x000000000000002b, MEM 0x000000008000081a
PC: 0x000000008000012c, INSTR: 0x02078263
PC: 0x0000000080000130, INSTR: 0x00068593, REG x11: 0x0000000080000772
PC: 0x0000000080000134, INSTR: 0x0005c703, REG x14: 0x000000000000002b, MEM 0x0000000080000772
PC: 0x0000000080000138, INSTR: 0x00150513, REG x10: 0x000000008000081b
PC: 0x000000008000013c, INSTR: 0x00158693, REG x13: 0x0000000080000773
PC: 0x0000000080000140, INSTR: 0xfef704e3
PC: 0x0000000080000128, INSTR: 0x00054783, REG x15: 0x0000000000000020, MEM 0x000000008000081b
PC: 0x000000008000012c, INSTR: 0x02078263
PC: 0x0000000080000130, INSTR: 0x00068593, REG x11: 0x0000000080000773
PC: 0x0000000080000134, INSTR: 0x0005c703, REG x14: 0x0000000000000020, MEM 0x0000000080000773
PC: 0x0000000080000138, INSTR: 0x00150513, REG x10: 0x000000008000081c
PC: 0x000000008000013c, INSTR: 0x00158693, REG x13: 0x0000000080000774
PC: 0x0000000080000140, INSTR: 0xfef704e3
PC: 0x0000000080000128, INSTR: 0x00054783, REG x15: 0x0000000000000031, MEM 0x000000008000081c
PC: 0x000000008000012c, INSTR: 0x02078263
PC: 0x0000000080000130, INSTR: 0x00068593, REG x11: 0x0000000080000774
PC: 0x0000000080000134, INSTR: 0x0005c703, REG x14: 0x0000000000000031, MEM 0x0000000080000774
PC: 0x0000000080000138, INSTR: 0x00150513, REG x10: 0x000000008000081d
PC: 0x000000008000013c, INSTR: 0x00158693, REG x13: 0x0000000080000775
PC: 0x0000000080000140, INSTR: 0xfef704e3
PC: 0x0000000080000128, INSTR: 0x00054783, REG x15: 0x0000000000000030, MEM 0x000000008000081d
PC: 0x000000008000012c, INSTR: 0x02078263
PC: 0x0000000080000130, INSTR: 0x00068593, REG x11: 0x0000000080000775
PC: 0x0000000080000134, INSTR: 0x0005c703, REG x14: 0x0000000000000030, MEM 0x0000000080000775
PC: 0x0000000080000138, INSTR: 0x00150513, REG x10: 0x000000008000081e
PC: 0x000000008000013c, INSTR: 0x00158693, REG x13: 0x0000000080000776
PC: 0x0000000080000140, INSTR: 0xfef704e3
PC: 0x0000000080000128, INSTR: 0x00054783, REG x15: 0x0000000000000020, MEM 0x000000008000081e
PC: 0x000000008000012c, INSTR: 0x02078263
PC: 0x0000000080000130, INSTR: 0x00068593, REG x11: 0x0000000080000776
PC: 0x0000000080000134, INSTR: 0x0005c703, REG x14: 0x0000000000000020, MEM 0x0000000080000776
PC: 0x0000000080000138, INSTR: 0x00150513, REG x10: 0x000000008000081f
PC: 0x000000008000013c, INSTR: 0x00158693, REG x13: 0x0000000080000777
PC: 0x0000000080000140, INSTR: 0xfef704e3
PC: 0x0000000080000128, INSTR: 0x00054783, REG x15: 0x000000000000003d, MEM 0x000000008000081f
PC: 0x000000008000012c, INSTR: 0x02078263
PC: 0x0000000080000130, INSTR: 0x00068593, REG x11: 0x0000000080000777
PC: 0x0000000080000134, INSTR: 0x0005c703, REG x14: 0x000000000000003d, MEM 0x0000000080000777
PC: 0x0000000080000138, INSTR: 0x00150513, REG x10: 0x0000000080000820
PC: 0x000000008000013c, INSTR: 0x00158693, REG x13: 0x0000000080000778
PC: 0x0000000080000140, INSTR: 0xfef704e3
PC: 0x0000000080000128, INSTR: 0x00054783, REG x15: 0x0000000000000020, MEM 0x0000000080000820
PC: 0x000000008000012c, INSTR: 0x02078263
PC: 0x0000000080000130, INSTR: 0x00068593, REG x11: 0x0000000080000778
PC: 0x0000000080000134, INSTR: 0x0005c703, REG x14: 0x0000000000000020, MEM 0x0000000080000778
PC: 0x0000000080000138, INSTR: 0x00150513, REG x10: 0x0000000080000821
PC: 0x000000008000013c, INSTR: 0x00158693, REG x13: 0x0000000080000779
PC: 0x0000000080000140, INSTR: 0xfef704e3
PC: 0x0000000080000128, INSTR: 0x00054783, REG x15: 0x0000000000000031, MEM 0x0000000080000821
PC: 0x000000008000012c, INSTR: 0x02078263
PC: 0x0000000080000130, INSTR: 0x00068593, REG x11: 0x0000000080000779
PC: 0x0000000080000134, INSTR: 0x0005c703, REG x14: 0x0000000000000031, MEM 0x0000000080000779
PC: 0x0000000080000138, INSTR: 0x00150513, REG x10: 0x0000000080000822
PC: 0x000000008000013c, INSTR: 0x00158693, REG x13: 0x000000008000077a
PC: 0x0000000080000140, INSTR: 0xfef704e3
PC: 0x0000000080000128, INSTR: 0x00054783, REG x15: 0x0000000000000032, MEM 0x0000000080000822
PC: 0x000000008000012c, INSTR: 0x02078263
PC: 0x0000000080000130, INSTR: 0x00068593, REG x11: 0x000000008000077a
PC: 0x0000000080000134, INSTR: 0x0005c703, REG x14: 0x0000000000000032, MEM 0x000000008000077a
PC: 0x0000000080000138, INSTR: 0x00150513, REG x10: 0x0000000080000823
PC: 0x000000008000013c, INSTR: 0x00158693, REG x13: 0x000000008000077b
PC: 0x0000000080000140, INSTR: 0xfef704e3
PC: 0x0000000080000128, INSTR: 0x00054783, REG x15: 0x000000000000000a, MEM 0x0000000080000823
PC: 0x000000008000012c, INSTR: 0x02078263
PC: 0x0000000080000130, INSTR: 0x00068593, REG x11: 0x000000008000077b
PC: 0x0000000080000134, INSTR: 0x0005c703, REG x14: 0x000000000000000a, MEM 0x000000008000077b
PC: 0x0000000080000138, INSTR: 0x00150513, REG x10: 0x0000000080000824
PC: 0x000000008000013c, INSTR: 0x00158693, REG x13: 0x000000008000077c
PC: 0x0000000080000140, INSTR: 0xfef704e3
PC: 0x0000000080000128, INSTR: 0x00054783, REG x15: 0x0000000000000000, MEM 0x0000000080000824
PC: 0x000000008000012c, INSTR: 0x02078263
PC: 0x0000000080000150, INSTR: 0x0015c703, REG x14: 0x0000000000000000, MEM 0x000000008000077c
PC: 0x0000000080000154, INSTR: 0x00000513, REG x10: 0x0000000000000000
PC: 0x0000000080000158, INSTR: 0x40e5053b, REG x10: 0x0000000000000000
PC: 0x000000008000015c, INSTR: 0x00008067
PC: 0x00000000800000d8, INSTR: 0x00153513, REG x10: 0x0000000000000001
PC: 0x00000000800000dc, INSTR: 0xf35ff0ef, REG x1: 0x00000000800000e0
PC: 0x0000000080000010, INSTR: 0x00050463
PC: 0x0000000080000014, INSTR: 0x00008067
PC: 0x00000000800000e0, INSTR: 0x00813083, REG x1: 0x0000000080000110, MEM 0x0000000080008fe8
PC: 0x00000000800000e4, INSTR: 0x00000513, REG x10: 0x0000000000000000
PC: 0x00000000800000e8, INSTR: 0x01010113, REG x2: 0x0000000080008ff0
PC: 0x00000000800000ec, INSTR: 0x00008067
PC: 0x0000000080000110, INSTR: 0x00050513, REG x10: 0x0000000000000000
