PC: 0x0000000080000000, INSTR: 0x00000413, REG x8: 0x0000000000000000
PC: 0x0000000080000004, INSTR: 0x00009117, REG x2: 0x0000000080009004
PC: 0x0000000080000008, INSTR: 0xffc10113, REG x2: 0x0000000080009000
PC: 0x000000008000000c, INSTR: 0x0ec000ef, REG x1: 0x0000000080000010
PC: 0x00000000800000f8, INSTR: 0xff010113, REG x2: 0x0000000080008ff0
PC: 0x00000000800000fc, INSTR: 0x00000517, REG x10: 0x00000000800000fc
PC: 0x0000000080000100, INSTR: 0x01c50513, REG x10: 0x0000000080000118
PC: 0x0000000080000104, INSTR: 0x00113423, MEM 0x0000000080008ff8: 0x0000000080000010
PC: 0x0000000080000108, INSTR: 0xf21ff0ef, REG x1: 0x000000008000010c
PC: 0x0000000080000028, INSTR: 0xfc010113, REG x2: 0x0000000080008fb0
PC: 0x000000008000002c, INSTR: 0x02813823, MEM 0x0000000080008fe0: 0x0000000000000000
PC: 0x0000000080000030, INSTR: 0x02913423, MEM 0x0000000080008fd8: 0x0000000000000000
PC: 0x0000000080000034, INSTR: 0x03213023, MEM 0x0000000080008fd0: 0x0000000000000000
PC: 0x0000000080000038, INSTR: 0x01313c23, MEM 0x0000000080008fc8: 0x0000000000000000
PC: 0x000000008000003c, INSTR: 0x01413823, MEM 0x0000000080008fc0: 0x0000000000000000
PC: 0x0000000080000040, INSTR: 0x01513423, MEM 0x0000000080008fb8: 0x0000000000000000
PC: 0x0000000080000044, INSTR: 0x01613023, MEM 0x0000000080008fb0: 0x0000000000000000
PC: 0x0000000080000048, INSTR: 0x02113c23, MEM 0x0000000080008fe8: 0x000000008000010c
PC: 0x000000008000004c, INSTR: 0x00000417, REG x8: 0x000000008000004c
PC: 0x0000000080000050, INSTR: 0x10c40413, REG x8: 0x0000000080000158
PC: 0x0000000080000054, INSTR: 0x00000497, REG x9: 0x0000000080000054
PC: 0x0000000080000058, INSTR: 0x0cc48493, REG x9: 0x0000000080000120
PC: 0x000000008000005c, INSTR: 0x00000997, REG x19: 0x000000008000005c
PC: 0x0000000080000060, INSTR: 0x13498993, REG x19: 0x0000000080000190
PC: 0x0000000080000064, INSTR: 0x1f400913, REG x18: 0x00000000000001f4
PC: 0x0000000080000068, INSTR: 0x12c00a13, REG x20: 0x000000000000012c
PC: 0x000000008000006c, INSTR: 0x06400a93, REG x21: 0x0000000000000064
PC: 0x0000000080000070, INSTR: 0x03200b13, REG x22: 0x0000000000000032
PC: 0x0000000080000074, INSTR: 0x00042703, REG x14: 0xffffffffffffffff, MEM 0x0000000080000158
PC: 0x0000000080000078, INSTR: 0x09600793, REG x15: 0x0000000000000096
PC: 0x000000008000007c, INSTR: 0x02e94063
PC: 0x0000000080000080, INSTR: 0x06400793, REG x15: 0x0000000000000064
PC: 0x0000000080000084, INSTR: 0x00ea4c63
PC: 0x0000000080000088, INSTR: 0x04b00793, REG x15: 0x000000000000004b
PC: 0x000000008000008c, INSTR: 0x00eac863
PC: 0x0000000080000090, INSTR: 0x00000793, REG x15: 0x0000000000000000
PC: 0x0000000080000094, INSTR: 0x00eb5463
PC: 0x000000008000009c, INSTR: 0x0004a503, REG x10: 0x0000000000000000, MEM 0x0000000080000120
PC: 0x00000000800000a0, INSTR: 0x00440413, REG x8: 0x000000008000015c
PC: 0x00000000800000a4, INSTR: 0x00448493, REG x9: 0x0000000080000124
PC: 0x00000000800000a8, INSTR: 0x40f50533, REG x10: 0x0000000000000000
PC: 0x00000000800000ac, INSTR: 0x00153513, REG x10: 0x0000000000000001
PC: 0x00000000800000b0, INSTR: 0xf61ff0ef, REG x1: 0x00000000800000b4
PC: 0x0000000080000010, INSTR: 0x00050463
PC: 0x0000000080000014, INSTR: 0x00008067
PC: 0x00000000800000b4, INSTR: 0xfd3410e3
PC: 0x0000000080000074, INSTR: 0x00042703, REG x14: 0x0000000000000000, MEM 0x000000008000015c
PC: 0x0000000080000078, INSTR: 0x09600793, REG x15: 0x0000000000000096
PC: 0x000000008000007c, INSTR: 0x02e94063
PC: 0x0000000080000080, INSTR: 0x06400793, REG x15: 0x0000000000000064
PC: 0x0000000080000084, INSTR: 0x00ea4c63
PC: 0x0000000080000088, INSTR: 0x04b00793, REG x15: 0x000000000000004b
PC: 0x000000008000008c, INSTR: 0x00eac863
PC: 0x0000000080000090, INSTR: 0x00000793, REG x15: 0x0000000000000000
PC: 0x0000000080000094, INSTR: 0x00eb5463
PC: 0x000000008000009c, INSTR: 0x0004a503, REG x10: 0x0000000000000000, MEM 0x0000000080000124
PC: 0x00000000800000a0, INSTR: 0x00440413, REG x8: 0x0000000080000160
PC: 0x00000000800000a4, INSTR: 0x00448493, REG x9: 0x0000000080000128
PC: 0x00000000800000a8, INSTR: 0x40f50533, REG x10: 0x0000000000000000
PC: 0x00000000800000ac, INSTR: 0x00153513, REG x10: 0x0000000000000001
PC: 0x00000000800000b0, INSTR: 0xf61ff0ef, REG x1: 0x00000000800000b4
PC: 0x0000000080000010, INSTR: 0x00050463
PC: 0x0000000080000014, INSTR: 0x00008067
PC: 0x00000000800000b4, INSTR: 0xfd3410e3
PC: 0x0000000080000074, INSTR: 0x00042703, REG x14: 0x0000000000000031, MEM 0x0000000080000160
PC: 0x0000000080000078, INSTR: 0x09600793, REG x15: 0x0000000000000096
PC: 0x000000008000007c, INSTR: 0x02e94063
PC: 0x0000000080000080, INSTR: 0x06400793, REG x15: 0x0000000000000064
PC: 0x0000000080000084, INSTR: 0x00ea4c63
PC: 0x0000000080000088, INSTR: 0x04b00793, REG x15: 0x000000000000004b
PC: 0x000000008000008c, INSTR: 0x00eac863
PC: 0x0000000080000090, INSTR: 0x00000793, REG x15: 0x0000000000000000
PC: 0x0000000080000094, INSTR: 0x00eb5463
PC: 0x000000008000009c, INSTR: 0x0004a503, REG x10: 0x0000000000000000, MEM 0x0000000080000128
PC: 0x00000000800000a0, INSTR: 0x00440413, REG x8: 0x0000000080000164
PC: 0x00000000800000a4, INSTR: 0x00448493, REG x9: 0x000000008000012c
PC: 0x00000000800000a8, INSTR: 0x40f50533, REG x10: 0x0000000000000000
PC: 0x00000000800000ac, INSTR: 0x00153513, REG x10: 0x0000000000000001
PC: 0x00000000800000b0, INSTR: 0xf61ff0ef, REG x1: 0x00000000800000b4
PC: 0x0000000080000010, INSTR: 0x00050463
PC: 0x0000000080000014, INSTR: 0x00008067
PC: 0x00000000800000b4, INSTR: 0xfd3410e3
PC: 0x0000000080000074, INSTR: 0x00042703, REG x14: 0x0000000000000032, MEM 0x0000000080000164
PC: 0x0000000080000078, INSTR: 0x09600793, REG x15: 0x0000000000000096
PC: 0x000000008000007c, INSTR: 0x02e94063
PC: 0x0000000080000080, INSTR: 0x06400793, REG x15: 0x0000000000000064
PC: 0x0000000080000084, INSTR: 0x00ea4c63
PC: 0x0000000080000088, INSTR: 0x04b00793, REG x15: 0x000000000000004b
PC: 0x000000008000008c, INSTR: 0x00eac863
PC: 0x0000000080000090, INSTR: 0x00000793, REG x15: 0x0000000000000000
PC: 0x0000000080000094, INSTR: 0x00eb5463
PC: 0x000000008000009c, INSTR: 0x0004a503, REG x10: 0x0000000000000000, MEM 0x000000008000012c
PC: 0x00000000800000a0, INSTR: 0x00440413, REG x8: 0x0000000080000168
PC: 0x00000000800000a4, INSTR: 0x00448493, REG x9: 0x0000000080000130
PC: 0x00000000800000a8, INSTR: 0x40f50533, REG x10: 0x0000000000000000
PC: 0x00000000800000ac, INSTR: 0x00153513, REG x10: 0x0000000000000001
PC: 0x00000000800000b0, INSTR: 0xf61ff0ef, REG x1: 0x00000000800000b4
PC: 0x0000000080000010, INSTR: 0x00050463
PC: 0x0000000080000014, INSTR: 0x00008067
PC: 0x00000000800000b4, INSTR: 0xfd3410e3
PC: 0x0000000080000074, INSTR: 0x00042703, REG x14: 0x0000000000000033, MEM 0x0000000080000168
PC: 0x0000000080000078, INSTR: 0x09600793, REG x15: 0x0000000000000096
PC: 0x000000008000007c, INSTR: 0x02e94063
PC: 0x0000000080000080, INSTR: 0x06400793, REG x15: 0x0000000000000064
PC: 0x0000000080000084, INSTR: 0x00ea4c63
PC: 0x0000000080000088, INSTR: 0x04b00793, REG x15: 0x000000000000004b
PC: 0x000000008000008c, INSTR: 0x00eac863
PC: 0x0000000080000090, INSTR: 0x00000793, REG x15: 0x0000000000000000
PC: 0x0000000080000094, INSTR: 0x00eb5463
PC: 0x0000000080000098, INSTR: 0x03200793, REG x15: 0x0000000000000032
PC: 0x000000008000009c, INSTR: 0x0004a503, REG x10: 0x0000000000000032, MEM 0x0000000080000130
PC: 0x00000000800000a0, INSTR: 0x00440413, REG x8: 0x000000008000016c
PC: 0x00000000800000a4, INSTR: 0x00448493, REG x9: 0x0000000080000134
PC: 0x00000000800000a8, INSTR: 0x40f50533, REG x10: 0x0000000000000000
PC: 0x00000000800000ac, INSTR: 0x00153513, REG x10: 0x0000000000000001
PC: 0x00000000800000b0, INSTR: 0xf61ff0ef, REG x1: 0x00000000800000b4
PC: 0x0000000080000010, INSTR: 0x00050463
PC: 0x0000000080000014, INSTR: 0x00008067
PC: 0x00000000800000b4, INSTR: 0xfd3410e3
PC: 0x0000000080000074, INSTR: 0x00042703, REG x14: 0x0000000000000063, MEM 0x000000008000016c
PC: 0x0000000080000078, INSTR: 0x09600793, REG x15: 0x0000000000000096
PC: 0x000000008000007c, INSTR: 0x02e94063
PC: 0x0000000080000080, INSTR: 0x06400793, REG x15: 0x0000000000000064
PC: 0x0000000080000084, INSTR: 0x00ea4c63
PC: 0x0000000080000088, INSTR: 0x04b00793, REG x15: 0x000000000000004b
PC: 0x000000008000008c, INSTR: 0x00eac863
PC: 0x0000000080000090, INSTR: 0x00000793, REG x15: 0x0000000000000000
PC: 0x0000000080000094, INSTR: 0x00eb5463
PC: 0x0000000080000098, INSTR: 0x03200793, REG x15: 0x0000000000000032
PC: 0x000000008000009c, INSTR: 0x0004a503, REG x10: 0x0000000000000032, MEM 0x0000000080000134
PC: 0x00000000800000a0, INSTR: 0x00440413, REG x8: 0x0000000080000170
PC: 0x00000000800000a4, INSTR: 0x00448493, REG x9: 0x0000000080000138
PC: 0x00000000800000a8, INSTR: 0x40f50533, REG x10: 0x0000000000000000
PC: 0x00000000800000ac, INSTR: 0x00153513, REG x10: 0x0000000000000001
PC: 0x00000000800000b0, INSTR: 0xf61ff0ef, REG x1: 0x00000000800000b4
PC: 0x0000000080000010, INSTR: 0x00050463
PC: 0x0000000080000014, INSTR: 0x00008067
PC: 0x00000000800000b4, INSTR: 0xfd3410e3
PC: 0x0000000080000074, INSTR: 0x00042703, REG x14: 0x0000000000000064, MEM 0x0000000080000170
PC: 0x0000000080000078, INSTR: 0x09600793, REG x15: 0x0000000000000096
PC: 0x000000008000007c, INSTR: 0x02e94063
PC: 0x0000000080000080, INSTR: 0x06400793, REG x15: 0x0000000000000064
PC: 0x0000000080000084, INSTR: 0x00ea4c63
PC: 0x0000000080000088, INSTR: 0x04b00793, REG x15: 0x000000000000004b
PC: 0x000000008000008c, INSTR: 0x00eac863
PC: 0x0000000080000090, INSTR: 0x00000793, REG x15: 0x0000000000000000
PC: 0x0000000080000094, INSTR: 0x00eb5463
PC: 0x0000000080000098, INSTR: 0x03200793, REG x15: 0x0000000000000032
PC: 0x000000008000009c, INSTR: 0x0004a503, REG x10: 0x0000000000000032, MEM 0x0000000080000138
PC: 0x00000000800000a0, INSTR: 0x00440413, REG x8: 0x0000000080000174
PC: 0x00000000800000a4, INSTR: 0x00448493, REG x9: 0x000000008000013c
PC: 0x00000000800000a8, INSTR: 0x40f50533, REG x10: 0x0000000000000000
PC: 0x00000000800000ac, INSTR: 0x00153513, REG x10: 0x0000000000000001
PC: 0x00000000800000b0, INSTR: 0xf61ff0ef, REG x1: 0x00000000800000b4
PC: 0x0000000080000010, INSTR: 0x00050463
PC: 0x0000000080000014, INSTR: 0x00008067
PC: 0x00000000800000b4, INSTR: 0xfd3410e3
PC: 0x0000000080000074, INSTR: 0x00042703, REG x14: 0x0000000000000065, MEM 0x0000000080000174
PC: 0x0000000080000078, INSTR: 0x09600793, REG x15: 0x0000000000000096
PC: 0x000000008000007c, INSTR: 0x02e94063
PC: 0x0000000080000080, INSTR: 0x06400793, REG x15: 0x0000000000000064
PC: 0x0000000080000084, INSTR: 0x00ea4c63
PC: 0x0000000080000088, INSTR: 0x04b00793, REG x15: 0x000000000000004b
PC: 0x000000008000008c, INSTR: 0x00eac863
PC: 0x000000008000009c, INSTR: 0x0004a503, REG x10: 0x000000000000004b, MEM 0x000000008000013c
PC: 0x00000000800000a0, INSTR: 0x00440413, REG x8: 0x0000000080000178
PC: 0x00000000800000a4, INSTR: 0x00448493, REG x9: 0x0000000080000140
PC: 0x00000000800000a8, INSTR: 0x40f50533, REG x10: 0x0000000000000000
PC: 0x00000000800000ac, INSTR: 0x00153513, REG x10: 0x0000000000000001
PC: 0x00000000800000b0, INSTR: 0xf61ff0ef, REG x1: 0x00000000800000b4
PC: 0x0000000080000010, INSTR: 0x00050463
PC: 0x0000000080000014, INSTR: 0x00008067
PC: 0x00000000800000b4, INSTR: 0xfd3410e3
PC: 0x0000000080000074, INSTR: 0x00042703, REG x14: 0x000000000000012b, MEM 0x0000000080000178
PC: 0x0000000080000078, INSTR: 0x09600793, REG x15: 0x0000000000000096
PC: 0x000000008000007c, INSTR: 0x02e94063
PC: 0x0000000080000080, INSTR: 0x06400793, REG x15: 0x0000000000000064
PC: 0x0000000080000084, INSTR: 0x00ea4c63
PC: 0x0000000080000088, INSTR: 0x04b00793, REG x15: 0x000000000000004b
PC: 0x000000008000008c, INSTR: 0x00eac863
PC: 0x000000008000009c, INSTR: 0x0004a503, REG x10: 0x000000000000004b, MEM 0x0000000080000140
PC: 0x00000000800000a0, INSTR: 0x00440413, REG x8: 0x000000008000017c
PC: 0x00000000800000a4, INSTR: 0x00448493, REG x9: 0x0000000080000144
PC: 0x00000000800000a8, INSTR: 0x40f50533, REG x10: 0x0000000000000000
PC: 0x00000000800000ac, INSTR: 0x00153513, REG x10: 0x0000000000000001
PC: 0x00000000800000b0, INSTR: 0xf61ff0ef, REG x1: 0x00000000800000b4
PC: 0x0000000080000010, INSTR: 0x00050463
PC: 0x0000000080000014, INSTR: 0x00008067
PC: 0x00000000800000b4, INSTR: 0xfd3410e3
PC: 0x0000000080000074, INSTR: 0x00042703, REG x14: 0x000000000000012c, MEM 0x000000008000017c
PC: 0x0000000080000078, INSTR: 0x09600793, REG x15: 0x0000000000000096
PC: 0x000000008000007c, INSTR: 0x02e94063
PC: 0x0000000080000080, INSTR: 0x06400793, REG x15: 0x0000000000000064
PC: 0x0000000080000084, INSTR: 0x00ea4c63
PC: 0x0000000080000088, INSTR: 0x04b00793, REG x15: 0x000000000000004b
PC: 0x000000008000008c, INSTR: 0x00eac863
PC: 0x000000008000009c, INSTR: 0x0004a503, REG x10: 0x000000000000004b, MEM 0x0000000080000144
PC: 0x00000000800000a0, INSTR: 0x00440413, REG x8: 0x0000000080000180
PC: 0x00000000800000a4, INSTR: 0x00448493, REG x9: 0x0000000080000148
PC: 0x00000000800000a8, INSTR: 0x40f50533, REG x10: 0x0000000000000000
PC: 0x00000000800000ac, INSTR: 0x00153513, REG x10: 0x0000000000000001
PC: 0x00000000800000b0, INSTR: 0xf61ff0ef, REG x1: 0x00000000800000b4
PC: 0x0000000080000010, INSTR: 0x00050463
PC: 0x0000000080000014, INSTR: 0x00008067
PC: 0x00000000800000b4, INSTR: 0xfd3410e3
PC: 0x0000000080000074, INSTR: 0x00042703, REG x14: 0x000000000000012d, MEM 0x0000000080000180
PC: 0x0000000080000078, INSTR: 0x09600793, REG x15: 0x0000000000000096
PC: 0x000000008000007c, INSTR: 0x02e94063
PC: 0x0000000080000080, INSTR: 0x06400793, REG x15: 0x0000000000000064
PC: 0x0000000080000084, INSTR: 0x00ea4c63
PC: 0x000000008000009c, INSTR: 0x0004a503, REG x10: 0x0000000000000064, MEM 0x0000000080000148
PC: 0x00000000800000a0, INSTR: 0x00440413, REG x8: 0x0000000080000184
PC: 0x00000000800000a4, INSTR: 0x00448493, REG x9: 0x000000008000014c
PC: 0x00000000800000a8, INSTR: 0x40f50533, REG x10: 0x0000000000000000
PC: 0x00000000800000ac, INSTR: 0x00153513, REG x10: 0x0000000000000001
PC: 0x00000000800000b0, INSTR: 0xf61ff0ef, REG x1: 0x00000000800000b4
PC: 0x0000000080000010, INSTR: 0x00050463
PC: 0x0000000080000014, INSTR: 0x00008067
PC: 0x00000000800000b4, INSTR: 0xfd3410e3
PC: 0x0000000080000074, INSTR: 0x00042703, REG x14: 0x00000000000001f3, MEM 0x0000000080000184
PC: 0x0000000080000078, INSTR: 0x09600793, REG x15: 0x0000000000000096
PC: 0x000000008000007c, INSTR: 0x02e94063
PC: 0x0000000080000080, INSTR: 0x06400793, REG x15: 0x0000000000000064
PC: 0x0000000080000084, INSTR: 0x00ea4c63
PC: 0x000000008000009c, INSTR: 0x0004a503, REG x10: 0x0000000000000064, MEM 0x000000008000014c
PC: 0x00000000800000a0, INSTR: 0x00440413, REG x8: 0x0000000080000188
PC: 0x00000000800000a4, INSTR: 0x00448493, REG x9: 0x0000000080000150
PC: 0x00000000800000a8, INSTR: 0x40f50533, REG x10: 0x0000000000000000
PC: 0x00000000800000ac, INSTR: 0x00153513, REG x10: 0x0000000000000001
PC: 0x00000000800000b0, INSTR: 0xf61ff0ef, REG x1: 0x00000000800000b4
PC: 0x0000000080000010, INSTR: 0x00050463
PC: 0x0000000080000014, INSTR: 0x00008067
PC: 0x00000000800000b4, INSTR: 0xfd3410e3
PC: 0x0000000080000074, INSTR: 0x00042703, REG x14: 0x00000000000001f4, MEM 0x0000000080000188
PC: 0x0000000080000078, INSTR: 0x09600793, REG x15: 0x0000000000000096
PC: 0x000000008000007c, INSTR: 0x02e94063
PC: 0x0000000080000080, INSTR: 0x06400793, REG x15: 0x0000000000000064
PC: 0x0000000080000084, INSTR: 0x00ea4c63
PC: 0x000000008000009c, INSTR: 0x0004a503, REG x10: 0x0000000000000064, MEM 0x0000000080000150
PC: 0x00000000800000a0, INSTR: 0x00440413, REG x8: 0x000000008000018c
PC: 0x00000000800000a4, INSTR: 0x00448493, REG x9: 0x0000000080000154
PC: 0x00000000800000a8, INSTR: 0x40f50533, REG x10: 0x0000000000000000
PC: 0x00000000800000ac, INSTR: 0x00153513, REG x10: 0x0000000000000001
PC: 0x00000000800000b0, INSTR: 0xf61ff0ef, REG x1: 0x00000000800000b4
PC: 0x0000000080000010, INSTR: 0x00050463
PC: 0x0000000080000014, INSTR: 0x00008067
PC: 0x00000000800000b4, INSTR: 0xfd3410e3
PC: 0x0000000080000074, INSTR: 0x00042703, REG x14: 0x00000000000001f5, MEM 0x000000008000018c
PC: 0x0000000080000078, INSTR: 0x09600793, REG x15: 0x0000000000000096
PC: 0x000000008000007c, INSTR: 0x02e94063
PC: 0x000000008000009c, INSTR: 0x0004a503, REG x10: 0x0000000000000096, MEM 0x0000000080000154
PC: 0x00000000800000a0, INSTR: 0x00440413, REG x8: 0x0000000080000190
PC: 0x00000000800000a4, INSTR: 0x00448493, REG x9: 0x0000000080000158
PC: 0x00000000800000a8, INSTR: 0x40f50533, REG x10: 0x0000000000000000
PC: 0x00000000800000ac, INSTR: 0x00153513, REG x10: 0x0000000000000001
PC: 0x00000000800000b0, INSTR: 0xf61ff0ef, REG x1: 0x00000000800000b4
PC: 0x0000000080000010, INSTR: 0x00050463
PC: 0x0000000080000014, INSTR: 0x00008067
PC: 0x00000000800000b4, INSTR: 0xfd3410e3
PC: 0x00000000800000b8, INSTR: 0x00100513, REG x10: 0x0000000000000001
PC: 0x00000000800000bc, INSTR: 0xf55ff0ef, REG x1: 0x00000000800000c0
PC: 0x0000000080000010, INSTR: 0x00050463
PC: 0x0000000080000014, INSTR: 0x00008067
PC: 0x00000000800000c0, INSTR: 0x03813083, REG x1: 0x000000008000010c, MEM 0x0000000080008fe8
PC: 0x00000000800000c4, INSTR: 0x03013403, REG x8: 0x0000000000000000, MEM 0x0000000080008fe0
PC: 0x00000000800000c8, INSTR: 0x02813483, REG x9: 0x0000000000000000, MEM 0x0000000080008fd8
PC: 0x00000000800000cc, INSTR: 0x02013903, REG x18: 0x0000000000000000, MEM 0x0000000080008fd0
PC: 0x00000000800000d0, INSTR: 0x01813983, REG x19: 0x0000000000000000, MEM 0x0000000080008fc8
PC: 0x00000000800000d4, INSTR: 0x01013a03, REG x20: 0x0000000000000000, MEM 0x0000000080008fc0
PC: 0x00000000800000d8, INSTR: 0x00813a83, REG x21: 0x0000000000000000, MEM 0x0000000080008fb8
PC: 0x00000000800000dc, INSTR: 0x00013b03, REG x22: 0x0000000000000000, MEM 0x0000000080008fb0
PC: 0x00000000800000e0, INSTR: 0x00000513, REG x10: 0x0000000000000000
PC: 0x00000000800000e4, INSTR: 0x04010113, REG x2: 0x0000000080008ff0
PC: 0x00000000800000e8, INSTR: 0x00008067
PC: 0x000000008000010c, INSTR: 0x00050513, REG x10: 0x0000000000000000
