PC: 0x0000000080000000, INSTR: 0x00000413, REG x8: 0x0000000000000000
PC: 0x0000000080000004, INSTR: 0x00009117, REG x2: 0x0000000080009004
PC: 0x0000000080000008, INSTR: 0xffc10113, REG x2: 0x0000000080009000
PC: 0x000000008000000c, INSTR: 0x144000ef, REG x1: 0x0000000080000010
PC: 0x0000000080000150, INSTR: 0xff010113, REG x2: 0x0000000080008ff0
PC: 0x0000000080000154, INSTR: 0x00000517, REG x10: 0x0000000080000154
PC: 0x0000000080000158, INSTR: 0x01c50513, REG x10: 0x0000000080000170
PC: 0x000000008000015c, INSTR: 0x00113423, MEM 0x0000000080008ff8: 0x0000000080000010
PC: 0x0000000080000160, INSTR: 0xec9ff0ef, REG x1: 0x0000000080000164
PC: 0x0000000080000028, INSTR: 0xf9010113, REG x2: 0x0000000080008f80
PC: 0x000000008000002c, INSTR: 0x03613823, MEM 0x0000000080008fb0: 0x0000000000000000
PC: 0x0000000080000030, INSTR: 0x00000b17, REG x22: 0x0000000080000030
PC: 0x0000000080000034, INSTR: 0x248b0b13, REG x22: 0x0000000080000278
PC: 0x0000000080000038, INSTR: 0x05213823, MEM 0x0000000080008fd0: 0x0000000000000000
PC: 0x000000008000003c, INSTR: 0x03713423, MEM 0x0000000080008fa8: 0x0000000000000000
PC: 0x0000000080000040, INSTR: 0x03813023, MEM 0x0000000080008fa0: 0x0000000000000000
PC: 0x0000000080000044, INSTR: 0x06113423, MEM 0x0000000080008fe8: 0x0000000080000164
PC: 0x0000000080000048, INSTR: 0x06813023, MEM 0x0000000080008fe0: 0x0000000000000000
PC: 0x000000008000004c, INSTR: 0x04913c23, MEM 0x0000000080008fd8: 0x0000000000000000
PC: 0x0000000080000050, INSTR: 0x05313423, MEM 0x0000000080008fc8: 0x0000000000000000
PC: 0x0000000080000054, INSTR: 0x05413023, MEM 0x0000000080008fc0: 0x0000000000000000
PC: 0x0000000080000058, INSTR: 0x03513c23, MEM 0x0000000080008fb8: 0x0000000000000000
PC: 0x000000008000005c, INSTR: 0x01913c23, MEM 0x0000000080008f98: 0x0000000000000000
PC: 0x0000000080000060, INSTR: 0x01a13823, MEM 0x0000000080008f90: 0x0000000000000000
PC: 0x0000000080000064, INSTR: 0x01b13423, MEM 0x0000000080008f88: 0x0000000000000000
PC: 0x0000000080000068, INSTR: 0x00000c17, REG x24: 0x0000000080000068
PC: 0x000000008000006c, INSTR: 0x110c0c13, REG x24: 0x0000000080000178
PC: 0x0000000080000070, INSTR: 0x00000917, REG x18: 0x0000000080000070
PC: 0x0000000080000074, INSTR: 0x21890913, REG x18: 0x0000000080000288
PC: 0x0000000080000078, INSTR: 0x000b0b93, REG x23: 0x0000000080000278
PC: 0x000000008000007c, INSTR: 0x000baa83, REG x21: 0x0000000000000000, MEM 0x0000000080000278
PC: 0x0000000080000080, INSTR: 0x000c0993, REG x19: 0x0000000080000178
PC: 0x0000000080000084, INSTR: 0x000b0493, REG x9: 0x0000000080000278
PC: 0x0000000080000088, INSTR: 0x000a8c93, REG x25: 0x0000000000000000
PC: 0x000000008000008c, INSTR: 0x0004a783, REG x15: 0x0000000000000000, MEM 0x0000000080000278
PC: 0x0000000080000090, INSTR: 0x0007841b, REG x8: 0x0000000000000000
PC: 0x0000000080000094, INSTR: 0x00fad463
PC: 0x000000008000009c, INSTR: 0x00098d93, REG x27: 0x0000000080000178
PC: 0x00000000800000a0, INSTR: 0x000b0d13, REG x26: 0x0000000080000278
PC: 0x00000000800000a4, INSTR: 0x00040a13, REG x20: 0x0000000000000000
PC: 0x00000000800000a8, INSTR: 0x000d2783, REG x15: 0x0000000000000000, MEM 0x0000000080000278
PC: 0x00000000800000ac, INSTR: 0x0007851b, REG x10: 0x0000000000000000
PC: 0x00000000800000b0, INSTR: 0x00f45463
PC: 0x00000000800000b8, INSTR: 0x000da783, REG x15: 0x0000000000000000, MEM 0x0000000080000178
PC: 0x00000000800000bc, INSTR: 0x004d0d13, REG x26: 0x000000008000027c
PC: 0x00000000800000c0, INSTR: 0x004d8d93, REG x27: 0x000000008000017c
PC: 0x00000000800000c4, INSTR: 0x40f50533, REG x10: 0x0000000000000000
PC: 0x00000000800000c8, INSTR: 0x00153513, REG x10: 0x0000000000000001
PC: 0x00000000800000cc, INSTR: 0xf45ff0ef, REG x1: 0x00000000800000d0
PC: 0x0000000080000010, INSTR: 0x00050463
PC: 0x0000000080000014, INSTR: 0x00008067
PC: 0x00000000800000d0, INSTR: 0xfd2d1ce3
PC: 0x00000000800000a8, INSTR: 0x000d2783, REG x15: 0x000000007fffffff, MEM 0x000000008000027c
PC: 0x00000000800000ac, INSTR: 0x0007851b, REG x10: 0x000000007fffffff
PC: 0x00000000800000b0, INSTR: 0x00f45463
PC: 0x00000000800000b4, INSTR: 0x000a051b, REG x10: 0x0000000000000000
PC: 0x00000000800000b8, INSTR: 0x000da783, REG x15: 0x0000000000000000, MEM 0x000000008000017c
PC: 0x00000000800000bc, INSTR: 0x004d0d13, REG x26: 0x0000000080000280
PC: 0x00000000800000c0, INSTR: 0x004d8d93, REG x27: 0x0000000080000180
PC: 0x00000000800000c4, INSTR: 0x40f50533, REG x10: 0x0000000000000000
PC: 0x00000000800000c8, INSTR: 0x00153513, REG x10: 0x0000000000000001
PC: 0x00000000800000cc, INSTR: 0xf45ff0ef, REG x1: 0x00000000800000d0
PC: 0x0000000080000010, INSTR: 0x00050463
PC: 0x0000000080000014, INSTR: 0x00008067
PC: 0x00000000800000d0, INSTR: 0xfd2d1ce3
PC: 0x00000000800000a8, INSTR: 0x000d2783, REG x15: 0xffffffff80000000, MEM 0x0000000080000280
PC: 0x00000000800000ac, INSTR: 0x0007851b, REG x10: 0xffffffff80000000
PC: 0x00000000800000b0, INSTR: 0x00f45463
PC: 0x00000000800000b8, INSTR: 0x000da783, REG x15: 0xffffffff80000000, MEM 0x0000000080000180
PC: 0x00000000800000bc, INSTR: 0x004d0d13, REG x26: 0x0000000080000284
PC: 0x00000000800000c0, INSTR: 0x004d8d93, REG x27: 0x0000000080000184
PC: 0x00000000800000c4, INSTR: 0x40f50533, REG x10: 0x0000000000000000
PC: 0x00000000800000c8, INSTR: 0x00153513, REG x10: 0x0000000000000001
PC: 0x00000000800000cc, INSTR: 0xf45ff0ef, REG x1: 0x00000000800000d0
PC: 0x0000000080000010, INSTR: 0x00050463
PC: 0x0000000080000014, INSTR: 0x00008067
PC: 0x00000000800000d0, INSTR: 0xfd2d1ce3
PC: 0x00000000800000a8, INSTR: 0x000d2783, REG x15: 0xffffffffffffffff, MEM 0x0000000080000284
PC: 0x00000000800000ac, INSTR: 0x0007851b, REG x10: 0xffffffffffffffff
PC: 0x00000000800000b0, INSTR: 0x00f45463
PC: 0x00000000800000b8, INSTR: 0x000da783, REG x15: 0xffffffffffffffff, MEM 0x0000000080000184
PC: 0x00000000800000bc, INSTR: 0x004d0d13, REG x26: 0x0000000080000288
PC: 0x00000000800000c0, INSTR: 0x004d8d93, REG x27: 0x0000000080000188
PC: 0x00000000800000c4, INSTR: 0x40f50533, REG x10: 0x0000000000000000
PC: 0x00000000800000c8, INSTR: 0x00153513, REG x10: 0x0000000000000001
PC: 0x00000000800000cc, INSTR: 0xf45ff0ef, REG x1: 0x00000000800000d0
PC: 0x0000000080000010, INSTR: 0x00050463
PC: 0x0000000080000014, INSTR: 0x00008067
PC: 0x00000000800000d0, INSTR: 0xfd2d1ce3
PC: 0x00000000800000d4, INSTR: 0x00100513, REG x10: 0x0000000000000001
PC: 0x00000000800000d8, INSTR: 0x00448493, REG x9: 0x000000008000027c
PC: 0x00000000800000dc, INSTR: 0xf35ff0ef, REG x1: 0x00000000800000e0
PC: 0x0000000080000010, INSTR: 0x00050463
PC: 0x0000000080000014, INSTR: 0x00008067
PC: 0x00000000800000e0, INSTR: 0x01098993, REG x19: 0x0000000080000188
PC: 0x00000000800000e4, INSTR: 0xfba494e3
PC: 0x000000008000008c, INSTR: 0x0004a783, REG x15: 0x000000007fffffff, MEM 0x000000008000027c
PC: 0x0000000080000090, INSTR: 0x0007841b, REG x8: 0x000000007fffffff
PC: 0x0000000080000094, INSTR: 0x00fad463
PC: 0x0000000080000098, INSTR: 0x000c841b, REG x8: 0x0000000000000000
PC: 0x000000008000009c, INSTR: 0x00098d93, REG x27: 0x0000000080000188
PC: 0x00000000800000a0, INSTR: 0x000b0d13, REG x26: 0x0000000080000278
PC: 0x00000000800000a4, INSTR: 0x00040a13, REG x20: 0x0000000000000000
PC: 0x00000000800000a8, INSTR: 0x000d2783, REG x15: 0x0000000000000000, MEM 0x0000000080000278
PC: 0x00000000800000ac, INSTR: 0x0007851b, REG x10: 0x0000000000000000
PC: 0x00000000800000b0, INSTR: 0x00f45463
PC: 0x00000000800000b8, INSTR: 0x000da783, REG x15: 0x0000000000000000, MEM 0x0000000080000188
PC: 0x00000000800000bc, INSTR: 0x004d0d13, REG x26: 0x000000008000027c
PC: 0x00000000800000c0, INSTR: 0x004d8d93, REG x27: 0x000000008000018c
PC: 0x00000000800000c4, INSTR: 0x40f50533, REG x10: 0x0000000000000000
PC: 0x00000000800000c8, INSTR: 0x00153513, REG x10: 0x0000000000000001
PC: 0x00000000800000cc, INSTR: 0xf45ff0ef, REG x1: 0x00000000800000d0
PC: 0x0000000080000010, INSTR: 0x00050463
PC: 0x0000000080000014, INSTR: 0x00008067
PC: 0x00000000800000d0, INSTR: 0xfd2d1ce3
PC: 0x00000000800000a8, INSTR: 0x000d2783, REG x15: 0x000000007fffffff, MEM 0x000000008000027c
PC: 0x00000000800000ac, INSTR: 0x0007851b, REG x10: 0x000000007fffffff
PC: 0x00000000800000b0, INSTR: 0x00f45463
PC: 0x00000000800000b4, INSTR: 0x000a051b, REG x10: 0x0000000000000000
PC: 0x00000000800000b8, INSTR: 0x000da783, REG x15: 0x0000000000000000, MEM 0x000000008000018c
PC: 0x00000000800000bc, INSTR: 0x004d0d13, REG x26: 0x0000000080000280
PC: 0x00000000800000c0, INSTR: 0x004d8d93, REG x27: 0x0000000080000190
PC: 0x00000000800000c4, INSTR: 0x40f50533, REG x10: 0x0000000000000000
PC: 0x00000000800000c8, INSTR: 0x00153513, REG x10: 0x0000000000000001
PC: 0x00000000800000cc, INSTR: 0xf45ff0ef, REG x1: 0x00000000800000d0
PC: 0x0000000080000010, INSTR: 0x00050463
PC: 0x0000000080000014, INSTR: 0x00008067
PC: 0x00000000800000d0, INSTR: 0xfd2d1ce3
PC: 0x00000000800000a8, INSTR: 0x000d2783, REG x15: 0xffffffff80000000, MEM 0x0000000080000280
PC: 0x00000000800000ac, INSTR: 0x0007851b, REG x10: 0xffffffff80000000
PC: 0x00000000800000b0, INSTR: 0x00f45463
PC: 0x00000000800000b8, INSTR: 0x000da783, REG x15: 0xffffffff80000000, MEM 0x0000000080000190
PC: 0x00000000800000bc, INSTR: 0x004d0d13, REG x26: 0x0000000080000284
PC: 0x00000000800000c0, INSTR: 0x004d8d93, REG x27: 0x0000000080000194
PC: 0x00000000800000c4, INSTR: 0x40f50533, REG x10: 0x0000000000000000
PC: 0x00000000800000c8, INSTR: 0x00153513, REG x10: 0x0000000000000001
PC: 0x00000000800000cc, INSTR: 0xf45ff0ef, REG x1: 0x00000000800000d0
PC: 0x0000000080000010, INSTR: 0x00050463
PC: 0x0000000080000014, INSTR: 0x00008067
PC: 0x00000000800000d0, INSTR: 0xfd2d1ce3
PC: 0x00000000800000a8, INSTR: 0x000d2783, REG x15: 0xffffffffffffffff, MEM 0x0000000080000284
PC: 0x00000000800000ac, INSTR: 0x0007851b, REG x10: 0xffffffffffffffff
PC: 0x00000000800000b0, INSTR: 0x00f45463
PC: 0x00000000800000b8, INSTR: 0x000da783, REG x15: 0xffffffffffffffff, MEM 0x0000000080000194
PC: 0x00000000800000bc, INSTR: 0x004d0d13, REG x26: 0x0000000080000288
PC: 0x00000000800000c0, INSTR: 0x004d8d93, REG x27: 0x0000000080000198
PC: 0x00000000800000c4, INSTR: 0x40f50533, REG x10: 0x0000000000000000
PC: 0x00000000800000c8, INSTR: 0x00153513, REG x10: 0x0000000000000001
PC: 0x00000000800000cc, INSTR: 0xf45ff0ef, REG x1: 0x00000000800000d0
PC: 0x0000000080000010, INSTR: 0x00050463
PC: 0x0000000080000014, INSTR: 0x00008067
PC: 0x00000000800000d0, INSTR: 0xfd2d1ce3
PC: 0x00000000800000d4, INSTR: 0x00100513, REG x10: 0x0000000000000001
PC: 0x00000000800000d8, INSTR: 0x00448493, REG x9: 0x0000000080000280
PC: 0x00000000800000dc, INSTR: 0xf35ff0ef, REG x1: 0x00000000800000e0
PC: 0x0000000080000010, INSTR: 0x00050463
PC: 0x0000000080000014, INSTR: 0x00008067
PC: 0x00000000800000e0, INSTR: 0x01098993, REG x19: 0x0000000080000198
PC: 0x00000000800000e4, INSTR: 0xfba494e3
PC: 0x000000008000008c, INSTR: 0x0004a783, REG x15: 0xffffffff80000000, MEM 0x0000000080000280
PC: 0x0000000080000090, INSTR: 0x0007841b, REG x8: 0xffffffff80000000
PC: 0x0000000080000094, INSTR: 0x00fad463
PC: 0x000000008000009c, INSTR: 0x00098d93, REG x27: 0x0000000080000198
PC: 0x00000000800000a0, INSTR: 0x000b0d13, REG x26: 0x0000000080000278
PC: 0x00000000800000a4, INSTR: 0x00040a13, REG x20: 0xffffffff80000000
PC: 0x00000000800000a8, INSTR: 0x000d2783, REG x15: 0x0000000000000000, MEM 0x0000000080000278
PC: 0x00000000800000ac, INSTR: 0x0007851b, REG x10: 0x0000000000000000
PC: 0x00000000800000b0, INSTR: 0x00f45463
PC: 0x00000000800000b4, INSTR: 0x000a051b, REG x10: 0xffffffff80000000
PC: 0x00000000800000b8, INSTR: 0x000da783, REG x15: 0xffffffff80000000, MEM 0x0000000080000198
PC: 0x00000000800000bc, INSTR: 0x004d0d13, REG x26: 0x000000008000027c
PC: 0x00000000800000c0, INSTR: 0x004d8d93, REG x27: 0x000000008000019c
PC: 0x00000000800000c4, INSTR: 0x40f50533, REG x10: 0x0000000000000000
PC: 0x00000000800000c8, INSTR: 0x00153513, REG x10: 0x0000000000000001
PC: 0x00000000800000cc, INSTR: 0xf45ff0ef, REG x1: 0x00000000800000d0
PC: 0x0000000080000010, INSTR: 0x00050463
PC: 0x0000000080000014, INSTR: 0x00008067
PC: 0x00000000800000d0, INSTR: 0xfd2d1ce3
PC: 0x00000000800000a8, INSTR: 0x000d2783, REG x15: 0x000000007fffffff, MEM 0x000000008000027c
PC: 0x00000000800000ac, INSTR: 0x0007851b, REG x10: 0x000000007fffffff
PC: 0x00000000800000b0, INSTR: 0x00f45463
PC: 0x00000000800000b4, INSTR: 0x000a051b, REG x10: 0xffffffff80000000
PC: 0x00000000800000b8, INSTR: 0x000da783, REG x15: 0xffffffff80000000, MEM 0x000000008000019c
PC: 0x00000000800000bc, INSTR: 0x004d0d13, REG x26: 0x0000000080000280
PC: 0x00000000800000c0, INSTR: 0x004d8d93, REG x27: 0x00000000800001a0
PC: 0x00000000800000c4, INSTR: 0x40f50533, REG x10: 0x0000000000000000
PC: 0x00000000800000c8, INSTR: 0x00153513, REG x10: 0x0000000000000001
PC: 0x00000000800000cc, INSTR: 0xf45ff0ef, REG x1: 0x00000000800000d0
PC: 0x0000000080000010, INSTR: 0x00050463
PC: 0x0000000080000014, INSTR: 0x00008067
PC: 0x00000000800000d0, INSTR: 0xfd2d1ce3
PC: 0x00000000800000a8, INSTR: 0x000d2783, REG x15: 0xffffffff80000000, MEM 0x0000000080000280
PC: 0x00000000800000ac, INSTR: 0x0007851b, REG x10: 0xffffffff80000000
PC: 0x00000000800000b0, INSTR: 0x00f45463
PC: 0x00000000800000b8, INSTR: 0x000da783, REG x15: 0xffffffff80000000, MEM 0x00000000800001a0
PC: 0x00000000800000bc, INSTR: 0x004d0d13, REG x26: 0x0000000080000284
PC: 0x00000000800000c0, INSTR: 0x004d8d93, REG x27: 0x00000000800001a4
PC: 0x00000000800000c4, INSTR: 0x40f50533, REG x10: 0x0000000000000000
PC: 0x00000000800000c8, INSTR: 0x00153513, REG x10: 0x0000000000000001
PC: 0x00000000800000cc, INSTR: 0xf45ff0ef, REG x1: 0x00000000800000d0
PC: 0x0000000080000010, INSTR: 0x00050463
PC: 0x0000000080000014, INSTR: 0x00008067
PC: 0x00000000800000d0, INSTR: 0xfd2d1ce3
PC: 0x00000000800000a8, INSTR: 0x000d2783, REG x15: 0xffffffffffffffff, MEM 0x0000000080000284
PC: 0x00000000800000ac, INSTR: 0x0007851b, REG x10: 0xffffffffffffffff
PC: 0x00000000800000b0, INSTR: 0x00f45463
PC: 0x00000000800000b4, INSTR: 0x000a051b, REG x10: 0xffffffff80000000
PC: 0x00000000800000b8, INSTR: 0x000da783, REG x15: 0xffffffff80000000, MEM 0x00000000800001a4
PC: 0x00000000800000bc, INSTR: 0x004d0d13, REG x26: 0x0000000080000288
PC: 0x00000000800000c0, INSTR: 0x004d8d93, REG x27: 0x00000000800001a8
PC: 0x00000000800000c4, INSTR: 0x40f50533, REG x10: 0x0000000000000000
PC: 0x00000000800000c8, INSTR: 0x00153513, REG x10: 0x0000000000000001
PC: 0x00000000800000cc, INSTR: 0xf45ff0ef, REG x1: 0x00000000800000d0
PC: 0x0000000080000010, INSTR: 0x00050463
PC: 0x0000000080000014, INSTR: 0x00008067
PC: 0x00000000800000d0, INSTR: 0xfd2d1ce3
PC: 0x00000000800000d4, INSTR: 0x00100513, REG x10: 0x0000000000000001
PC: 0x00000000800000d8, INSTR: 0x00448493, REG x9: 0x0000000080000284
PC: 0x00000000800000dc, INSTR: 0xf35ff0ef, REG x1: 0x00000000800000e0
PC: 0x0000000080000010, INSTR: 0x00050463
PC: 0x0000000080000014, INSTR: 0x00008067
PC: 0x00000000800000e0, INSTR: 0x01098993, REG x19: 0x00000000800001a8
PC: 0x00000000800000e4, INSTR: 0xfba494e3
PC: 0x000000008000008c, INSTR: 0x0004a783, REG x15: 0xffffffffffffffff, MEM 0x0000000080000284
PC: 0x0000000080000090, INSTR: 0x0007841b, REG x8: 0xffffffffffffffff
PC: 0x0000000080000094, INSTR: 0x00fad463
PC: 0x000000008000009c, INSTR: 0x00098d93, REG x27: 0x00000000800001a8
PC: 0x00000000800000a0, INSTR: 0x000b0d13, REG x26: 0x0000000080000278
PC: 0x00000000800000a4, INSTR: 0x00040a13, REG x20: 0xffffffffffffffff
PC: 0x00000000800000a8, INSTR: 0x000d2783, REG x15: 0x0000000000000000, MEM 0x0000000080000278
PC: 0x00000000800000ac, INSTR: 0x0007851b, REG x10: 0x0000000000000000
PC: 0x00000000800000b0, INSTR: 0x00f45463
PC: 0x00000000800000b4, INSTR: 0x000a051b, REG x10: 0xffffffffffffffff
PC: 0x00000000800000b8, INSTR: 0x000da783, REG x15: 0xffffffffffffffff, MEM 0x00000000800001a8
PC: 0x00000000800000bc, INSTR: 0x004d0d13, REG x26: 0x000000008000027c
PC: 0x00000000800000c0, INSTR: 0x004d8d93, REG x27: 0x00000000800001ac
PC: 0x00000000800000c4, INSTR: 0x40f50533, REG x10: 0x0000000000000000
PC: 0x00000000800000c8, INSTR: 0x00153513, REG x10: 0x0000000000000001
PC: 0x00000000800000cc, INSTR: 0xf45ff0ef, REG x1: 0x00000000800000d0
PC: 0x0000000080000010, INSTR: 0x00050463
PC: 0x0000000080000014, INSTR: 0x00008067
PC: 0x00000000800000d0, INSTR: 0xfd2d1ce3
PC: 0x00000000800000a8, INSTR: 0x000d2783, REG x15: 0x000000007fffffff, MEM 0x000000008000027c
PC: 0x00000000800000ac, INSTR: 0x0007851b, REG x10: 0x000000007fffffff
PC: 0x00000000800000b0, INSTR: 0x00f45463
PC: 0x00000000800000b4, INSTR: 0x000a051b, REG x10: 0xffffffffffffffff
PC: 0x00000000800000b8, INSTR: 0x000da783, REG x15: 0xffffffffffffffff, MEM 0x00000000800001ac
PC: 0x00000000800000bc, INSTR: 0x004d0d13, REG x26: 0x0000000080000280
PC: 0x00000000800000c0, INSTR: 0x004d8d93, REG x27: 0x00000000800001b0
PC: 0x00000000800000c4, INSTR: 0x40f50533, REG x10: 0x0000000000000000
PC: 0x00000000800000c8, INSTR: 0x00153513, REG x10: 0x0000000000000001
PC: 0x00000000800000cc, INSTR: 0xf45ff0ef, REG x1: 0x00000000800000d0
PC: 0x0000000080000010, INSTR: 0x00050463
PC: 0x0000000080000014, INSTR: 0x00008067
PC: 0x00000000800000d0, INSTR: 0xfd2d1ce3
PC: 0x00000000800000a8, INSTR: 0x000d2783, REG x15: 0xffffffff80000000, MEM 0x0000000080000280
PC: 0x00000000800000ac, INSTR: 0x0007851b, REG x10: 0xffffffff80000000
PC: 0x00000000800000b0, INSTR: 0x00f45463
PC: 0x00000000800000b8, INSTR: 0x000da783, REG x15: 0xffffffff80000000, MEM 0x00000000800001b0
PC: 0x00000000800000bc, INSTR: 0x004d0d13, REG x26: 0x0000000080000284
PC: 0x00000000800000c0, INSTR: 0x004d8d93, REG x27: 0x00000000800001b4
PC: 0x00000000800000c4, INSTR: 0x40f50533, REG x10: 0x0000000000000000
PC: 0x00000000800000c8, INSTR: 0x00153513, REG x10: 0x0000000000000001
PC: 0x00000000800000cc, INSTR: 0xf45ff0ef, REG x1: 0x00000000800000d0
PC: 0x0000000080000010, INSTR: 0x00050463
PC: 0x0000000080000014, INSTR: 0x00008067
PC: 0x00000000800000d0, INSTR: 0xfd2d1ce3
PC: 0x00000000800000a8, INSTR: 0x000d2783, REG x15: 0xffffffffffffffff, MEM 0x0000000080000284
PC: 0x00000000800000ac, INSTR: 0x0007851b, REG x10: 0xffffffffffffffff
PC: 0x00000000800000b0, INSTR: 0x00f45463
PC: 0x00000000800000b8, INSTR: 0x000da783, REG x15: 0xffffffffffffffff, MEM 0x00000000800001b4
PC: 0x00000000800000bc, INSTR: 0x004d0d13, REG x26: 0x0000000080000288
PC: 0x00000000800000c0, INSTR: 0x004d8d93, REG x27: 0x00000000800001b8
PC: 0x00000000800000c4, INSTR: 0x40f50533, REG x10: 0x0000000000000000
PC: 0x00000000800000c8, INSTR: 0x00153513, REG x10: 0x0000000000000001
PC: 0x00000000800000cc, INSTR: 0xf45ff0ef, REG x1: 0x00000000800000d0
PC: 0x0000000080000010, INSTR: 0x00050463
PC: 0x0000000080000014, INSTR: 0x00008067
PC: 0x00000000800000d0, INSTR: 0xfd2d1ce3
PC: 0x00000000800000d4, INSTR: 0x00100513, REG x10: 0x0000000000000001
PC: 0x00000000800000d8, INSTR: 0x00448493, REG x9: 0x0000000080000288
PC: 0x00000000800000dc, INSTR: 0xf35ff0ef, REG x1: 0x00000000800000e0
PC: 0x0000000080000010, INSTR: 0x00050463
PC: 0x0000000080000014, INSTR: 0x00008067
PC: 0x00000000800000e0, INSTR: 0x01098993, REG x19: 0x00000000800001b8
PC: 0x00000000800000e4, INSTR: 0xfba494e3
PC: 0x00000000800000e8, INSTR: 0x00100513, REG x10: 0x0000000000000001
PC: 0x00000000800000ec, INSTR: 0x004b8b93, REG x23: 0x000000008000027c
PC: 0x00000000800000f0, INSTR: 0xf21ff0ef, REG x1: 0x00000000800000f4
PC: 0x0000000080000010, INSTR: 0x00050463
PC: 0x0000000080000014, INSTR: 0x00008067
PC: 0x00000000800000f4, INSTR: 0x040c0c13, REG x24: 0x00000000800001b8
PC: 0x00000000800000f8, INSTR: 0xf89b92e3
PC: 0x000000008000007c, INSTR: 0x000baa83, REG x21: 0x000000007fffffff, MEM 0x000000008000027c
PC: 0x0000000080000080, INSTR: 0x000c0993, REG x19: 0x00000000800001b8
PC: 0x0000000080000084, INSTR: 0x000b0493, REG x9: 0x0000000080000278
PC: 0x0000000080000088, INSTR: 0x000a8c93, REG x25: 0x000000007fffffff
PC: 0x000000008000008c, INSTR: 0x0004a783, REG x15: 0x0000000000000000, MEM 0x0000000080000278
PC: 0x0000000080000090, INSTR: 0x0007841b, REG x8: 0x0000000000000000
PC: 0x0000000080000094, INSTR: 0x00fad463
PC: 0x000000008000009c, INSTR: 0x00098d93, REG x27: 0x00000000800001b8
PC: 0x00000000800000a0, INSTR: 0x000b0d13, REG x26: 0x0000000080000278
PC: 0x00000000800000a4, INSTR: 0x00040a13, REG x20: 0x0000000000000000
PC: 0x00000000800000a8, INSTR: 0x000d2783, REG x15: 0x0000000000000000, MEM 0x0000000080000278
PC: 0x00000000800000ac, INSTR: 0x0007851b, REG x10: 0x0000000000000000
PC: 0x00000000800000b0, INSTR: 0x00f45463
PC: 0x00000000800000b8, INSTR: 0x000da783, REG x15: 0x0000000000000000, MEM 0x00000000800001b8
PC: 0x00000000800000bc, INSTR: 0x004d0d13, REG x26: 0x000000008000027c
PC: 0x00000000800000c0, INSTR: 0x004d8d93, REG x27: 0x00000000800001bc
PC: 0x00000000800000c4, INSTR: 0x40f50533, REG x10: 0x0000000000000000
PC: 0x00000000800000c8, INSTR: 0x00153513, REG x10: 0x0000000000000001
PC: 0x00000000800000cc, INSTR: 0xf45ff0ef, REG x1: 0x00000000800000d0
PC: 0x0000000080000010, INSTR: 0x00050463
PC: 0x0000000080000014, INSTR: 0x00008067
PC: 0x00000000800000d0, INSTR: 0xfd2d1ce3
PC: 0x00000000800000a8, INSTR: 0x000d2783, REG x15: 0x000000007fffffff, MEM 0x000000008000027c
PC: 0x00000000800000ac, INSTR: 0x0007851b, REG x10: 0x000000007fffffff
PC: 0x00000000800000b0, INSTR: 0x00f45463
PC: 0x00000000800000b4, INSTR: 0x000a051b, REG x10: 0x0000000000000000
PC: 0x00000000800000b8, INSTR: 0x000da783, REG x15: 0x0000000000000000, MEM 0x00000000800001bc
PC: 0x00000000800000bc, INSTR: 0x004d0d13, REG x26: 0x0000000080000280
PC: 0x00000000800000c0, INSTR: 0x004d8d93, REG x27: 0x00000000800001c0
PC: 0x00000000800000c4, INSTR: 0x40f50533, REG x10: 0x0000000000000000
PC: 0x00000000800000c8, INSTR: 0x00153513, REG x10: 0x0000000000000001
PC: 0x00000000800000cc, INSTR: 0xf45ff0ef, REG x1: 0x00000000800000d0
PC: 0x0000000080000010, INSTR: 0x00050463
PC: 0x0000000080000014, INSTR: 0x00008067
PC: 0x00000000800000d0, INSTR: 0xfd2d1ce3
PC: 0x00000000800000a8, INSTR: 0x000d2783, REG x15: 0xffffffff80000000, MEM 0x0000000080000280
PC: 0x00000000800000ac, INSTR: 0x0007851b, REG x10: 0xffffffff80000000
PC: 0x00000000800000b0, INSTR: 0x00f45463
PC: 0x00000000800000b8, INSTR: 0x000da783, REG x15: 0xffffffff80000000, MEM 0x00000000800001c0
PC: 0x00000000800000bc, INSTR: 0x004d0d13, REG x26: 0x0000000080000284
PC: 0x00000000800000c0, INSTR: 0x004d8d93, REG x27: 0x00000000800001c4
PC: 0x00000000800000c4, INSTR: 0x40f50533, REG x10: 0x0000000000000000
PC: 0x00000000800000c8, INSTR: 0x00153513, REG x10: 0x0000000000000001
PC: 0x00000000800000cc, INSTR: 0xf45ff0ef, REG x1: 0x00000000800000d0
PC: 0x0000000080000010, INSTR: 0x00050463
PC: 0x0000000080000014, INSTR: 0x00008067
PC: 0x00000000800000d0, INSTR: 0xfd2d1ce3
PC: 0x00000000800000a8, INSTR: 0x000d2783, REG x15: 0xffffffffffffffff, MEM 0x0000000080000284
PC: 0x00000000800000ac, INSTR: 0x0007851b, REG x10: 0xffffffffffffffff
PC: 0x00000000800000b0, INSTR: 0x00f45463
PC: 0x00000000800000b8, INSTR: 0x000da783, REG x15: 0xffffffffffffffff, MEM 0x00000000800001c4
PC: 0x00000000800000bc, INSTR: 0x004d0d13, REG x26: 0x0000000080000288
PC: 0x00000000800000c0, INSTR: 0x004d8d93, REG x27: 0x00000000800001c8
PC: 0x00000000800000c4, INSTR: 0x40f50533, REG x10: 0x0000000000000000
PC: 0x00000000800000c8, INSTR: 0x00153513, REG x10: 0x0000000000000001
PC: 0x00000000800000cc, INSTR: 0xf45ff0ef, REG x1: 0x00000000800000d0
PC: 0x0000000080000010, INSTR: 0x00050463
PC: 0x0000000080000014, INSTR: 0x00008067
PC: 0x00000000800000d0, INSTR: 0xfd2d1ce3
PC: 0x00000000800000d4, INSTR: 0x00100513, REG x10: 0x0000000000000001
PC: 0x00000000800000d8, INSTR: 0x00448493, REG x9: 0x000000008000027c
PC: 0x00000000800000dc, INSTR: 0xf35ff0ef, REG x1: 0x00000000800000e0
PC: 0x0000000080000010, INSTR: 0x00050463
PC: 0x0000000080000014, INSTR: 0x00008067
PC: 0x00000000800000e0, INSTR: 0x01098993, REG x19: 0x00000000800001c8
PC: 0x00000000800000e4, INSTR: 0xfba494e3
PC: 0x000000008000008c, INSTR: 0x0004a783, REG x15: 0x000000007fffffff, MEM 0x000000008000027c
PC: 0x0000000080000090, INSTR: 0x0007841b, REG x8: 0x000000007fffffff
PC: 0x0000000080000094, INSTR: 0x00fad463
PC: 0x000000008000009c, INSTR: 0x00098d93, REG x27: 0x00000000800001c8
PC: 0x00000000800000a0, INSTR: 0x000b0d13, REG x26: 0x0000000080000278
PC: 0x00000000800000a4, INSTR: 0x00040a13, REG x20: 0x000000007fffffff
PC: 0x00000000800000a8, INSTR: 0x000d2783, REG x15: 0x0000000000000000, MEM 0x0000000080000278
PC: 0x00000000800000ac, INSTR: 0x0007851b, REG x10: 0x0000000000000000
PC: 0x00000000800000b0, INSTR: 0x00f45463
PC: 0x00000000800000b8, INSTR: 0x000da783, REG x15: 0x0000000000000000, MEM 0x00000000800001c8
PC: 0x00000000800000bc, INSTR: 0x004d0d13, REG x26: 0x000000008000027c
PC: 0x00000000800000c0, INSTR: 0x004d8d93, REG x27: 0x00000000800001cc
PC: 0x00000000800000c4, INSTR: 0x40f50533, REG x10: 0x0000000000000000
PC: 0x00000000800000c8, INSTR: 0x00153513, REG x10: 0x0000000000000001
PC: 0x00000000800000cc, INSTR: 0xf45ff0ef, REG x1: 0x00000000800000d0
PC: 0x0000000080000010, INSTR: 0x00050463
PC: 0x0000000080000014, INSTR: 0x00008067
PC: 0x00000000800000d0, INSTR: 0xfd2d1ce3
PC: 0x00000000800000a8, INSTR: 0x000d2783, REG x15: 0x000000007fffffff, MEM 0x000000008000027c
PC: 0x00000000800000ac, INSTR: 0x0007851b, REG x10: 0x000000007fffffff
PC: 0x00000000800000b0, INSTR: 0x00f45463
PC: 0x00000000800000b8, INSTR: 0x000da783, REG x15: 0x000000007fffffff, MEM 0x00000000800001cc
PC: 0x00000000800000bc, INSTR: 0x004d0d13, REG x26: 0x0000000080000280
PC: 0x00000000800000c0, INSTR: 0x004d8d93, REG x27: 0x00000000800001d0
PC: 0x00000000800000c4, INSTR: 0x40f50533, REG x10: 0x0000000000000000
PC: 0x00000000800000c8, INSTR: 0x00153513, REG x10: 0x0000000000000001
PC: 0x00000000800000cc, INSTR: 0xf45ff0ef, REG x1: 0x00000000800000d0
PC: 0x0000000080000010, INSTR: 0x00050463
PC: 0x0000000080000014, INSTR: 0x00008067
PC: 0x00000000800000d0, INSTR: 0xfd2d1ce3
PC: 0x00000000800000a8, INSTR: 0x000d2783, REG x15: 0xffffffff80000000, MEM 0x0000000080000280
PC: 0x00000000800000ac, INSTR: 0x0007851b, REG x10: 0xffffffff80000000
PC: 0x00000000800000b0, INSTR: 0x00f45463
PC: 0x00000000800000b8, INSTR: 0x000da783, REG x15: 0xffffffff80000000, MEM 0x00000000800001d0
PC: 0x00000000800000bc, INSTR: 0x004d0d13, REG x26: 0x0000000080000284
PC: 0x00000000800000c0, INSTR: 0x004d8d93, REG x27: 0x00000000800001d4
PC: 0x00000000800000c4, INSTR: 0x40f50533, REG x10: 0x0000000000000000
PC: 0x00000000800000c8, INSTR: 0x00153513, REG x10: 0x0000000000000001
PC: 0x00000000800000cc, INSTR: 0xf45ff0ef, REG x1: 0x00000000800000d0
PC: 0x0000000080000010, INSTR: 0x00050463
PC: 0x0000000080000014, INSTR: 0x00008067
PC: 0x00000000800000d0, INSTR: 0xfd2d1ce3
PC: 0x00000000800000a8, INSTR: 0x000d2783, REG x15: 0xffffffffffffffff, MEM 0x0000000080000284
PC: 0x00000000800000ac, INSTR: 0x0007851b, REG x10: 0xffffffffffffffff
PC: 0x00000000800000b0, INSTR: 0x00f45463
PC: 0x00000000800000b8, INSTR: 0x000da783, REG x15: 0xffffffffffffffff, MEM 0x00000000800001d4
PC: 0x00000000800000bc, INSTR: 0x004d0d13, REG x26: 0x0000000080000288
PC: 0x00000000800000c0, INSTR: 0x004d8d93, REG x27: 0x00000000800001d8
PC: 0x00000000800000c4, INSTR: 0x40f50533, REG x10: 0x0000000000000000
PC: 0x00000000800000c8, INSTR: 0x00153513, REG x10: 0x0000000000000001
PC: 0x00000000800000cc, INSTR: 0xf45ff0ef, REG x1: 0x00000000800000d0
PC: 0x0000000080000010, INSTR: 0x00050463
PC: 0x0000000080000014, INSTR: 0x00008067
PC: 0x00000000800000d0, INSTR: 0xfd2d1ce3
PC: 0x00000000800000d4, INSTR: 0x00100513, REG x10: 0x0000000000000001
PC: 0x00000000800000d8, INSTR: 0x00448493, REG x9: 0x0000000080000280
PC: 0x00000000800000dc, INSTR: 0xf35ff0ef, REG x1: 0x00000000800000e0
PC: 0x0000000080000010, INSTR: 0x00050463
PC: 0x0000000080000014, INSTR: 0x00008067
PC: 0x00000000800000e0, INSTR: 0x01098993, REG x19: 0x00000000800001d8
PC: 0x00000000800000e4, INSTR: 0xfba494e3
PC: 0x000000008000008c, INSTR: 0x0004a783, REG x15: 0xffffffff80000000, MEM 0x0000000080000280
PC: 0x0000000080000090, INSTR: 0x0007841b, REG x8: 0xffffffff80000000
PC: 0x0000000080000094, INSTR: 0x00fad463
PC: 0x000000008000009c, INSTR: 0x00098d93, REG x27: 0x00000000800001d8
PC: 0x00000000800000a0, INSTR: 0x000b0d13, REG x26: 0x0000000080000278
PC: 0x00000000800000a4, INSTR: 0x00040a13, REG x20: 0xffffffff80000000
PC: 0x00000000800000a8, INSTR: 0x000d2783, REG x15: 0x0000000000000000, MEM 0x0000000080000278
PC: 0x00000000800000ac, INSTR: 0x0007851b, REG x10: 0x0000000000000000
PC: 0x00000000800000b0, INSTR: 0x00f45463
PC: 0x00000000800000b4, INSTR: 0x000a051b, REG x10: 0xffffffff80000000
PC: 0x00000000800000b8, INSTR: 0x000da783, REG x15: 0xffffffff80000000, MEM 0x00000000800001d8
PC: 0x00000000800000bc, INSTR: 0x004d0d13, REG x26: 0x000000008000027c
PC: 0x00000000800000c0, INSTR: 0x004d8d93, REG x27: 0x00000000800001dc
PC: 0x00000000800000c4, INSTR: 0x40f50533, REG x10: 0x0000000000000000
PC: 0x00000000800000c8, INSTR: 0x00153513, REG x10: 0x0000000000000001
PC: 0x00000000800000cc, INSTR: 0xf45ff0ef, REG x1: 0x00000000800000d0
PC: 0x0000000080000010, INSTR: 0x00050463
PC: 0x0000000080000014, INSTR: 0x00008067
PC: 0x00000000800000d0, INSTR: 0xfd2d1ce3
PC: 0x00000000800000a8, INSTR: 0x000d2783, REG x15: 0x000000007fffffff, MEM 0x000000008000027c
PC: 0x00000000800000ac, INSTR: 0x0007851b, REG x10: 0x000000007fffffff
PC: 0x00000000800000b0, INSTR: 0x00f45463
PC: 0x00000000800000b4, INSTR: 0x000a051b, REG x10: 0xffffffff80000000
PC: 0x00000000800000b8, INSTR: 0x000da783, REG x15: 0xffffffff80000000, MEM 0x00000000800001dc
PC: 0x00000000800000bc, INSTR: 0x004d0d13, REG x26: 0x0000000080000280
PC: 0x00000000800000c0, INSTR: 0x004d8d93, REG x27: 0x00000000800001e0
PC: 0x00000000800000c4, INSTR: 0x40f50533, REG x10: 0x0000000000000000
PC: 0x00000000800000c8, INSTR: 0x00153513, REG x10: 0x0000000000000001
PC: 0x00000000800000cc, INSTR: 0xf45ff0ef, REG x1: 0x00000000800000d0
PC: 0x0000000080000010, INSTR: 0x00050463
PC: 0x0000000080000014, INSTR: 0x00008067
PC: 0x00000000800000d0, INSTR: 0xfd2d1ce3
PC: 0x00000000800000a8, INSTR: 0x000d2783, REG x15: 0xffffffff80000000, MEM 0x0000000080000280
PC: 0x00000000800000ac, INSTR: 0x0007851b, REG x10: 0xffffffff80000000
PC: 0x00000000800000b0, INSTR: 0x00f45463
PC: 0x00000000800000b8, INSTR: 0x000da783, REG x15: 0xffffffff80000000, MEM 0x00000000800001e0
PC: 0x00000000800000bc, INSTR: 0x004d0d13, REG x26: 0x0000000080000284
PC: 0x00000000800000c0, INSTR: 0x004d8d93, REG x27: 0x00000000800001e4
PC: 0x00000000800000c4, INSTR: 0x40f50533, REG x10: 0x0000000000000000
PC: 0x00000000800000c8, INSTR: 0x00153513, REG x10: 0x0000000000000001
PC: 0x00000000800000cc, INSTR: 0xf45ff0ef, REG x1: 0x00000000800000d0
PC: 0x0000000080000010, INSTR: 0x00050463
PC: 0x0000000080000014, INSTR: 0x00008067
PC: 0x00000000800000d0, INSTR: 0xfd2d1ce3
PC: 0x00000000800000a8, INSTR: 0x000d2783, REG x15: 0xffffffffffffffff, MEM 0x0000000080000284
PC: 0x00000000800000ac, INSTR: 0x0007851b, REG x10: 0xffffffffffffffff
PC: 0x00000000800000b0, INSTR: 0x00f45463
PC: 0x00000000800000b4, INSTR: 0x000a051b, REG x10: 0xffffffff80000000
PC: 0x00000000800000b8, INSTR: 0x000da783, REG x15: 0xffffffff80000000, MEM 0x00000000800001e4
PC: 0x00000000800000bc, INSTR: 0x004d0d13, REG x26: 0x0000000080000288
PC: 0x00000000800000c0, INSTR: 0x004d8d93, REG x27: 0x00000000800001e8
PC: 0x00000000800000c4, INSTR: 0x40f50533, REG x10: 0x0000000000000000
PC: 0x00000000800000c8, INSTR: 0x00153513, REG x10: 0x0000000000000001
PC: 0x00000000800000cc, INSTR: 0xf45ff0ef, REG x1: 0x00000000800000d0
PC: 0x0000000080000010, INSTR: 0x00050463
PC: 0x0000000080000014, INSTR: 0x00008067
PC: 0x00000000800000d0, INSTR: 0xfd2d1ce3
PC: 0x00000000800000d4, INSTR: 0x00100513, REG x10: 0x0000000000000001
PC: 0x00000000800000d8, INSTR: 0x00448493, REG x9: 0x0000000080000284
PC: 0x00000000800000dc, INSTR: 0xf35ff0ef, REG x1: 0x00000000800000e0
PC: 0x0000000080000010, INSTR: 0x00050463
PC: 0x0000000080000014, INSTR: 0x00008067
PC: 0x00000000800000e0, INSTR: 0x01098993, REG x19: 0x00000000800001e8
PC: 0x00000000800000e4, INSTR: 0xfba494e3
PC: 0x000000008000008c, INSTR: 0x0004a783, REG x15: 0xffffffffffffffff, MEM 0x0000000080000284
PC: 0x0000000080000090, INSTR: 0x0007841b, REG x8: 0xffffffffffffffff
PC: 0x0000000080000094, INSTR: 0x00fad463
PC: 0x000000008000009c, INSTR: 0x00098d93, REG x27: 0x00000000800001e8
PC: 0x00000000800000a0, INSTR: 0x000b0d13, REG x26: 0x0000000080000278
PC: 0x00000000800000a4, INSTR: 0x00040a13, REG x20: 0xffffffffffffffff
PC: 0x00000000800000a8, INSTR: 0x000d2783, REG x15: 0x0000000000000000, MEM 0x0000000080000278
PC: 0x00000000800000ac, INSTR: 0x0007851b, REG x10: 0x0000000000000000
PC: 0x00000000800000b0, INSTR: 0x00f45463
PC: 0x00000000800000b4, INSTR: 0x000a051b, REG x10: 0xffffffffffffffff
PC: 0x00000000800000b8, INSTR: 0x000da783, REG x15: 0xffffffffffffffff, MEM 0x00000000800001e8
PC: 0x00000000800000bc, INSTR: 0x004d0d13, REG x26: 0x000000008000027c
PC: 0x00000000800000c0, INSTR: 0x004d8d93, REG x27: 0x00000000800001ec
PC: 0x00000000800000c4, INSTR: 0x40f50533, REG x10: 0x0000000000000000
PC: 0x00000000800000c8, INSTR: 0x00153513, REG x10: 0x0000000000000001
PC: 0x00000000800000cc, INSTR: 0xf45ff0ef, REG x1: 0x00000000800000d0
PC: 0x0000000080000010, INSTR: 0x00050463
PC: 0x0000000080000014, INSTR: 0x00008067
PC: 0x00000000800000d0, INSTR: 0xfd2d1ce3
PC: 0x00000000800000a8, INSTR: 0x000d2783, REG x15: 0x000000007fffffff, MEM 0x000000008000027c
PC: 0x00000000800000ac, INSTR: 0x0007851b, REG x10: 0x000000007fffffff
PC: 0x00000000800000b0, INSTR: 0x00f45463
PC: 0x00000000800000b4, INSTR: 0x000a051b, REG x10: 0xffffffffffffffff
PC: 0x00000000800000b8, INSTR: 0x000da783, REG x15: 0xffffffffffffffff, MEM 0x00000000800001ec
PC: 0x00000000800000bc, INSTR: 0x004d0d13, REG x26: 0x0000000080000280
PC: 0x00000000800000c0, INSTR: 0x004d8d93, REG x27: 0x00000000800001f0
PC: 0x00000000800000c4, INSTR: 0x40f50533, REG x10: 0x0000000000000000
PC: 0x00000000800000c8, INSTR: 0x00153513, REG x10: 0x0000000000000001
PC: 0x00000000800000cc, INSTR: 0xf45ff0ef, REG x1: 0x00000000800000d0
PC: 0x0000000080000010, INSTR: 0x00050463
PC: 0x0000000080000014, INSTR: 0x00008067
PC: 0x00000000800000d0, INSTR: 0xfd2d1ce3
PC: 0x00000000800000a8, INSTR: 0x000d2783, REG x15: 0xffffffff80000000, MEM 0x0000000080000280
PC: 0x00000000800000ac, INSTR: 0x0007851b, REG x10: 0xffffffff80000000
PC: 0x00000000800000b0, INSTR: 0x00f45463
PC: 0x00000000800000b8, INSTR: 0x000da783, REG x15: 0xffffffff80000000, MEM 0x00000000800001f0
PC: 0x00000000800000bc, INSTR: 0x004d0d13, REG x26: 0x0000000080000284
PC: 0x00000000800000c0, INSTR: 0x004d8d93, REG x27: 0x00000000800001f4
PC: 0x00000000800000c4, INSTR: 0x40f50533, REG x10: 0x0000000000000000
PC: 0x00000000800000c8, INSTR: 0x00153513, REG x10: 0x0000000000000001
PC: 0x00000000800000cc, INSTR: 0xf45ff0ef, REG x1: 0x00000000800000d0
PC: 0x0000000080000010, INSTR: 0x00050463
PC: 0x0000000080000014, INSTR: 0x00008067
PC: 0x00000000800000d0, INSTR: 0xfd2d1ce3
PC: 0x00000000800000a8, INSTR: 0x000d2783, REG x15: 0xffffffffffffffff, MEM 0x0000000080000284
PC: 0x00000000800000ac, INSTR: 0x0007851b, REG x10: 0xffffffffffffffff
PC: 0x00000000800000b0, INSTR: 0x00f45463
PC: 0x00000000800000b8, INSTR: 0x000da783, REG x15: 0xffffffffffffffff, MEM 0x00000000800001f4
PC: 0x00000000800000bc, INSTR: 0x004d0d13, REG x26: 0x0000000080000288
PC: 0x00000000800000c0, INSTR: 0x004d8d93, REG x27: 0x00000000800001f8
PC: 0x00000000800000c4, INSTR: 0x40f50533, REG x10: 0x0000000000000000
PC: 0x00000000800000c8, INSTR: 0x00153513, REG x10: 0x0000000000000001
PC: 0x00000000800000cc, INSTR: 0xf45ff0ef, REG x1: 0x00000000800000d0
PC: 0x0000000080000010, INSTR: 0x00050463
PC: 0x0000000080000014, INSTR: 0x00008067
PC: 0x00000000800000d0, INSTR: 0xfd2d1ce3
PC: 0x00000000800000d4, INSTR: 0x00100513, REG x10: 0x0000000000000001
PC: 0x00000000800000d8, INSTR: 0x00448493, REG x9: 0x0000000080000288
PC: 0x00000000800000dc, INSTR: 0xf35ff0ef, REG x1: 0x00000000800000e0
PC: 0x0000000080000010, INSTR: 0x00050463
PC: 0x0000000080000014, INSTR: 0x00008067
PC: 0x00000000800000e0, INSTR: 0x01098993, REG x19: 0x00000000800001f8
PC: 0x00000000800000e4, INSTR: 0xfba494e3
PC: 0x00000000800000e8, INSTR: 0x00100513, REG x10: 0x0000000000000001
PC: 0x00000000800000ec, INSTR: 0x004b8b93, REG x23: 0x0000000080000280
PC: 0x00000000800000f0, INSTR: 0xf21ff0ef, REG x1: 0x00000000800000f4
PC: 0x0000000080000010, INSTR: 0x00050463
PC: 0x0000000080000014, INSTR: 0x00008067
PC: 0x00000000800000f4, INSTR: 0x040c0c13, REG x24: 0x00000000800001f8
PC: 0x00000000800000f8, INSTR: 0xf89b92e3
PC: 0x000000008000007c, INSTR: 0x000baa83, REG x21: 0xffffffff80000000, MEM 0x0000000080000280
PC: 0x0000000080000080, INSTR: 0x000c0993, REG x19: 0x00000000800001f8
PC: 0x0000000080000084, INSTR: 0x000b0493, REG x9: 0x0000000080000278
PC: 0x0000000080000088, INSTR: 0x000a8c93, REG x25: 0xffffffff80000000
PC: 0x000000008000008c, INSTR: 0x0004a783, REG x15: 0x0000000000000000, MEM 0x0000000080000278
PC: 0x0000000080000090, INSTR: 0x0007841b, REG x8: 0x0000000000000000
PC: 0x0000000080000094, INSTR: 0x00fad463
PC: 0x0000000080000098, INSTR: 0x000c841b, REG x8: 0xffffffff80000000
PC: 0x000000008000009c, INSTR: 0x00098d93, REG x27: 0x00000000800001f8
PC: 0x00000000800000a0, INSTR: 0x000b0d13, REG x26: 0x0000000080000278
PC: 0x00000000800000a4, INSTR: 0x00040a13, REG x20: 0xffffffff80000000
PC: 0x00000000800000a8, INSTR: 0x000d2783, REG x15: 0x0000000000000000, MEM 0x0000000080000278
PC: 0x00000000800000ac, INSTR: 0x0007851b, REG x10: 0x0000000000000000
PC: 0x00000000800000b0, INSTR: 0x00f45463
PC: 0x00000000800000b4, INSTR: 0x000a051b, REG x10: 0xffffffff80000000
PC: 0x00000000800000b8, INSTR: 0x000da783, REG x15: 0xffffffff80000000, MEM 0x00000000800001f8
PC: 0x00000000800000bc, INSTR: 0x004d0d13, REG x26: 0x000000008000027c
PC: 0x00000000800000c0, INSTR: 0x004d8d93, REG x27: 0x00000000800001fc
PC: 0x00000000800000c4, INSTR: 0x40f50533, REG x10: 0x0000000000000000
PC: 0x00000000800000c8, INSTR: 0x00153513, REG x10: 0x0000000000000001
PC: 0x00000000800000cc, INSTR: 0xf45ff0ef, REG x1: 0x00000000800000d0
PC: 0x0000000080000010, INSTR: 0x00050463
PC: 0x0000000080000014, INSTR: 0x00008067
PC: 0x00000000800000d0, INSTR: 0xfd2d1ce3
PC: 0x00000000800000a8, INSTR: 0x000d2783, REG x15: 0x000000007fffffff, MEM 0x000000008000027c
PC: 0x00000000800000ac, INSTR: 0x0007851b, REG x10: 0x000000007fffffff
PC: 0x00000000800000b0, INSTR: 0x00f45463
PC: 0x00000000800000b4, INSTR: 0x000a051b, REG x10: 0xffffffff80000000
PC: 0x00000000800000b8, INSTR: 0x000da783, REG x15: 0xffffffff80000000, MEM 0x00000000800001fc
PC: 0x00000000800000bc, INSTR: 0x004d0d13, REG x26: 0x0000000080000280
PC: 0x00000000800000c0, INSTR: 0x004d8d93, REG x27: 0x0000000080000200
PC: 0x00000000800000c4, INSTR: 0x40f50533, REG x10: 0x0000000000000000
PC: 0x00000000800000c8, INSTR: 0x00153513, REG x10: 0x0000000000000001
PC: 0x00000000800000cc, INSTR: 0xf45ff0ef, REG x1: 0x00000000800000d0
PC: 0x0000000080000010, INSTR: 0x00050463
PC: 0x0000000080000014, INSTR: 0x00008067
PC: 0x00000000800000d0, INSTR: 0xfd2d1ce3
PC: 0x00000000800000a8, INSTR: 0x000d2783, REG x15: 0xffffffff80000000, MEM 0x0000000080000280
PC: 0x00000000800000ac, INSTR: 0x0007851b, REG x10: 0xffffffff80000000
PC: 0x00000000800000b0, INSTR: 0x00f45463
PC: 0x00000000800000b8, INSTR: 0x000da783, REG x15: 0xffffffff80000000, MEM 0x0000000080000200
PC: 0x00000000800000bc, INSTR: 0x004d0d13, REG x26: 0x0000000080000284
PC: 0x00000000800000c0, INSTR: 0x004d8d93, REG x27: 0x0000000080000204
PC: 0x00000000800000c4, INSTR: 0x40f50533, REG x10: 0x0000000000000000
PC: 0x00000000800000c8, INSTR: 0x00153513, REG x10: 0x0000000000000001
PC: 0x00000000800000cc, INSTR: 0xf45ff0ef, REG x1: 0x00000000800000d0
PC: 0x0000000080000010, INSTR: 0x00050463
PC: 0x0000000080000014, INSTR: 0x00008067
PC: 0x00000000800000d0, INSTR: 0xfd2d1ce3
PC: 0x00000000800000a8, INSTR: 0x000d2783, REG x15: 0xffffffffffffffff, MEM 0x0000000080000284
PC: 0x00000000800000ac, INSTR: 0x0007851b, REG x10: 0xffffffffffffffff
PC: 0x00000000800000b0, INSTR: 0x00f45463
PC: 0x00000000800000b4, INSTR: 0x000a051b, REG x10: 0xffffffff80000000
PC: 0x00000000800000b8, INSTR: 0x000da783, REG x15: 0xffffffff80000000, MEM 0x0000000080000204
PC: 0x00000000800000bc, INSTR: 0x004d0d13, REG x26: 0x0000000080000288
PC: 0x00000000800000c0, INSTR: 0x004d8d93, REG x27: 0x0000000080000208
PC: 0x00000000800000c4, INSTR: 0x40f50533, REG x10: 0x0000000000000000
PC: 0x00000000800000c8, INSTR: 0x00153513, REG x10: 0x0000000000000001
PC: 0x00000000800000cc, INSTR: 0xf45ff0ef, REG x1: 0x00000000800000d0
PC: 0x0000000080000010, INSTR: 0x00050463
PC: 0x0000000080000014, INSTR: 0x00008067
PC: 0x00000000800000d0, INSTR: 0xfd2d1ce3
PC: 0x00000000800000d4, INSTR: 0x00100513, REG x10: 0x0000000000000001
PC: 0x00000000800000d8, INSTR: 0x00448493, REG x9: 0x000000008000027c
PC: 0x00000000800000dc, INSTR: 0xf35ff0ef, REG x1: 0x00000000800000e0
PC: 0x0000000080000010, INSTR: 0x00050463
PC: 0x0000000080000014, INSTR: 0x00008067
PC: 0x00000000800000e0, INSTR: 0x01098993, REG x19: 0x0000000080000208
PC: 0x00000000800000e4, INSTR: 0xfba494e3
PC: 0x000000008000008c, INSTR: 0x0004a783, REG x15: 0x000000007fffffff, MEM 0x000000008000027c
PC: 0x0000000080000090, INSTR: 0x0007841b, REG x8: 0x000000007fffffff
PC: 0x0000000080000094, INSTR: 0x00fad463
PC: 0x0000000080000098, INSTR: 0x000c841b, REG x8: 0xffffffff80000000
PC: 0x000000008000009c, INSTR: 0x00098d93, REG x27: 0x0000000080000208
PC: 0x00000000800000a0, INSTR: 0x000b0d13, REG x26: 0x0000000080000278
PC: 0x00000000800000a4, INSTR: 0x00040a13, REG x20: 0xffffffff80000000
PC: 0x00000000800000a8, INSTR: 0x000d2783, REG x15: 0x0000000000000000, MEM 0x0000000080000278
PC: 0x00000000800000ac, INSTR: 0x0007851b, REG x10: 0x0000000000000000
PC: 0x00000000800000b0, INSTR: 0x00f45463
PC: 0x00000000800000b4, INSTR: 0x000a051b, REG x10: 0xffffffff80000000
PC: 0x00000000800000b8, INSTR: 0x000da783, REG x15: 0xffffffff80000000, MEM 0x0000000080000208
PC: 0x00000000800000bc, INSTR: 0x004d0d13, REG x26: 0x000000008000027c
PC: 0x00000000800000c0, INSTR: 0x004d8d93, REG x27: 0x000000008000020c
PC: 0x00000000800000c4, INSTR: 0x40f50533, REG x10: 0x0000000000000000
PC: 0x00000000800000c8, INSTR: 0x00153513, REG x10: 0x0000000000000001
PC: 0x00000000800000cc, INSTR: 0xf45ff0ef, REG x1: 0x00000000800000d0
PC: 0x0000000080000010, INSTR: 0x00050463
PC: 0x0000000080000014, INSTR: 0x00008067
PC: 0x00000000800000d0, INSTR: 0xfd2d1ce3
PC: 0x00000000800000a8, INSTR: 0x000d2783, REG x15: 0x000000007fffffff, MEM 0x000000008000027c
PC: 0x00000000800000ac, INSTR: 0x0007851b, REG x10: 0x000000007fffffff
PC: 0x00000000800000b0, INSTR: 0x00f45463
PC: 0x00000000800000b4, INSTR: 0x000a051b, REG x10: 0xffffffff80000000
PC: 0x00000000800000b8, INSTR: 0x000da783, REG x15: 0xffffffff80000000, MEM 0x000000008000020c
PC: 0x00000000800000bc, INSTR: 0x004d0d13, REG x26: 0x0000000080000280
PC: 0x00000000800000c0, INSTR: 0x004d8d93, REG x27: 0x0000000080000210
PC: 0x00000000800000c4, INSTR: 0x40f50533, REG x10: 0x0000000000000000
PC: 0x00000000800000c8, INSTR: 0x00153513, REG x10: 0x0000000000000001
PC: 0x00000000800000cc, INSTR: 0xf45ff0ef, REG x1: 0x00000000800000d0
PC: 0x0000000080000010, INSTR: 0x00050463
PC: 0x0000000080000014, INSTR: 0x00008067
PC: 0x00000000800000d0, INSTR: 0xfd2d1ce3
PC: 0x00000000800000a8, INSTR: 0x000d2783, REG x15: 0xffffffff80000000, MEM 0x0000000080000280
PC: 0x00000000800000ac, INSTR: 0x0007851b, REG x10: 0xffffffff80000000
PC: 0x00000000800000b0, INSTR: 0x00f45463
PC: 0x00000000800000b8, INSTR: 0x000da783, REG x15: 0xffffffff80000000, MEM 0x0000000080000210
PC: 0x00000000800000bc, INSTR: 0x004d0d13, REG x26: 0x0000000080000284
PC: 0x00000000800000c0, INSTR: 0x004d8d93, REG x27: 0x0000000080000214
PC: 0x00000000800000c4, INSTR: 0x40f50533, REG x10: 0x0000000000000000
PC: 0x00000000800000c8, INSTR: 0x00153513, REG x10: 0x0000000000000001
PC: 0x00000000800000cc, INSTR: 0xf45ff0ef, REG x1: 0x00000000800000d0
PC: 0x0000000080000010, INSTR: 0x00050463
PC: 0x0000000080000014, INSTR: 0x00008067
PC: 0x00000000800000d0, INSTR: 0xfd2d1ce3
PC: 0x00000000800000a8, INSTR: 0x000d2783, REG x15: 0xffffffffffffffff, MEM 0x0000000080000284
PC: 0x00000000800000ac, INSTR: 0x0007851b, REG x10: 0xffffffffffffffff
PC: 0x00000000800000b0, INSTR: 0x00f45463
PC: 0x00000000800000b4, INSTR: 0x000a051b, REG x10: 0xffffffff80000000
PC: 0x00000000800000b8, INSTR: 0x000da783, REG x15: 0xffffffff80000000, MEM 0x0000000080000214
PC: 0x00000000800000bc, INSTR: 0x004d0d13, REG x26: 0x0000000080000288
PC: 0x00000000800000c0, INSTR: 0x004d8d93, REG x27: 0x0000000080000218
PC: 0x00000000800000c4, INSTR: 0x40f50533, REG x10: 0x0000000000000000
PC: 0x00000000800000c8, INSTR: 0x00153513, REG x10: 0x0000000000000001
PC: 0x00000000800000cc, INSTR: 0xf45ff0ef, REG x1: 0x00000000800000d0
PC: 0x0000000080000010, INSTR: 0x00050463
PC: 0x0000000080000014, INSTR: 0x00008067
PC: 0x00000000800000d0, INSTR: 0xfd2d1ce3
PC: 0x00000000800000d4, INSTR: 0x00100513, REG x10: 0x0000000000000001
PC: 0x00000000800000d8, INSTR: 0x00448493, REG x9: 0x0000000080000280
PC: 0x00000000800000dc, INSTR: 0xf35ff0ef, REG x1: 0x00000000800000e0
PC: 0x0000000080000010, INSTR: 0x00050463
PC: 0x0000000080000014, INSTR: 0x00008067
PC: 0x00000000800000e0, INSTR: 0x01098993, REG x19: 0x0000000080000218
PC: 0x00000000800000e4, INSTR: 0xfba494e3
PC: 0x000000008000008c, INSTR: 0x0004a783, REG x15: 0xffffffff80000000, MEM 0x0000000080000280
PC: 0x0000000080000090, INSTR: 0x0007841b, REG x8: 0xffffffff80000000
PC: 0x0000000080000094, INSTR: 0x00fad463
PC: 0x000000008000009c, INSTR: 0x00098d93, REG x27: 0x0000000080000218
PC: 0x00000000800000a0, INSTR: 0x000b0d13, REG x26: 0x0000000080000278
PC: 0x00000000800000a4, INSTR: 0x00040a13, REG x20: 0xffffffff80000000
PC: 0x00000000800000a8, INSTR: 0x000d2783, REG x15: 0x0000000000000000, MEM 0x0000000080000278
PC: 0x00000000800000ac, INSTR: 0x0007851b, REG x10: 0x0000000000000000
PC: 0x00000000800000b0, INSTR: 0x00f45463
PC: 0x00000000800000b4, INSTR: 0x000a051b, REG x10: 0xffffffff80000000
PC: 0x00000000800000b8, INSTR: 0x000da783, REG x15: 0xffffffff80000000, MEM 0x0000000080000218
PC: 0x00000000800000bc, INSTR: 0x004d0d13, REG x26: 0x000000008000027c
PC: 0x00000000800000c0, INSTR: 0x004d8d93, REG x27: 0x000000008000021c
PC: 0x00000000800000c4, INSTR: 0x40f50533, REG x10: 0x0000000000000000
PC: 0x00000000800000c8, INSTR: 0x00153513, REG x10: 0x0000000000000001
PC: 0x00000000800000cc, INSTR: 0xf45ff0ef, REG x1: 0x00000000800000d0
PC: 0x0000000080000010, INSTR: 0x00050463
PC: 0x0000000080000014, INSTR: 0x00008067
PC: 0x00000000800000d0, INSTR: 0xfd2d1ce3
PC: 0x00000000800000a8, INSTR: 0x000d2783, REG x15: 0x000000007fffffff, MEM 0x000000008000027c
PC: 0x00000000800000ac, INSTR: 0x0007851b, REG x10: 0x000000007fffffff
PC: 0x00000000800000b0, INSTR: 0x00f45463
PC: 0x00000000800000b4, INSTR: 0x000a051b, REG x10: 0xffffffff80000000
PC: 0x00000000800000b8, INSTR: 0x000da783, REG x15: 0xffffffff80000000, MEM 0x000000008000021c
PC: 0x00000000800000bc, INSTR: 0x004d0d13, REG x26: 0x0000000080000280
PC: 0x00000000800000c0, INSTR: 0x004d8d93, REG x27: 0x0000000080000220
PC: 0x00000000800000c4, INSTR: 0x40f50533, REG x10: 0x0000000000000000
PC: 0x00000000800000c8, INSTR: 0x00153513, REG x10: 0x0000000000000001
PC: 0x00000000800000cc, INSTR: 0xf45ff0ef, REG x1: 0x00000000800000d0
PC: 0x0000000080000010, INSTR: 0x00050463
PC: 0x0000000080000014, INSTR: 0x00008067
PC: 0x00000000800000d0, INSTR: 0xfd2d1ce3
PC: 0x00000000800000a8, INSTR: 0x000d2783, REG x15: 0xffffffff80000000, MEM 0x0000000080000280
PC: 0x00000000800000ac, INSTR: 0x0007851b, REG x10: 0xffffffff80000000
PC: 0x00000000800000b0, INSTR: 0x00f45463
PC: 0x00000000800000b8, INSTR: 0x000da783, REG x15: 0xffffffff80000000, MEM 0x0000000080000220
PC: 0x00000000800000bc, INSTR: 0x004d0d13, REG x26: 0x0000000080000284
PC: 0x00000000800000c0, INSTR: 0x004d8d93, REG x27: 0x0000000080000224
PC: 0x00000000800000c4, INSTR: 0x40f50533, REG x10: 0x0000000000000000
PC: 0x00000000800000c8, INSTR: 0x00153513, REG x10: 0x0000000000000001
PC: 0x00000000800000cc, INSTR: 0xf45ff0ef, REG x1: 0x00000000800000d0
PC: 0x0000000080000010, INSTR: 0x00050463
PC: 0x0000000080000014, INSTR: 0x00008067
PC: 0x00000000800000d0, INSTR: 0xfd2d1ce3
PC: 0x00000000800000a8, INSTR: 0x000d2783, REG x15: 0xffffffffffffffff, MEM 0x0000000080000284
PC: 0x00000000800000ac, INSTR: 0x0007851b, REG x10: 0xffffffffffffffff
PC: 0x00000000800000b0, INSTR: 0x00f45463
PC: 0x00000000800000b4, INSTR: 0x000a051b, REG x10: 0xffffffff80000000
PC: 0x00000000800000b8, INSTR: 0x000da783, REG x15: 0xffffffff80000000, MEM 0x0000000080000224
PC: 0x00000000800000bc, INSTR: 0x004d0d13, REG x26: 0x0000000080000288
PC: 0x00000000800000c0, INSTR: 0x004d8d93, REG x27: 0x0000000080000228
PC: 0x00000000800000c4, INSTR: 0x40f50533, REG x10: 0x0000000000000000
PC: 0x00000000800000c8, INSTR: 0x00153513, REG x10: 0x0000000000000001
PC: 0x00000000800000cc, INSTR: 0xf45ff0ef, REG x1: 0x00000000800000d0
PC: 0x0000000080000010, INSTR: 0x00050463
PC: 0x0000000080000014, INSTR: 0x00008067
PC: 0x00000000800000d0, INSTR: 0xfd2d1ce3
PC: 0x00000000800000d4, INSTR: 0x00100513, REG x10: 0x0000000000000001
PC: 0x00000000800000d8, INSTR: 0x00448493, REG x9: 0x0000000080000284
PC: 0x00000000800000dc, INSTR: 0xf35ff0ef, REG x1: 0x00000000800000e0
PC: 0x0000000080000010, INSTR: 0x00050463
PC: 0x0000000080000014, INSTR: 0x00008067
PC: 0x00000000800000e0, INSTR: 0x01098993, REG x19: 0x0000000080000228
PC: 0x00000000800000e4, INSTR: 0xfba494e3
PC: 0x000000008000008c, INSTR: 0x0004a783, REG x15: 0xffffffffffffffff, MEM 0x0000000080000284
PC: 0x0000000080000090, INSTR: 0x0007841b, REG x8: 0xffffffffffffffff
PC: 0x0000000080000094, INSTR: 0x00fad463
PC: 0x0000000080000098, INSTR: 0x000c841b, REG x8: 0xffffffff80000000
PC: 0x000000008000009c, INSTR: 0x00098d93, REG x27: 0x0000000080000228
PC: 0x00000000800000a0, INSTR: 0x000b0d13, REG x26: 0x0000000080000278
PC: 0x00000000800000a4, INSTR: 0x00040a13, REG x20: 0xffffffff80000000
PC: 0x00000000800000a8, INSTR: 0x000d2783, REG x15: 0x0000000000000000, MEM 0x0000000080000278
PC: 0x00000000800000ac, INSTR: 0x0007851b, REG x10: 0x0000000000000000
PC: 0x00000000800000b0, INSTR: 0x00f45463
PC: 0x00000000800000b4, INSTR: 0x000a051b, REG x10: 0xffffffff80000000
PC: 0x00000000800000b8, INSTR: 0x000da783, REG x15: 0xffffffff80000000, MEM 0x0000000080000228
PC: 0x00000000800000bc, INSTR: 0x004d0d13, REG x26: 0x000000008000027c
PC: 0x00000000800000c0, INSTR: 0x004d8d93, REG x27: 0x000000008000022c
PC: 0x00000000800000c4, INSTR: 0x40f50533, REG x10: 0x0000000000000000
PC: 0x00000000800000c8, INSTR: 0x00153513, REG x10: 0x0000000000000001
PC: 0x00000000800000cc, INSTR: 0xf45ff0ef, REG x1: 0x00000000800000d0
PC: 0x0000000080000010, INSTR: 0x00050463
PC: 0x0000000080000014, INSTR: 0x00008067
PC: 0x00000000800000d0, INSTR: 0xfd2d1ce3
PC: 0x00000000800000a8, INSTR: 0x000d2783, REG x15: 0x000000007fffffff, MEM 0x000000008000027c
PC: 0x00000000800000ac, INSTR: 0x0007851b, REG x10: 0x000000007fffffff
PC: 0x00000000800000b0, INSTR: 0x00f45463
PC: 0x00000000800000b4, INSTR: 0x000a051b, REG x10: 0xffffffff80000000
PC: 0x00000000800000b8, INSTR: 0x000da783, REG x15: 0xffffffff80000000, MEM 0x000000008000022c
PC: 0x00000000800000bc, INSTR: 0x004d0d13, REG x26: 0x0000000080000280
PC: 0x00000000800000c0, INSTR: 0x004d8d93, REG x27: 0x0000000080000230
PC: 0x00000000800000c4, INSTR: 0x40f50533, REG x10: 0x0000000000000000
PC: 0x00000000800000c8, INSTR: 0x00153513, REG x10: 0x0000000000000001
PC: 0x00000000800000cc, INSTR: 0xf45ff0ef, REG x1: 0x00000000800000d0
PC: 0x0000000080000010, INSTR: 0x00050463
PC: 0x0000000080000014, INSTR: 0x00008067
PC: 0x00000000800000d0, INSTR: 0xfd2d1ce3
PC: 0x00000000800000a8, INSTR: 0x000d2783, REG x15: 0xffffffff80000000, MEM 0x0000000080000280
PC: 0x00000000800000ac, INSTR: 0x0007851b, REG x10: 0xffffffff80000000
PC: 0x00000000800000b0, INSTR: 0x00f45463
PC: 0x00000000800000b8, INSTR: 0x000da783, REG x15: 0xffffffff80000000, MEM 0x0000000080000230
PC: 0x00000000800000bc, INSTR: 0x004d0d13, REG x26: 0x0000000080000284
PC: 0x00000000800000c0, INSTR: 0x004d8d93, REG x27: 0x0000000080000234
PC: 0x00000000800000c4, INSTR: 0x40f50533, REG x10: 0x0000000000000000
PC: 0x00000000800000c8, INSTR: 0x00153513, REG x10: 0x0000000000000001
PC: 0x00000000800000cc, INSTR: 0xf45ff0ef, REG x1: 0x00000000800000d0
PC: 0x0000000080000010, INSTR: 0x00050463
PC: 0x0000000080000014, INSTR: 0x00008067
PC: 0x00000000800000d0, INSTR: 0xfd2d1ce3
PC: 0x00000000800000a8, INSTR: 0x000d2783, REG x15: 0xffffffffffffffff, MEM 0x0000000080000284
PC: 0x00000000800000ac, INSTR: 0x0007851b, REG x10: 0xffffffffffffffff
PC: 0x00000000800000b0, INSTR: 0x00f45463
PC: 0x00000000800000b4, INSTR: 0x000a051b, REG x10: 0xffffffff80000000
PC: 0x00000000800000b8, INSTR: 0x000da783, REG x15: 0xffffffff80000000, MEM 0x0000000080000234
PC: 0x00000000800000bc, INSTR: 0x004d0d13, REG x26: 0x0000000080000288
PC: 0x00000000800000c0, INSTR: 0x004d8d93, REG x27: 0x0000000080000238
PC: 0x00000000800000c4, INSTR: 0x40f50533, REG x10: 0x0000000000000000
PC: 0x00000000800000c8, INSTR: 0x00153513, REG x10: 0x0000000000000001
PC: 0x00000000800000cc, INSTR: 0xf45ff0ef, REG x1: 0x00000000800000d0
PC: 0x0000000080000010, INSTR: 0x00050463
PC: 0x0000000080000014, INSTR: 0x00008067
PC: 0x00000000800000d0, INSTR: 0xfd2d1ce3
PC: 0x00000000800000d4, INSTR: 0x00100513, REG x10: 0x0000000000000001
PC: 0x00000000800000d8, INSTR: 0x00448493, REG x9: 0x0000000080000288
PC: 0x00000000800000dc, INSTR: 0xf35ff0ef, REG x1: 0x00000000800000e0
PC: 0x0000000080000010, INSTR: 0x00050463
PC: 0x0000000080000014, INSTR: 0x00008067
PC: 0x00000000800000e0, INSTR: 0x01098993, REG x19: 0x0000000080000238
PC: 0x00000000800000e4, INSTR: 0xfba494e3
PC: 0x00000000800000e8, INSTR: 0x00100513, REG x10: 0x0000000000000001
PC: 0x00000000800000ec, INSTR: 0x004b8b93, REG x23: 0x0000000080000284
PC: 0x00000000800000f0, INSTR: 0xf21ff0ef, REG x1: 0x00000000800000f4
PC: 0x0000000080000010, INSTR: 0x00050463
PC: 0x0000000080000014, INSTR: 0x00008067
PC: 0x00000000800000f4, INSTR: 0x040c0c13, REG x24: 0x0000000080000238
PC: 0x00000000800000f8, INSTR: 0xf89b92e3
PC: 0x000000008000007c, INSTR: 0x000baa83, REG x21: 0xffffffffffffffff, MEM 0x0000000080000284
PC: 0x0000000080000080, INSTR: 0x000c0993, REG x19: 0x0000000080000238
PC: 0x0000000080000084, INSTR: 0x000b0493, REG x9: 0x0000000080000278
PC: 0x0000000080000088, INSTR: 0x000a8c93, REG x25: 0xffffffffffffffff
PC: 0x000000008000008c, INSTR: 0x0004a783, REG x15: 0x0000000000000000, MEM 0x0000000080000278
PC: 0x0000000080000090, INSTR: 0x0007841b, REG x8: 0x0000000000000000
PC: 0x0000000080000094, INSTR: 0x00fad463
PC: 0x0000000080000098, INSTR: 0x000c841b, REG x8: 0xffffffffffffffff
PC: 0x000000008000009c, INSTR: 0x00098d93, REG x27: 0x0000000080000238
PC: 0x00000000800000a0, INSTR: 0x000b0d13, REG x26: 0x0000000080000278
PC: 0x00000000800000a4, INSTR: 0x00040a13, REG x20: 0xffffffffffffffff
PC: 0x00000000800000a8, INSTR: 0x000d2783, REG x15: 0x0000000000000000, MEM 0x0000000080000278
PC: 0x00000000800000ac, INSTR: 0x0007851b, REG x10: 0x0000000000000000
PC: 0x00000000800000b0, INSTR: 0x00f45463
PC: 0x00000000800000b4, INSTR: 0x000a051b, REG x10: 0xffffffffffffffff
PC: 0x00000000800000b8, INSTR: 0x000da783, REG x15: 0xffffffffffffffff, MEM 0x0000000080000238
PC: 0x00000000800000bc, INSTR: 0x004d0d13, REG x26: 0x000000008000027c
PC: 0x00000000800000c0, INSTR: 0x004d8d93, REG x27: 0x000000008000023c
PC: 0x00000000800000c4, INSTR: 0x40f50533, REG x10: 0x0000000000000000
PC: 0x00000000800000c8, INSTR: 0x00153513, REG x10: 0x0000000000000001
PC: 0x00000000800000cc, INSTR: 0xf45ff0ef, REG x1: 0x00000000800000d0
PC: 0x0000000080000010, INSTR: 0x00050463
PC: 0x0000000080000014, INSTR: 0x00008067
PC: 0x00000000800000d0, INSTR: 0xfd2d1ce3
PC: 0x00000000800000a8, INSTR: 0x000d2783, REG x15: 0x000000007fffffff, MEM 0x000000008000027c
PC: 0x00000000800000ac, INSTR: 0x0007851b, REG x10: 0x000000007fffffff
PC: 0x00000000800000b0, INSTR: 0x00f45463
PC: 0x00000000800000b4, INSTR: 0x000a051b, REG x10: 0xffffffffffffffff
PC: 0x00000000800000b8, INSTR: 0x000da783, REG x15: 0xffffffffffffffff, MEM 0x000000008000023c
PC: 0x00000000800000bc, INSTR: 0x004d0d13, REG x26: 0x0000000080000280
PC: 0x00000000800000c0, INSTR: 0x004d8d93, REG x27: 0x0000000080000240
PC: 0x00000000800000c4, INSTR: 0x40f50533, REG x10: 0x0000000000000000
PC: 0x00000000800000c8, INSTR: 0x00153513, REG x10: 0x0000000000000001
PC: 0x00000000800000cc, INSTR: 0xf45ff0ef, REG x1: 0x00000000800000d0
PC: 0x0000000080000010, INSTR: 0x00050463
PC: 0x0000000080000014, INSTR: 0x00008067
PC: 0x00000000800000d0, INSTR: 0xfd2d1ce3
PC: 0x00000000800000a8, INSTR: 0x000d2783, REG x15: 0xffffffff80000000, MEM 0x0000000080000280
PC: 0x00000000800000ac, INSTR: 0x0007851b, REG x10: 0xffffffff80000000
PC: 0x00000000800000b0, INSTR: 0x00f45463
PC: 0x00000000800000b8, INSTR: 0x000da783, REG x15: 0xffffffff80000000, MEM 0x0000000080000240
PC: 0x00000000800000bc, INSTR: 0x004d0d13, REG x26: 0x0000000080000284
PC: 0x00000000800000c0, INSTR: 0x004d8d93, REG x27: 0x0000000080000244
PC: 0x00000000800000c4, INSTR: 0x40f50533, REG x10: 0x0000000000000000
PC: 0x00000000800000c8, INSTR: 0x00153513, REG x10: 0x0000000000000001
PC: 0x00000000800000cc, INSTR: 0xf45ff0ef, REG x1: 0x00000000800000d0
PC: 0x0000000080000010, INSTR: 0x00050463
PC: 0x0000000080000014, INSTR: 0x00008067
PC: 0x00000000800000d0, INSTR: 0xfd2d1ce3
PC: 0x00000000800000a8, INSTR: 0x000d2783, REG x15: 0xffffffffffffffff, MEM 0x0000000080000284
PC: 0x00000000800000ac, INSTR: 0x0007851b, REG x10: 0xffffffffffffffff
PC: 0x00000000800000b0, INSTR: 0x00f45463
PC: 0x00000000800000b8, INSTR: 0x000da783, REG x15: 0xffffffffffffffff, MEM 0x0000000080000244
PC: 0x00000000800000bc, INSTR: 0x004d0d13, REG x26: 0x0000000080000288
PC: 0x00000000800000c0, INSTR: 0x004d8d93, REG x27: 0x0000000080000248
PC: 0x00000000800000c4, INSTR: 0x40f50533, REG x10: 0x0000000000000000
PC: 0x00000000800000c8, INSTR: 0x00153513, REG x10: 0x0000000000000001
PC: 0x00000000800000cc, INSTR: 0xf45ff0ef, REG x1: 0x00000000800000d0
PC: 0x0000000080000010, INSTR: 0x00050463
PC: 0x0000000080000014, INSTR: 0x00008067
PC: 0x00000000800000d0, INSTR: 0xfd2d1ce3
PC: 0x00000000800000d4, INSTR: 0x00100513, REG x10: 0x0000000000000001
PC: 0x00000000800000d8, INSTR: 0x00448493, REG x9: 0x000000008000027c
PC: 0x00000000800000dc, INSTR: 0xf35ff0ef, REG x1: 0x00000000800000e0
PC: 0x0000000080000010, INSTR: 0x00050463
PC: 0x0000000080000014, INSTR: 0x00008067
PC: 0x00000000800000e0, INSTR: 0x01098993, REG x19: 0x0000000080000248
PC: 0x00000000800000e4, INSTR: 0xfba494e3
PC: 0x000000008000008c, INSTR: 0x0004a783, REG x15: 0x000000007fffffff, MEM 0x000000008000027c
PC: 0x0000000080000090, INSTR: 0x0007841b, REG x8: 0x000000007fffffff
PC: 0x0000000080000094, INSTR: 0x00fad463
PC: 0x0000000080000098, INSTR: 0x000c841b, REG x8: 0xffffffffffffffff
PC: 0x000000008000009c, INSTR: 0x00098d93, REG x27: 0x0000000080000248
PC: 0x00000000800000a0, INSTR: 0x000b0d13, REG x26: 0x0000000080000278
PC: 0x00000000800000a4, INSTR: 0x00040a13, REG x20: 0xffffffffffffffff
PC: 0x00000000800000a8, INSTR: 0x000d2783, REG x15: 0x0000000000000000, MEM 0x0000000080000278
PC: 0x00000000800000ac, INSTR: 0x0007851b, REG x10: 0x0000000000000000
PC: 0x00000000800000b0, INSTR: 0x00f45463
PC: 0x00000000800000b4, INSTR: 0x000a051b, REG x10: 0xffffffffffffffff
PC: 0x00000000800000b8, INSTR: 0x000da783, REG x15: 0xffffffffffffffff, MEM 0x0000000080000248
PC: 0x00000000800000bc, INSTR: 0x004d0d13, REG x26: 0x000000008000027c
PC: 0x00000000800000c0, INSTR: 0x004d8d93, REG x27: 0x000000008000024c
PC: 0x00000000800000c4, INSTR: 0x40f50533, REG x10: 0x0000000000000000
PC: 0x00000000800000c8, INSTR: 0x00153513, REG x10: 0x0000000000000001
PC: 0x00000000800000cc, INSTR: 0xf45ff0ef, REG x1: 0x00000000800000d0
PC: 0x0000000080000010, INSTR: 0x00050463
PC: 0x0000000080000014, INSTR: 0x00008067
PC: 0x00000000800000d0, INSTR: 0xfd2d1ce3
PC: 0x00000000800000a8, INSTR: 0x000d2783, REG x15: 0x000000007fffffff, MEM 0x000000008000027c
PC: 0x00000000800000ac, INSTR: 0x0007851b, REG x10: 0x000000007fffffff
PC: 0x00000000800000b0, INSTR: 0x00f45463
PC: 0x00000000800000b4, INSTR: 0x000a051b, REG x10: 0xffffffffffffffff
PC: 0x00000000800000b8, INSTR: 0x000da783, REG x15: 0xffffffffffffffff, MEM 0x000000008000024c
PC: 0x00000000800000bc, INSTR: 0x004d0d13, REG x26: 0x0000000080000280
PC: 0x00000000800000c0, INSTR: 0x004d8d93, REG x27: 0x0000000080000250
PC: 0x00000000800000c4, INSTR: 0x40f50533, REG x10: 0x0000000000000000
PC: 0x00000000800000c8, INSTR: 0x00153513, REG x10: 0x0000000000000001
PC: 0x00000000800000cc, INSTR: 0xf45ff0ef, REG x1: 0x00000000800000d0
PC: 0x0000000080000010, INSTR: 0x00050463
PC: 0x0000000080000014, INSTR: 0x00008067
PC: 0x00000000800000d0, INSTR: 0xfd2d1ce3
PC: 0x00000000800000a8, INSTR: 0x000d2783, REG x15: 0xffffffff80000000, MEM 0x0000000080000280
PC: 0x00000000800000ac, INSTR: 0x0007851b, REG x10: 0xffffffff80000000
PC: 0x00000000800000b0, INSTR: 0x00f45463
PC: 0x00000000800000b8, INSTR: 0x000da783, REG x15: 0xffffffff80000000, MEM 0x0000000080000250
PC: 0x00000000800000bc, INSTR: 0x004d0d13, REG x26: 0x0000000080000284
PC: 0x00000000800000c0, INSTR: 0x004d8d93, REG x27: 0x0000000080000254
PC: 0x00000000800000c4, INSTR: 0x40f50533, REG x10: 0x0000000000000000
PC: 0x00000000800000c8, INSTR: 0x00153513, REG x10: 0x0000000000000001
PC: 0x00000000800000cc, INSTR: 0xf45ff0ef, REG x1: 0x00000000800000d0
PC: 0x0000000080000010, INSTR: 0x00050463
PC: 0x0000000080000014, INSTR: 0x00008067
PC: 0x00000000800000d0, INSTR: 0xfd2d1ce3
PC: 0x00000000800000a8, INSTR: 0x000d2783, REG x15: 0xffffffffffffffff, MEM 0x0000000080000284
PC: 0x00000000800000ac, INSTR: 0x0007851b, REG x10: 0xffffffffffffffff
PC: 0x00000000800000b0, INSTR: 0x00f45463
PC: 0x00000000800000b8, INSTR: 0x000da783, REG x15: 0xffffffffffffffff, MEM 0x0000000080000254
PC: 0x00000000800000bc, INSTR: 0x004d0d13, REG x26: 0x0000000080000288
PC: 0x00000000800000c0, INSTR: 0x004d8d93, REG x27: 0x0000000080000258
PC: 0x00000000800000c4, INSTR: 0x40f50533, REG x10: 0x0000000000000000
PC: 0x00000000800000c8, INSTR: 0x00153513, REG x10: 0x0000000000000001
PC: 0x00000000800000cc, INSTR: 0xf45ff0ef, REG x1: 0x00000000800000d0
PC: 0x0000000080000010, INSTR: 0x00050463
PC: 0x0000000080000014, INSTR: 0x00008067
PC: 0x00000000800000d0, INSTR: 0xfd2d1ce3
PC: 0x00000000800000d4, INSTR: 0x00100513, REG x10: 0x0000000000000001
PC: 0x00000000800000d8, INSTR: 0x00448493, REG x9: 0x0000000080000280
PC: 0x00000000800000dc, INSTR: 0xf35ff0ef, REG x1: 0x00000000800000e0
PC: 0x0000000080000010, INSTR: 0x00050463
PC: 0x0000000080000014, INSTR: 0x00008067
PC: 0x00000000800000e0, INSTR: 0x01098993, REG x19: 0x0000000080000258
PC: 0x00000000800000e4, INSTR: 0xfba494e3
PC: 0x000000008000008c, INSTR: 0x0004a783, REG x15: 0xffffffff80000000, MEM 0x0000000080000280
PC: 0x0000000080000090, INSTR: 0x0007841b, REG x8: 0xffffffff80000000
PC: 0x0000000080000094, INSTR: 0x00fad463
PC: 0x000000008000009c, INSTR: 0x00098d93, REG x27: 0x0000000080000258
PC: 0x00000000800000a0, INSTR: 0x000b0d13, REG x26: 0x0000000080000278
PC: 0x00000000800000a4, INSTR: 0x00040a13, REG x20: 0xffffffff80000000
PC: 0x00000000800000a8, INSTR: 0x000d2783, REG x15: 0x0000000000000000, MEM 0x0000000080000278
PC: 0x00000000800000ac, INSTR: 0x0007851b, REG x10: 0x0000000000000000
PC: 0x00000000800000b0, INSTR: 0x00f45463
PC: 0x00000000800000b4, INSTR: 0x000a051b, REG x10: 0xffffffff80000000
PC: 0x00000000800000b8, INSTR: 0x000da783, REG x15: 0xffffffff80000000, MEM 0x0000000080000258
PC: 0x00000000800000bc, INSTR: 0x004d0d13, REG x26: 0x000000008000027c
PC: 0x00000000800000c0, INSTR: 0x004d8d93, REG x27: 0x000000008000025c
PC: 0x00000000800000c4, INSTR: 0x40f50533, REG x10: 0x0000000000000000
PC: 0x00000000800000c8, INSTR: 0x00153513, REG x10: 0x0000000000000001
PC: 0x00000000800000cc, INSTR: 0xf45ff0ef, REG x1: 0x00000000800000d0
PC: 0x0000000080000010, INSTR: 0x00050463
PC: 0x0000000080000014, INSTR: 0x00008067
PC: 0x00000000800000d0, INSTR: 0xfd2d1ce3
PC: 0x00000000800000a8, INSTR: 0x000d2783, REG x15: 0x000000007fffffff, MEM 0x000000008000027c
PC: 0x00000000800000ac, INSTR: 0x0007851b, REG x10: 0x000000007fffffff
PC: 0x00000000800000b0, INSTR: 0x00f45463
PC: 0x00000000800000b4, INSTR: 0x000a051b, REG x10: 0xffffffff80000000
PC: 0x00000000800000b8, INSTR: 0x000da783, REG x15: 0xffffffff80000000, MEM 0x000000008000025c
PC: 0x00000000800000bc, INSTR: 0x004d0d13, REG x26: 0x0000000080000280
PC: 0x00000000800000c0, INSTR: 0x004d8d93, REG x27: 0x0000000080000260
PC: 0x00000000800000c4, INSTR: 0x40f50533, REG x10: 0x0000000000000000
PC: 0x00000000800000c8, INSTR: 0x00153513, REG x10: 0x0000000000000001
PC: 0x00000000800000cc, INSTR: 0xf45ff0ef, REG x1: 0x00000000800000d0
PC: 0x0000000080000010, INSTR: 0x00050463
PC: 0x0000000080000014, INSTR: 0x00008067
PC: 0x00000000800000d0, INSTR: 0xfd2d1ce3
PC: 0x00000000800000a8, INSTR: 0x000d2783, REG x15: 0xffffffff80000000, MEM 0x0000000080000280
PC: 0x00000000800000ac, INSTR: 0x0007851b, REG x10: 0xffffffff80000000
PC: 0x00000000800000b0, INSTR: 0x00f45463
PC: 0x00000000800000b8, INSTR: 0x000da783, REG x15: 0xffffffff80000000, MEM 0x0000000080000260
PC: 0x00000000800000bc, INSTR: 0x004d0d13, REG x26: 0x0000000080000284
PC: 0x00000000800000c0, INSTR: 0x004d8d93, REG x27: 0x0000000080000264
PC: 0x00000000800000c4, INSTR: 0x40f50533, REG x10: 0x0000000000000000
PC: 0x00000000800000c8, INSTR: 0x00153513, REG x10: 0x0000000000000001
PC: 0x00000000800000cc, INSTR: 0xf45ff0ef, REG x1: 0x00000000800000d0
PC: 0x0000000080000010, INSTR: 0x00050463
PC: 0x0000000080000014, INSTR: 0x00008067
PC: 0x00000000800000d0, INSTR: 0xfd2d1ce3
PC: 0x00000000800000a8, INSTR: 0x000d2783, REG x15: 0xffffffffffffffff, MEM 0x0000000080000284
PC: 0x00000000800000ac, INSTR: 0x0007851b, REG x10: 0xffffffffffffffff
PC: 0x00000000800000b0, INSTR: 0x00f45463
PC: 0x00000000800000b4, INSTR: 0x000a051b, REG x10: 0xffffffff80000000
PC: 0x00000000800000b8, INSTR: 0x000da783, REG x15: 0xffffffff80000000, MEM 0x0000000080000264
PC: 0x00000000800000bc, INSTR: 0x004d0d13, REG x26: 0x0000000080000288
PC: 0x00000000800000c0, INSTR: 0x004d8d93, REG x27: 0x0000000080000268
PC: 0x00000000800000c4, INSTR: 0x40f50533, REG x10: 0x0000000000000000
PC: 0x00000000800000c8, INSTR: 0x00153513, REG x10: 0x0000000000000001
PC: 0x00000000800000cc, INSTR: 0xf45ff0ef, REG x1: 0x00000000800000d0
PC: 0x0000000080000010, INSTR: 0x00050463
PC: 0x0000000080000014, INSTR: 0x00008067
PC: 0x00000000800000d0, INSTR: 0xfd2d1ce3
PC: 0x00000000800000d4, INSTR: 0x00100513, REG x10: 0x0000000000000001
PC: 0x00000000800000d8, INSTR: 0x00448493, REG x9: 0x0000000080000284
PC: 0x00000000800000dc, INSTR: 0xf35ff0ef, REG x1: 0x00000000800000e0
PC: 0x0000000080000010, INSTR: 0x00050463
PC: 0x0000000080000014, INSTR: 0x00008067
PC: 0x00000000800000e0, INSTR: 0x01098993, REG x19: 0x0000000080000268
PC: 0x00000000800000e4, INSTR: 0xfba494e3
PC: 0x000000008000008c, INSTR: 0x0004a783, REG x15: 0xffffffffffffffff, MEM 0x0000000080000284
PC: 0x0000000080000090, INSTR: 0x0007841b, REG x8: 0xffffffffffffffff
PC: 0x0000000080000094, INSTR: 0x00fad463
PC: 0x000000008000009c, INSTR: 0x00098d93, REG x27: 0x0000000080000268
PC: 0x00000000800000a0, INSTR: 0x000b0d13, REG x26: 0x0000000080000278
PC: 0x00000000800000a4, INSTR: 0x00040a13, REG x20: 0xffffffffffffffff
PC: 0x00000000800000a8, INSTR: 0x000d2783, REG x15: 0x0000000000000000, MEM 0x0000000080000278
PC: 0x00000000800000ac, INSTR: 0x0007851b, REG x10: 0x0000000000000000
PC: 0x00000000800000b0, INSTR: 0x00f45463
PC: 0x00000000800000b4, INSTR: 0x000a051b, REG x10: 0xffffffffffffffff
PC: 0x00000000800000b8, INSTR: 0x000da783, REG x15: 0xffffffffffffffff, MEM 0x0000000080000268
PC: 0x00000000800000bc, INSTR: 0x004d0d13, REG x26: 0x000000008000027c
PC: 0x00000000800000c0, INSTR: 0x004d8d93, REG x27: 0x000000008000026c
PC: 0x00000000800000c4, INSTR: 0x40f50533, REG x10: 0x0000000000000000
PC: 0x00000000800000c8, INSTR: 0x00153513, REG x10: 0x0000000000000001
PC: 0x00000000800000cc, INSTR: 0xf45ff0ef, REG x1: 0x00000000800000d0
PC: 0x0000000080000010, INSTR: 0x00050463
PC: 0x0000000080000014, INSTR: 0x00008067
PC: 0x00000000800000d0, INSTR: 0xfd2d1ce3
PC: 0x00000000800000a8, INSTR: 0x000d2783, REG x15: 0x000000007fffffff, MEM 0x000000008000027c
PC: 0x00000000800000ac, INSTR: 0x0007851b, REG x10: 0x000000007fffffff
PC: 0x00000000800000b0, INSTR: 0x00f45463
PC: 0x00000000800000b4, INSTR: 0x000a051b, REG x10: 0xffffffffffffffff
PC: 0x00000000800000b8, INSTR: 0x000da783, REG x15: 0xffffffffffffffff, MEM 0x000000008000026c
PC: 0x00000000800000bc, INSTR: 0x004d0d13, REG x26: 0x0000000080000280
PC: 0x00000000800000c0, INSTR: 0x004d8d93, REG x27: 0x0000000080000270
PC: 0x00000000800000c4, INSTR: 0x40f50533, REG x10: 0x0000000000000000
PC: 0x00000000800000c8, INSTR: 0x00153513, REG x10: 0x0000000000000001
PC: 0x00000000800000cc, INSTR: 0xf45ff0ef, REG x1: 0x00000000800000d0
PC: 0x0000000080000010, INSTR: 0x00050463
PC: 0x0000000080000014, INSTR: 0x00008067
PC: 0x00000000800000d0, INSTR: 0xfd2d1ce3
PC: 0x00000000800000a8, INSTR: 0x000d2783, REG x15: 0xffffffff80000000, MEM 0x0000000080000280
PC: 0x00000000800000ac, INSTR: 0x0007851b, REG x10: 0xffffffff80000000
PC: 0x00000000800000b0, INSTR: 0x00f45463
PC: 0x00000000800000b8, INSTR: 0x000da783, REG x15: 0xffffffff80000000, MEM 0x0000000080000270
PC: 0x00000000800000bc, INSTR: 0x004d0d13, REG x26: 0x0000000080000284
PC: 0x00000000800000c0, INSTR: 0x004d8d93, REG x27: 0x0000000080000274
PC: 0x00000000800000c4, INSTR: 0x40f50533, REG x10: 0x0000000000000000
PC: 0x00000000800000c8, INSTR: 0x00153513, REG x10: 0x0000000000000001
PC: 0x00000000800000cc, INSTR: 0xf45ff0ef, REG x1: 0x00000000800000d0
PC: 0x0000000080000010, INSTR: 0x00050463
PC: 0x0000000080000014, INSTR: 0x00008067
PC: 0x00000000800000d0, INSTR: 0xfd2d1ce3
PC: 0x00000000800000a8, INSTR: 0x000d2783, REG x15: 0xffffffffffffffff, MEM 0x0000000080000284
PC: 0x00000000800000ac, INSTR: 0x0007851b, REG x10: 0xffffffffffffffff
PC: 0x00000000800000b0, INSTR: 0x00f45463
PC: 0x00000000800000b8, INSTR: 0x000da783, REG x15: 0xffffffffffffffff, MEM 0x0000000080000274
PC: 0x00000000800000bc, INSTR: 0x004d0d13, REG x26: 0x0000000080000288
PC: 0x00000000800000c0, INSTR: 0x004d8d93, REG x27: 0x0000000080000278
PC: 0x00000000800000c4, INSTR: 0x40f50533, REG x10: 0x0000000000000000
PC: 0x00000000800000c8, INSTR: 0x00153513, REG x10: 0x0000000000000001
PC: 0x00000000800000cc, INSTR: 0xf45ff0ef, REG x1: 0x00000000800000d0
PC: 0x0000000080000010, INSTR: 0x00050463
PC: 0x0000000080000014, INSTR: 0x00008067
PC: 0x00000000800000d0, INSTR: 0xfd2d1ce3
PC: 0x00000000800000d4, INSTR: 0x00100513, REG x10: 0x0000000000000001
PC: 0x00000000800000d8, INSTR: 0x00448493, REG x9: 0x0000000080000288
PC: 0x00000000800000dc, INSTR: 0xf35ff0ef, REG x1: 0x00000000800000e0
PC: 0x0000000080000010, INSTR: 0x00050463
PC: 0x0000000080000014, INSTR: 0x00008067
PC: 0x00000000800000e0, INSTR: 0x01098993, REG x19: 0x0000000080000278
PC: 0x00000000800000e4, INSTR: 0xfba494e3
PC: 0x00000000800000e8, INSTR: 0x00100513, REG x10: 0x0000000000000001
PC: 0x00000000800000ec, INSTR: 0x004b8b93, REG x23: 0x0000000080000288
PC: 0x00000000800000f0, INSTR: 0xf21ff0ef, REG x1: 0x00000000800000f4
PC: 0x0000000080000010, INSTR: 0x00050463
PC: 0x0000000080000014, INSTR: 0x00008067
PC: 0x00000000800000f4, INSTR: 0x040c0c13, REG x24: 0x0000000080000278
PC: 0x00000000800000f8, INSTR: 0xf89b92e3
PC: 0x00000000800000fc, INSTR: 0x00100513, REG x10: 0x0000000000000001
PC: 0x0000000080000100, INSTR: 0xf11ff0ef, REG x1: 0x0000000080000104
PC: 0x0000000080000010, INSTR: 0x00050463
PC: 0x0000000080000014, INSTR: 0x00008067
PC: 0x0000000080000104, INSTR: 0x06813083, REG x1: 0x0000000080000164, MEM 0x0000000080008fe8
PC: 0x0000000080000108, INSTR: 0x06013403, REG x8: 0x0000000000000000, MEM 0x0000000080008fe0
PC: 0x000000008000010c, INSTR: 0x05813483, REG x9: 0x0000000000000000, MEM 0x0000000080008fd8
PC: 0x0000000080000110, INSTR: 0x05013903, REG x18: 0x0000000000000000, MEM 0x0000000080008fd0
PC: 0x0000000080000114, INSTR: 0x04813983, REG x19: 0x0000000000000000, MEM 0x0000000080008fc8
PC: 0x0000000080000118, INSTR: 0x04013a03, REG x20: 0x0000000000000000, MEM 0x0000000080008fc0
PC: 0x000000008000011c, INSTR: 0x03813a83, REG x21: 0x0000000000000000, MEM 0x0000000080008fb8
PC: 0x0000000080000120, INSTR: 0x03013b03, REG x22: 0x0000000000000000, MEM 0x0000000080008fb0
PC: 0x0000000080000124, INSTR: 0x02813b83, REG x23: 0x0000000000000000, MEM 0x0000000080008fa8
PC: 0x0000000080000128, INSTR: 0x02013c03, REG x24: 0x0000000000000000, MEM 0x0000000080008fa0
PC: 0x000000008000012c, INSTR: 0x01813c83, REG x25: 0x0000000000000000, MEM 0x0000000080008f98
PC: 0x0000000080000130, INSTR: 0x01013d03, REG x26: 0x0000000000000000, MEM 0x0000000080008f90
PC: 0x0000000080000134, INSTR: 0x00813d83, REG x27: 0x0000000000000000, MEM 0x0000000080008f88
PC: 0x0000000080000138, INSTR: 0x00000513, REG x10: 0x0000000000000000
PC: 0x000000008000013c, INSTR: 0x07010113, REG x2: 0x0000000080008ff0
PC: 0x0000000080000140, INSTR: 0x00008067
PC: 0x0000000080000164, INSTR: 0x00050513, REG x10: 0x0000000000000000
