PC: 0x0000000080000000, INSTR: 0x00000413, REG x8: 0x0000000000000000
PC: 0x0000000080000004, INSTR: 0x00009117, REG x2: 0x0000000080009004
PC: 0x0000000080000008, INSTR: 0xffc10113, REG x2: 0x0000000080009000
PC: 0x000000008000000c, INSTR: 0x0cc000ef, REG x1: 0x0000000080000010
PC: 0x00000000800000d8, INSTR: 0xff010113, REG x2: 0x0000000080008ff0
PC: 0x00000000800000dc, INSTR: 0x00000517, REG x10: 0x00000000800000dc
PC: 0x00000000800000e0, INSTR: 0x05450513, REG x10: 0x0000000080000130
PC: 0x00000000800000e4, INSTR: 0x00113423, MEM 0x0000000080008ff8: 0x0000000080000010
PC: 0x00000000800000e8, INSTR: 0xf41ff0ef, REG x1: 0x00000000800000ec
PC: 0x0000000080000028, INSTR: 0xfd010113, REG x2: 0x0000000080008fc0
PC: 0x000000008000002c, INSTR: 0x02813023, MEM 0x0000000080008fe0: 0x0000000000000000
PC: 0x0000000080000030, INSTR: 0x00913c23, MEM 0x0000000080008fd8: 0x0000000000000000
PC: 0x0000000080000034, INSTR: 0x01213823, MEM 0x0000000080008fd0: 0x0000000000000000
PC: 0x0000000080000038, INSTR: 0x01313423, MEM 0x0000000080008fc8: 0x0000000000000000
PC: 0x000000008000003c, INSTR: 0x01413023, MEM 0x0000000080008fc0: 0x0000000000000000
PC: 0x0000000080000040, INSTR: 0x02113423, MEM 0x0000000080008fe8: 0x00000000800000ec
PC: 0x0000000080000044, INSTR: 0x00000497, REG x9: 0x0000000080000044
PC: 0x0000000080000048, INSTR: 0x0f448493, REG x9: 0x0000000080000138
PC: 0x000000008000004c, INSTR: 0x00000997, REG x19: 0x000000008000004c
PC: 0x0000000080000050, INSTR: 0x12898993, REG x19: 0x0000000080000174
PC: 0x0000000080000054, INSTR: 0xfff00413, REG x8: 0xffffffffffffffff
PC: 0x0000000080000058, INSTR: 0xfff00713, REG x14: 0xffffffffffffffff
PC: 0x000000008000005c, INSTR: 0x00d00a13, REG x20: 0x000000000000000d
PC: 0x0000000080000060, INSTR: 0x00000917, REG x18: 0x0000000080000060
PC: 0x0000000080000064, INSTR: 0x09890913, REG x18: 0x00000000800000f8
PC: 0x0000000080000068, INSTR: 0x0004a503, REG x10: 0xffffffffffffffff, MEM 0x0000000080000138
PC: 0x000000008000006c, INSTR: 0x0014041b, REG x8: 0x0000000000000000
PC: 0x0000000080000070, INSTR: 0x00448493, REG x9: 0x000000008000013c
PC: 0x0000000080000074, INSTR: 0x40e50533, REG x10: 0x0000000000000000
PC: 0x0000000080000078, INSTR: 0x00153513, REG x10: 0x0000000000000001
PC: 0x000000008000007c, INSTR: 0xf95ff0ef, REG x1: 0x0000000080000080
PC: 0x0000000080000010, INSTR: 0x00050463
PC: 0x0000000080000014, INSTR: 0x00008067
PC: 0x0000000080000080, INSTR: 0x02041713, REG x14: 0x0000000000000000
PC: 0x0000000080000084, INSTR: 0x01e75793, REG x15: 0x0000000000000000
PC: 0x0000000080000088, INSTR: 0x00f907b3, REG x15: 0x00000000800000f8
PC: 0x000000008000008c, INSTR: 0x01348a63
PC: 0x0000000080000090, INSTR: 0xfff00713, REG x14: 0xffffffffffffffff
PC: 0x0000000080000094, INSTR: 0xfd440ae3
PC: 0x0000000080000098, INSTR: 0x0007a703, REG x14: 0x0000000000000000, MEM 0x00000000800000f8
PC: 0x000000008000009c, INSTR: 0xfcdff06f
PC: 0x0000000080000068, INSTR: 0x0004a503, REG x10: 0x0000000000000000, MEM 0x000000008000013c
PC: 0x000000008000006c, INSTR: 0x0014041b, REG x8: 0x0000000000000001
PC: 0x0000000080000070, INSTR: 0x00448493, REG x9: 0x0000000080000140
PC: 0x0000000080000074, INSTR: 0x40e50533, REG x10: 0x0000000000000000
PC: 0x0000000080000078, INSTR: 0x00153513, REG x10: 0x0000000000000001
PC: 0x000000008000007c, INSTR: 0xf95ff0ef, REG x1: 0x0000000080000080
PC: 0x0000000080000010, INSTR: 0x00050463
PC: 0x0000000080000014, INSTR: 0x00008067
PC: 0x0000000080000080, INSTR: 0x02041713, REG x14: 0x0000000100000000
PC: 0x0000000080000084, INSTR: 0x01e75793, REG x15: 0x0000000000000004
PC: 0x0000000080000088, INSTR: 0x00f907b3, REG x15: 0x00000000800000fc
PC: 0x000000008000008c, INSTR: 0x01348a63
PC: 0x0000000080000090, INSTR: 0xfff00713, REG x14: 0xffffffffffffffff
PC: 0x0000000080000094, INSTR: 0xfd440ae3
PC: 0x0000000080000098, INSTR: 0x0007a703, REG x14: 0x0000000000000002, MEM 0x00000000800000fc
PC: 0x000000008000009c, INSTR: 0xfcdff06f
PC: 0x0000000080000068, INSTR: 0x0004a503, REG x10: 0x0000000000000002, MEM 0x0000000080000140
PC: 0x000000008000006c, INSTR: 0x0014041b, REG x8: 0x0000000000000002
PC: 0x0000000080000070, INSTR: 0x00448493, REG x9: 0x0000000080000144
PC: 0x0000000080000074, INSTR: 0x40e50533, REG x10: 0x0000000000000000
PC: 0x0000000080000078, INSTR: 0x00153513, REG x10: 0x0000000000000001
PC: 0x000000008000007c, INSTR: 0xf95ff0ef, REG x1: 0x0000000080000080
PC: 0x0000000080000010, INSTR: 0x00050463
PC: 0x0000000080000014, INSTR: 0x00008067
PC: 0x0000000080000080, INSTR: 0x02041713, REG x14: 0x0000000200000000
PC: 0x0000000080000084, INSTR: 0x01e75793, REG x15: 0x0000000000000008
PC: 0x0000000080000088, INSTR: 0x00f907b3, REG x15: 0x0000000080000100
PC: 0x000000008000008c, INSTR: 0x01348a63
PC: 0x0000000080000090, INSTR: 0xfff00713, REG x14: 0xffffffffffffffff
PC: 0x0000000080000094, INSTR: 0xfd440ae3
PC: 0x0000000080000098, INSTR: 0x0007a703, REG x14: 0x0000000000000005, MEM 0x0000000080000100
PC: 0x000000008000009c, INSTR: 0xfcdff06f
PC: 0x0000000080000068, INSTR: 0x0004a503, REG x10: 0x0000000000000005, MEM 0x0000000080000144
PC: 0x000000008000006c, INSTR: 0x0014041b, REG x8: 0x0000000000000003
PC: 0x0000000080000070, INSTR: 0x00448493, REG x9: 0x0000000080000148
PC: 0x0000000080000074, INSTR: 0x40e50533, REG x10: 0x0000000000000000
PC: 0x0000000080000078, INSTR: 0x00153513, REG x10: 0x0000000000000001
PC: 0x000000008000007c, INSTR: 0xf95ff0ef, REG x1: 0x0000000080000080
PC: 0x0000000080000010, INSTR: 0x00050463
PC: 0x0000000080000014, INSTR: 0x00008067
PC: 0x0000000080000080, INSTR: 0x02041713, REG x14: 0x0000000300000000
PC: 0x0000000080000084, INSTR: 0x01e75793, REG x15: 0x000000000000000c
PC: 0x0000000080000088, INSTR: 0x00f907b3, REG x15: 0x0000000080000104
PC: 0x000000008000008c, INSTR: 0x01348a63
PC: 0x0000000080000090, INSTR: 0xfff00713, REG x14: 0xffffffffffffffff
PC: 0x0000000080000094, INSTR: 0xfd440ae3
PC: 0x0000000080000098, INSTR: 0x0007a703, REG x14: 0x0000000000000005, MEM 0x0000000080000104
PC: 0x000000008000009c, INSTR: 0xfcdff06f
PC: 0x0000000080000068, INSTR: 0x0004a503, REG x10: 0x0000000000000005, MEM 0x0000000080000148
PC: 0x000000008000006c, INSTR: 0x0014041b, REG x8: 0x0000000000000004
PC: 0x0000000080000070, INSTR: 0x00448493, REG x9: 0x000000008000014c
PC: 0x0000000080000074, INSTR: 0x40e50533, REG x10: 0x0000000000000000
PC: 0x0000000080000078, INSTR: 0x00153513, REG x10: 0x0000000000000001
PC: 0x000000008000007c, INSTR: 0xf95ff0ef, REG x1: 0x0000000080000080
PC: 0x0000000080000010, INSTR: 0x00050463
PC: 0x0000000080000014, INSTR: 0x00008067
PC: 0x0000000080000080, INSTR: 0x02041713, REG x14: 0x0000000400000000
PC: 0x0000000080000084, INSTR: 0x01e75793, REG x15: 0x0000000000000010
PC: 0x0000000080000088, INSTR: 0x00f907b3, REG x15: 0x0000000080000108
PC: 0x000000008000008c, INSTR: 0x01348a63
PC: 0x0000000080000090, INSTR: 0xfff00713, REG x14: 0xffffffffffffffff
PC: 0x0000000080000094, INSTR: 0xfd440ae3
PC: 0x0000000080000098, INSTR: 0x0007a703, REG x14: 0x0000000000000008, MEM 0x0000000080000108
PC: 0x000000008000009c, INSTR: 0xfcdff06f
PC: 0x0000000080000068, INSTR: 0x0004a503, REG x10: 0x0000000000000008, MEM 0x000000008000014c
PC: 0x000000008000006c, INSTR: 0x0014041b, REG x8: 0x0000000000000005
PC: 0x0000000080000070, INSTR: 0x00448493, REG x9: 0x0000000080000150
PC: 0x0000000080000074, INSTR: 0x40e50533, REG x10: 0x0000000000000000
PC: 0x0000000080000078, INSTR: 0x00153513, REG x10: 0x0000000000000001
PC: 0x000000008000007c, INSTR: 0xf95ff0ef, REG x1: 0x0000000080000080
PC: 0x0000000080000010, INSTR: 0x00050463
PC: 0x0000000080000014, INSTR: 0x00008067
PC: 0x0000000080000080, INSTR: 0x02041713, REG x14: 0x0000000500000000
PC: 0x0000000080000084, INSTR: 0x01e75793, REG x15: 0x0000000000000014
PC: 0x0000000080000088, INSTR: 0x00f907b3, REG x15: 0x000000008000010c
PC: 0x000000008000008c, INSTR: 0x01348a63
PC: 0x0000000080000090, INSTR: 0xfff00713, REG x14: 0xffffffffffffffff
PC: 0x0000000080000094, INSTR: 0xfd440ae3
PC: 0x0000000080000098, INSTR: 0x0007a703, REG x14: 0x0000000000000008, MEM 0x000000008000010c
PC: 0x000000008000009c, INSTR: 0xfcdff06f
PC: 0x0000000080000068, INSTR: 0x0004a503, REG x10: 0x0000000000000008, MEM 0x0000000080000150
PC: 0x000000008000006c, INSTR: 0x0014041b, REG x8: 0x0000000000000006
PC: 0x0000000080000070, INSTR: 0x00448493, REG x9: 0x0000000080000154
PC: 0x0000000080000074, INSTR: 0x40e50533, REG x10: 0x0000000000000000
PC: 0x0000000080000078, INSTR: 0x00153513, REG x10: 0x0000000000000001
PC: 0x000000008000007c, INSTR: 0xf95ff0ef, REG x1: 0x0000000080000080
PC: 0x0000000080000010, INSTR: 0x00050463
PC: 0x0000000080000014, INSTR: 0x00008067
PC: 0x0000000080000080, INSTR: 0x02041713, REG x14: 0x0000000600000000
PC: 0x0000000080000084, INSTR: 0x01e75793, REG x15: 0x0000000000000018
PC: 0x0000000080000088, INSTR: 0x00f907b3, REG x15: 0x0000000080000110
PC: 0x000000008000008c, INSTR: 0x01348a63
PC: 0x0000000080000090, INSTR: 0xfff00713, REG x14: 0xffffffffffffffff
PC: 0x0000000080000094, INSTR: 0xfd440ae3
PC: 0x0000000080000098, INSTR: 0x0007a703, REG x14: 0x0000000000000008, MEM 0x0000000080000110
PC: 0x000000008000009c, INSTR: 0xfcdff06f
PC: 0x0000000080000068, INSTR: 0x0004a503, REG x10: 0x0000000000000008, MEM 0x0000000080000154
PC: 0x000000008000006c, INSTR: 0x0014041b, REG x8: 0x0000000000000007
PC: 0x0000000080000070, INSTR: 0x00448493, REG x9: 0x0000000080000158
PC: 0x0000000080000074, INSTR: 0x40e50533, REG x10: 0x0000000000000000
PC: 0x0000000080000078, INSTR: 0x00153513, REG x10: 0x0000000000000001
PC: 0x000000008000007c, INSTR: 0xf95ff0ef, REG x1: 0x0000000080000080
PC: 0x0000000080000010, INSTR: 0x00050463
PC: 0x0000000080000014, INSTR: 0x00008067
PC: 0x0000000080000080, INSTR: 0x02041713, REG x14: 0x0000000700000000
PC: 0x0000000080000084, INSTR: 0x01e75793, REG x15: 0x000000000000001c
PC: 0x0000000080000088, INSTR: 0x00f907b3, REG x15: 0x0000000080000114
PC: 0x000000008000008c, INSTR: 0x01348a63
PC: 0x0000000080000090, INSTR: 0xfff00713, REG x14: 0xffffffffffffffff
PC: 0x0000000080000094, INSTR: 0xfd440ae3
PC: 0x0000000080000098, INSTR: 0x0007a703, REG x14: 0x0000000000000008, MEM 0x0000000080000114
PC: 0x000000008000009c, INSTR: 0xfcdff06f
PC: 0x0000000080000068, INSTR: 0x0004a503, REG x10: 0x0000000000000008, MEM 0x0000000080000158
PC: 0x000000008000006c, INSTR: 0x0014041b, REG x8: 0x0000000000000008
PC: 0x0000000080000070, INSTR: 0x00448493, REG x9: 0x000000008000015c
PC: 0x0000000080000074, INSTR: 0x40e50533, REG x10: 0x0000000000000000
PC: 0x0000000080000078, INSTR: 0x00153513, REG x10: 0x0000000000000001
PC: 0x000000008000007c, INSTR: 0xf95ff0ef, REG x1: 0x0000000080000080
PC: 0x0000000080000010, INSTR: 0x00050463
PC: 0x0000000080000014, INSTR: 0x00008067
PC: 0x0000000080000080, INSTR: 0x02041713, REG x14: 0x0000000800000000
PC: 0x0000000080000084, INSTR: 0x01e75793, REG x15: 0x0000000000000020
PC: 0x0000000080000088, INSTR: 0x00f907b3, REG x15: 0x0000000080000118
PC: 0x000000008000008c, INSTR: 0x01348a63
PC: 0x0000000080000090, INSTR: 0xfff00713, REG x14: 0xffffffffffffffff
PC: 0x0000000080000094, INSTR: 0xfd440ae3
PC: 0x0000000080000098, INSTR: 0x0007a703, REG x14: 0x000000000000000a, MEM 0x0000000080000118
PC: 0x000000008000009c, INSTR: 0xfcdff06f
PC: 0x0000000080000068, INSTR: 0x0004a503, REG x10: 0x000000000000000a, MEM 0x000000008000015c
PC: 0x000000008000006c, INSTR: 0x0014041b, REG x8: 0x0000000000000009
PC: 0x0000000080000070, INSTR: 0x00448493, REG x9: 0x0000000080000160
PC: 0x0000000080000074, INSTR: 0x40e50533, REG x10: 0x0000000000000000
PC: 0x0000000080000078, INSTR: 0x00153513, REG x10: 0x0000000000000001
PC: 0x000000008000007c, INSTR: 0xf95ff0ef, REG x1: 0x0000000080000080
PC: 0x0000000080000010, INSTR: 0x00050463
PC: 0x0000000080000014, INSTR: 0x00008067
PC: 0x0000000080000080, INSTR: 0x02041713, REG x14: 0x0000000900000000
PC: 0x0000000080000084, INSTR: 0x01e75793, REG x15: 0x0000000000000024
PC: 0x0000000080000088, INSTR: 0x00f907b3, REG x15: 0x000000008000011c
PC: 0x000000008000008c, INSTR: 0x01348a63
PC: 0x0000000080000090, INSTR: 0xfff00713, REG x14: 0xffffffffffffffff
PC: 0x0000000080000094, INSTR: 0xfd440ae3
PC: 0x0000000080000098, INSTR: 0x0007a703, REG x14: 0x000000000000000a, MEM 0x000000008000011c
PC: 0x000000008000009c, INSTR: 0xfcdff06f
PC: 0x0000000080000068, INSTR: 0x0004a503, REG x10: 0x000000000000000a, MEM 0x0000000080000160
PC: 0x000000008000006c, INSTR: 0x0014041b, REG x8: 0x000000000000000a
PC: 0x0000000080000070, INSTR: 0x00448493, REG x9: 0x0000000080000164
PC: 0x0000000080000074, INSTR: 0x40e50533, REG x10: 0x0000000000000000
PC: 0x0000000080000078, INSTR: 0x00153513, REG x10: 0x0000000000000001
PC: 0x000000008000007c, INSTR: 0xf95ff0ef, REG x1: 0x0000000080000080
PC: 0x0000000080000010, INSTR: 0x00050463
PC: 0x0000000080000014, INSTR: 0x00008067
PC: 0x0000000080000080, INSTR: 0x02041713, REG x14: 0x0000000a00000000
PC: 0x0000000080000084, INSTR: 0x01e75793, REG x15: 0x0000000000000028
PC: 0x0000000080000088, INSTR: 0x00f907b3, REG x15: 0x0000000080000120
PC: 0x000000008000008c, INSTR: 0x01348a63
PC: 0x0000000080000090, INSTR: 0xfff00713, REG x14: 0xffffffffffffffff
PC: 0x0000000080000094, INSTR: 0xfd440ae3
PC: 0x0000000080000098, INSTR: 0x0007a703, REG x14: 0x000000000000000a, MEM 0x0000000080000120
PC: 0x000000008000009c, INSTR: 0xfcdff06f
PC: 0x0000000080000068, INSTR: 0x0004a503, REG x10: 0x000000000000000a, MEM 0x0000000080000164
PC: 0x000000008000006c, INSTR: 0x0014041b, REG x8: 0x000000000000000b
PC: 0x0000000080000070, INSTR: 0x00448493, REG x9: 0x0000000080000168
PC: 0x0000000080000074, INSTR: 0x40e50533, REG x10: 0x0000000000000000
PC: 0x0000000080000078, INSTR: 0x00153513, REG x10: 0x0000000000000001
PC: 0x000000008000007c, INSTR: 0xf95ff0ef, REG x1: 0x0000000080000080
PC: 0x0000000080000010, INSTR: 0x00050463
PC: 0x0000000080000014, INSTR: 0x00008067
PC: 0x0000000080000080, INSTR: 0x02041713, REG x14: 0x0000000b00000000
PC: 0x0000000080000084, INSTR: 0x01e75793, REG x15: 0x000000000000002c
PC: 0x0000000080000088, INSTR: 0x00f907b3, REG x15: 0x0000000080000124
PC: 0x000000008000008c, INSTR: 0x01348a63
PC: 0x0000000080000090, INSTR: 0xfff00713, REG x14: 0xffffffffffffffff
PC: 0x0000000080000094, INSTR: 0xfd440ae3
PC: 0x0000000080000098, INSTR: 0x0007a703, REG x14: 0x000000000000000a, MEM 0x0000000080000124
PC: 0x000000008000009c, INSTR: 0xfcdff06f
PC: 0x0000000080000068, INSTR: 0x0004a503, REG x10: 0x000000000000000a, MEM 0x0000000080000168
PC: 0x000000008000006c, INSTR: 0x0014041b, REG x8: 0x000000000000000c
PC: 0x0000000080000070, INSTR: 0x00448493, REG x9: 0x000000008000016c
PC: 0x0000000080000074, INSTR: 0x40e50533, REG x10: 0x0000000000000000
PC: 0x0000000080000078, INSTR: 0x00153513, REG x10: 0x0000000000000001
PC: 0x000000008000007c, INSTR: 0xf95ff0ef, REG x1: 0x0000000080000080
PC: 0x0000000080000010, INSTR: 0x00050463
PC: 0x0000000080000014, INSTR: 0x00008067
PC: 0x0000000080000080, INSTR: 0x02041713, REG x14: 0x0000000c00000000
PC: 0x0000000080000084, INSTR: 0x01e75793, REG x15: 0x0000000000000030
PC: 0x0000000080000088, INSTR: 0x00f907b3, REG x15: 0x0000000080000128
PC: 0x000000008000008c, INSTR: 0x01348a63
PC: 0x0000000080000090, INSTR: 0xfff00713, REG x14: 0xffffffffffffffff
PC: 0x0000000080000094, INSTR: 0xfd440ae3
PC: 0x0000000080000098, INSTR: 0x0007a703, REG x14: 0x000000000000000f, MEM 0x0000000080000128
PC: 0x000000008000009c, INSTR: 0xfcdff06f
PC: 0x0000000080000068, INSTR: 0x0004a503, REG x10: 0x000000000000000f, MEM 0x000000008000016c
PC: 0x000000008000006c, INSTR: 0x0014041b, REG x8: 0x000000000000000d
PC: 0x0000000080000070, INSTR: 0x00448493, REG x9: 0x0000000080000170
PC: 0x0000000080000074, INSTR: 0x40e50533, REG x10: 0x0000000000000000
PC: 0x0000000080000078, INSTR: 0x00153513, REG x10: 0x0000000000000001
PC: 0x000000008000007c, INSTR: 0xf95ff0ef, REG x1: 0x0000000080000080
PC: 0x0000000080000010, INSTR: 0x00050463
PC: 0x0000000080000014, INSTR: 0x00008067
PC: 0x0000000080000080, INSTR: 0x02041713, REG x14: 0x0000000d00000000
PC: 0x0000000080000084, INSTR: 0x01e75793, REG x15: 0x0000000000000034
PC: 0x0000000080000088, INSTR: 0x00f907b3, REG x15: 0x000000008000012c
PC: 0x000000008000008c, INSTR: 0x01348a63
PC: 0x0000000080000090, INSTR: 0xfff00713, REG x14: 0xffffffffffffffff
PC: 0x0000000080000094, INSTR: 0xfd440ae3
PC: 0x0000000080000068, INSTR: 0x0004a503, REG x10: 0xffffffffffffffff, MEM 0x0000000080000170
PC: 0x000000008000006c, INSTR: 0x0014041b, REG x8: 0x000000000000000e
PC: 0x0000000080000070, INSTR: 0x00448493, REG x9: 0x0000000080000174
PC: 0x0000000080000074, INSTR: 0x40e50533, REG x10: 0x0000000000000000
PC: 0x0000000080000078, INSTR: 0x00153513, REG x10: 0x0000000000000001
PC: 0x000000008000007c, INSTR: 0xf95ff0ef, REG x1: 0x0000000080000080
PC: 0x0000000080000010, INSTR: 0x00050463
PC: 0x0000000080000014, INSTR: 0x00008067
PC: 0x0000000080000080, INSTR: 0x02041713, REG x14: 0x0000000e00000000
PC: 0x0000000080000084, INSTR: 0x01e75793, REG x15: 0x0000000000000038
PC: 0x0000000080000088, INSTR: 0x00f907b3, REG x15: 0x0000000080000130
PC: 0x000000008000008c, INSTR: 0x01348a63
PC: 0x00000000800000a0, INSTR: 0x00100513, REG x10: 0x0000000000000001
PC: 0x00000000800000a4, INSTR: 0xf6dff0ef, REG x1: 0x00000000800000a8
PC: 0x0000000080000010, INSTR: 0x00050463
PC: 0x0000000080000014, INSTR: 0x00008067
PC: 0x00000000800000a8, INSTR: 0x02813083, REG x1: 0x00000000800000ec, MEM 0x0000000080008fe8
PC: 0x00000000800000ac, INSTR: 0x02013403, REG x8: 0x0000000000000000, MEM 0x0000000080008fe0
PC: 0x00000000800000b0, INSTR: 0x01813483, REG x9: 0x0000000000000000, MEM 0x0000000080008fd8
PC: 0x00000000800000b4, INSTR: 0x01013903, REG x18: 0x0000000000000000, MEM 0x0000000080008fd0
PC: 0x00000000800000b8, INSTR: 0x00813983, REG x19: 0x0000000000000000, MEM 0x0000000080008fc8
PC: 0x00000000800000bc, INSTR: 0x00013a03, REG x20: 0x0000000000000000, MEM 0x0000000080008fc0
PC: 0x00000000800000c0, INSTR: 0x00000513, REG x10: 0x0000000000000000
PC: 0x00000000800000c4, INSTR: 0x03010113, REG x2: 0x0000000080008ff0
PC: 0x00000000800000c8, INSTR: 0x00008067
PC: 0x00000000800000ec, INSTR: 0x00050513, REG x10: 0x0000000000000000
