PC: 0x0000000080000000, INSTR: 0x00000413, REG x8: 0x0000000000000000
PC: 0x0000000080000004, INSTR: 0x00009117, REG x2: 0x0000000080009004
PC: 0x0000000080000008, INSTR: 0xffc10113, REG x2: 0x0000000080009000
PC: 0x000000008000000c, INSTR: 0x124000ef, REG x1: 0x0000000080000010
PC: 0x0000000080000130, INSTR: 0xff010113, REG x2: 0x0000000080008ff0
PC: 0x0000000080000134, INSTR: 0x00000517, REG x10: 0x0000000080000134
PC: 0x0000000080000138, INSTR: 0x01c50513, REG x10: 0x0000000080000150
PC: 0x000000008000013c, INSTR: 0x00113423, MEM 0x0000000080008ff8: 0x0000000080000010
PC: 0x0000000080000140, INSTR: 0xee9ff0ef, REG x1: 0x0000000080000144
PC: 0x0000000080000028, INSTR: 0xfb010113, REG x2: 0x0000000080008fa0
PC: 0x000000008000002c, INSTR: 0x02913c23, MEM 0x0000000080008fd8: 0x0000000000000000
PC: 0x0000000080000030, INSTR: 0xaabbd4b7, REG x9: 0xffffffffaabbd000
PC: 0x0000000080000034, INSTR: 0x04813023, MEM 0x0000000080008fe0: 0x0000000000000000
PC: 0x0000000080000038, INSTR: 0x03213823, MEM 0x0000000080008fd0: 0x0000000000000000
PC: 0x000000008000003c, INSTR: 0x03313423, MEM 0x0000000080008fc8: 0x0000000000000000
PC: 0x0000000080000040, INSTR: 0x03413023, MEM 0x0000000080008fc0: 0x0000000000000000
PC: 0x0000000080000044, INSTR: 0x01513c23, MEM 0x0000000080008fb8: 0x0000000000000000
PC: 0x0000000080000048, INSTR: 0x01613823, MEM 0x0000000080008fb0: 0x0000000000000000
PC: 0x000000008000004c, INSTR: 0x01713423, MEM 0x0000000080008fa8: 0x0000000000000000
PC: 0x0000000080000050, INSTR: 0x04113423, MEM 0x0000000080008fe8: 0x0000000080000144
PC: 0x0000000080000054, INSTR: 0x00400b13, REG x22: 0x0000000000000004
PC: 0x0000000080000058, INSTR: 0x00000417, REG x8: 0x0000000080000058
PC: 0x000000008000005c, INSTR: 0x10040413, REG x8: 0x0000000080000158
PC: 0x0000000080000060, INSTR: 0x00000b97, REG x23: 0x0000000080000060
PC: 0x0000000080000064, INSTR: 0x0f4b8b93, REG x23: 0x0000000080000154
PC: 0x0000000080000068, INSTR: 0xfdd00a93, REG x21: 0xffffffffffffffdd
PC: 0x000000008000006c, INSTR: 0xfcc00a13, REG x20: 0xffffffffffffffcc
PC: 0x0000000080000070, INSTR: 0xfbb00993, REG x19: 0xffffffffffffffbb
PC: 0x0000000080000074, INSTR: 0xfaa00913, REG x18: 0xffffffffffffffaa
PC: 0x0000000080000078, INSTR: 0xcdd48493, REG x9: 0xffffffffaabbccdd
PC: 0x000000008000007c, INSTR: 0x00344783, REG x15: 0x0000000000000000, MEM 0x000000008000015b
PC: 0x0000000080000080, INSTR: 0x015401a3, MEM 0x000000008000015b: 0x00000000000000dd
PC: 0x0000000080000084, INSTR: 0x00444783, REG x15: 0x0000000000000000, MEM 0x000000008000015c
PC: 0x0000000080000088, INSTR: 0x01440223, MEM 0x000000008000015c: 0x00000000000000cc
PC: 0x000000008000008c, INSTR: 0x00544783, REG x15: 0x0000000000000000, MEM 0x000000008000015d
PC: 0x0000000080000090, INSTR: 0x013402a3, MEM 0x000000008000015d: 0x00000000000000bb
PC: 0x0000000080000094, INSTR: 0x00644783, REG x15: 0x0000000000000000, MEM 0x000000008000015e
PC: 0x0000000080000098, INSTR: 0x01240323, MEM 0x000000008000015e: 0x00000000000000aa
PC: 0x000000008000009c, INSTR: 0x00344603, REG x12: 0x00000000000000dd, MEM 0x000000008000015b
PC: 0x00000000800000a0, INSTR: 0x00444683, REG x13: 0x00000000000000cc, MEM 0x000000008000015c
PC: 0x00000000800000a4, INSTR: 0x00544703, REG x14: 0x00000000000000bb, MEM 0x000000008000015d
PC: 0x00000000800000a8, INSTR: 0x00644783, REG x15: 0x00000000000000aa, MEM 0x000000008000015e
PC: 0x00000000800000ac, INSTR: 0x00869693, REG x13: 0x000000000000cc00
PC: 0x00000000800000b0, INSTR: 0x00c6e6b3, REG x13: 0x000000000000ccdd
PC: 0x00000000800000b4, INSTR: 0x01071713, REG x14: 0x0000000000bb0000
PC: 0x00000000800000b8, INSTR: 0x00d76733, REG x14: 0x0000000000bbccdd
PC: 0x00000000800000bc, INSTR: 0x01879793, REG x15: 0x00000000aa000000
PC: 0x00000000800000c0, INSTR: 0x00e7e7b3, REG x15: 0x00000000aabbccdd
PC: 0x00000000800000c4, INSTR: 0x0007879b, REG x15: 0xffffffffaabbccdd
PC: 0x00000000800000c8, INSTR: 0x00fba023, MEM 0x0000000080000154: 0x00000000aabbccdd
PC: 0x00000000800000cc, INSTR: 0x000ba503, REG x10: 0xffffffffaabbccdd, MEM 0x0000000080000154
PC: 0x00000000800000d0, INSTR: 0xfffb0b1b, REG x22: 0x0000000000000003
PC: 0x00000000800000d4, INSTR: 0x40950533, REG x10: 0x0000000000000000
PC: 0x00000000800000d8, INSTR: 0x00153513, REG x10: 0x0000000000000001
PC: 0x00000000800000dc, INSTR: 0xf35ff0ef, REG x1: 0x00000000800000e0
PC: 0x0000000080000010, INSTR: 0x00050463
PC: 0x0000000080000014, INSTR: 0x00008067
PC: 0x00000000800000e0, INSTR: 0x00000797, REG x15: 0x00000000800000e0
PC: 0x00000000800000e4, INSTR: 0x06078ca3, MEM 0x0000000080000159: 0x0000000000000000
PC: 0x00000000800000e8, INSTR: 0x00000797, REG x15: 0x00000000800000e8
PC: 0x00000000800000ec, INSTR: 0x06078823, MEM 0x0000000080000158: 0x0000000000000000
PC: 0x00000000800000f0, INSTR: 0xf80b16e3
PC: 0x000000008000007c, INSTR: 0x00344783, REG x15: 0x00000000000000dd, MEM 0x000000008000015b
PC: 0x0000000080000080, INSTR: 0x015401a3, MEM 0x000000008000015b: 0x00000000000000dd
PC: 0x0000000080000084, INSTR: 0x00444783, REG x15: 0x00000000000000cc, MEM 0x000000008000015c
PC: 0x0000000080000088, INSTR: 0x01440223, MEM 0x000000008000015c: 0x00000000000000cc
PC: 0x000000008000008c, INSTR: 0x00544783, REG x15: 0x00000000000000bb, MEM 0x000000008000015d
PC: 0x0000000080000090, INSTR: 0x013402a3, MEM 0x000000008000015d: 0x00000000000000bb
PC: 0x0000000080000094, INSTR: 0x00644783, REG x15: 0x00000000000000aa, MEM 0x000000008000015e
PC: 0x0000000080000098, INSTR: 0x01240323, MEM 0x000000008000015e: 0x00000000000000aa
PC: 0x000000008000009c, INSTR: 0x00344603, REG x12: 0x00000000000000dd, MEM 0x000000008000015b
PC: 0x00000000800000a0, INSTR: 0x00444683, REG x13: 0x00000000000000cc, MEM 0x000000008000015c
PC: 0x00000000800000a4, INSTR: 0x00544703, REG x14: 0x00000000000000bb, MEM 0x000000008000015d
PC: 0x00000000800000a8, INSTR: 0x00644783, REG x15: 0x00000000000000aa, MEM 0x000000008000015e
PC: 0x00000000800000ac, INSTR: 0x00869693, REG x13: 0x000000000000cc00
PC: 0x00000000800000b0, INSTR: 0x00c6e6b3, REG x13: 0x000000000000ccdd
PC: 0x00000000800000b4, INSTR: 0x01071713, REG x14: 0x0000000000bb0000
PC: 0x00000000800000b8, INSTR: 0x00d76733, REG x14: 0x0000000000bbccdd
PC: 0x00000000800000bc, INSTR: 0x01879793, REG x15: 0x00000000aa000000
PC: 0x00000000800000c0, INSTR: 0x00e7e7b3, REG x15: 0x00000000aabbccdd
PC: 0x00000000800000c4, INSTR: 0x0007879b, REG x15: 0xffffffffaabbccdd
PC: 0x00000000800000c8, INSTR: 0x00fba023, MEM 0x0000000080000154: 0x00000000aabbccdd
PC: 0x00000000800000cc, INSTR: 0x000ba503, REG x10: 0xffffffffaabbccdd, MEM 0x0000000080000154
PC: 0x00000000800000d0, INSTR: 0xfffb0b1b, REG x22: 0x0000000000000002
PC: 0x00000000800000d4, INSTR: 0x40950533, REG x10: 0x0000000000000000
PC: 0x00000000800000d8, INSTR: 0x00153513, REG x10: 0x0000000000000001
PC: 0x00000000800000dc, INSTR: 0xf35ff0ef, REG x1: 0x00000000800000e0
PC: 0x0000000080000010, INSTR: 0x00050463
PC: 0x0000000080000014, INSTR: 0x00008067
PC: 0x00000000800000e0, INSTR: 0x00000797, REG x15: 0x00000000800000e0
PC: 0x00000000800000e4, INSTR: 0x06078ca3, MEM 0x0000000080000159: 0x0000000000000000
PC: 0x00000000800000e8, INSTR: 0x00000797, REG x15: 0x00000000800000e8
PC: 0x00000000800000ec, INSTR: 0x06078823, MEM 0x0000000080000158: 0x0000000000000000
PC: 0x00000000800000f0, INSTR: 0xf80b16e3
PC: 0x000000008000007c, INSTR: 0x00344783, REG x15: 0x00000000000000dd, MEM 0x000000008000015b
PC: 0x0000000080000080, INSTR: 0x015401a3, MEM 0x000000008000015b: 0x00000000000000dd
PC: 0x0000000080000084, INSTR: 0x00444783, REG x15: 0x00000000000000cc, MEM 0x000000008000015c
PC: 0x0000000080000088, INSTR: 0x01440223, MEM 0x000000008000015c: 0x00000000000000cc
PC: 0x000000008000008c, INSTR: 0x00544783, REG x15: 0x00000000000000bb, MEM 0x000000008000015d
PC: 0x0000000080000090, INSTR: 0x013402a3, MEM 0x000000008000015d: 0x00000000000000bb
PC: 0x0000000080000094, INSTR: 0x00644783, REG x15: 0x00000000000000aa, MEM 0x000000008000015e
PC: 0x0000000080000098, INSTR: 0x01240323, MEM 0x000000008000015e: 0x00000000000000aa
PC: 0x000000008000009c, INSTR: 0x00344603, REG x12: 0x00000000000000dd, MEM 0x000000008000015b
PC: 0x00000000800000a0, INSTR: 0x00444683, REG x13: 0x00000000000000cc, MEM 0x000000008000015c
PC: 0x00000000800000a4, INSTR: 0x00544703, REG x14: 0x00000000000000bb, MEM 0x000000008000015d
PC: 0x00000000800000a8, INSTR: 0x00644783, REG x15: 0x00000000000000aa, MEM 0x000000008000015e
PC: 0x00000000800000ac, INSTR: 0x00869693, REG x13: 0x000000000000cc00
PC: 0x00000000800000b0, INSTR: 0x00c6e6b3, REG x13: 0x000000000000ccdd
PC: 0x00000000800000b4, INSTR: 0x01071713, REG x14: 0x0000000000bb0000
PC: 0x00000000800000b8, INSTR: 0x00d76733, REG x14: 0x0000000000bbccdd
PC: 0x00000000800000bc, INSTR: 0x01879793, REG x15: 0x00000000aa000000
PC: 0x00000000800000c0, INSTR: 0x00e7e7b3, REG x15: 0x00000000aabbccdd
PC: 0x00000000800000c4, INSTR: 0x0007879b, REG x15: 0xffffffffaabbccdd
PC: 0x00000000800000c8, INSTR: 0x00fba023, MEM 0x0000000080000154: 0x00000000aabbccdd
PC: 0x00000000800000cc, INSTR: 0x000ba503, REG x10: 0xffffffffaabbccdd, MEM 0x0000000080000154
PC: 0x00000000800000d0, INSTR: 0xfffb0b1b, REG x22: 0x0000000000000001
PC: 0x00000000800000d4, INSTR: 0x40950533, REG x10: 0x0000000000000000
PC: 0x00000000800000d8, INSTR: 0x00153513, REG x10: 0x0000000000000001
PC: 0x00000000800000dc, INSTR: 0xf35ff0ef, REG x1: 0x00000000800000e0
PC: 0x0000000080000010, INSTR: 0x00050463
PC: 0x0000000080000014, INSTR: 0x00008067
PC: 0x00000000800000e0, INSTR: 0x00000797, REG x15: 0x00000000800000e0
PC: 0x00000000800000e4, INSTR: 0x06078ca3, MEM 0x0000000080000159: 0x0000000000000000
PC: 0x00000000800000e8, INSTR: 0x00000797, REG x15: 0x00000000800000e8
PC: 0x00000000800000ec, INSTR: 0x06078823, MEM 0x0000000080000158: 0x0000000000000000
PC: 0x00000000800000f0, INSTR: 0xf80b16e3
PC: 0x000000008000007c, INSTR: 0x00344783, REG x15: 0x00000000000000dd, MEM 0x000000008000015b
PC: 0x0000000080000080, INSTR: 0x015401a3, MEM 0x000000008000015b: 0x00000000000000dd
PC: 0x0000000080000084, INSTR: 0x00444783, REG x15: 0x00000000000000cc, MEM 0x000000008000015c
PC: 0x0000000080000088, INSTR: 0x01440223, MEM 0x000000008000015c: 0x00000000000000cc
PC: 0x000000008000008c, INSTR: 0x00544783, REG x15: 0x00000000000000bb, MEM 0x000000008000015d
PC: 0x0000000080000090, INSTR: 0x013402a3, MEM 0x000000008000015d: 0x00000000000000bb
PC: 0x0000000080000094, INSTR: 0x00644783, REG x15: 0x00000000000000aa, MEM 0x000000008000015e
PC: 0x0000000080000098, INSTR: 0x01240323, MEM 0x000000008000015e: 0x00000000000000aa
PC: 0x000000008000009c, INSTR: 0x00344603, REG x12: 0x00000000000000dd, MEM 0x000000008000015b
PC: 0x00000000800000a0, INSTR: 0x00444683, REG x13: 0x00000000000000cc, MEM 0x000000008000015c
PC: 0x00000000800000a4, INSTR: 0x00544703, REG x14: 0x00000000000000bb, MEM 0x000000008000015d
PC: 0x00000000800000a8, INSTR: 0x00644783, REG x15: 0x00000000000000aa, MEM 0x000000008000015e
PC: 0x00000000800000ac, INSTR: 0x00869693, REG x13: 0x000000000000cc00
PC: 0x00000000800000b0, INSTR: 0x00c6e6b3, REG x13: 0x000000000000ccdd
PC: 0x00000000800000b4, INSTR: 0x01071713, REG x14: 0x0000000000bb0000
PC: 0x00000000800000b8, INSTR: 0x00d76733, REG x14: 0x0000000000bbccdd
PC: 0x00000000800000bc, INSTR: 0x01879793, REG x15: 0x00000000aa000000
PC: 0x00000000800000c0, INSTR: 0x00e7e7b3, REG x15: 0x00000000aabbccdd
PC: 0x00000000800000c4, INSTR: 0x0007879b, REG x15: 0xffffffffaabbccdd
PC: 0x00000000800000c8, INSTR: 0x00fba023, MEM 0x0000000080000154: 0x00000000aabbccdd
PC: 0x00000000800000cc, INSTR: 0x000ba503, REG x10: 0xffffffffaabbccdd, MEM 0x0000000080000154
PC: 0x00000000800000d0, INSTR: 0xfffb0b1b, REG x22: 0x0000000000000000
PC: 0x00000000800000d4, INSTR: 0x40950533, REG x10: 0x0000000000000000
PC: 0x00000000800000d8, INSTR: 0x00153513, REG x10: 0x0000000000000001
PC: 0x00000000800000dc, INSTR: 0xf35ff0ef, REG x1: 0x00000000800000e0
PC: 0x0000000080000010, INSTR: 0x00050463
PC: 0x0000000080000014, INSTR: 0x00008067
PC: 0x00000000800000e0, INSTR: 0x00000797, REG x15: 0x00000000800000e0
PC: 0x00000000800000e4, INSTR: 0x06078ca3, MEM 0x0000000080000159: 0x0000000000000000
PC: 0x00000000800000e8, INSTR: 0x00000797, REG x15: 0x00000000800000e8
PC: 0x00000000800000ec, INSTR: 0x06078823, MEM 0x0000000080000158: 0x0000000000000000
PC: 0x00000000800000f0, INSTR: 0xf80b16e3
PC: 0x00000000800000f4, INSTR: 0x04813083, REG x1: 0x0000000080000144, MEM 0x0000000080008fe8
PC: 0x00000000800000f8, INSTR: 0x04013403, REG x8: 0x0000000000000000, MEM 0x0000000080008fe0
PC: 0x00000000800000fc, INSTR: 0x03813483, REG x9: 0x0000000000000000, MEM 0x0000000080008fd8
PC: 0x0000000080000100, INSTR: 0x03013903, REG x18: 0x0000000000000000, MEM 0x0000000080008fd0
PC: 0x0000000080000104, INSTR: 0x02813983, REG x19: 0x0000000000000000, MEM 0x0000000080008fc8
PC: 0x0000000080000108, INSTR: 0x02013a03, REG x20: 0x0000000000000000, MEM 0x0000000080008fc0
PC: 0x000000008000010c, INSTR: 0x01813a83, REG x21: 0x0000000000000000, MEM 0x0000000080008fb8
PC: 0x0000000080000110, INSTR: 0x01013b03, REG x22: 0x0000000000000000, MEM 0x0000000080008fb0
PC: 0x0000000080000114, INSTR: 0x00813b83, REG x23: 0x0000000000000000, MEM 0x0000000080008fa8
PC: 0x0000000080000118, INSTR: 0x00000513, REG x10: 0x0000000000000000
PC: 0x000000008000011c, INSTR: 0x05010113, REG x2: 0x0000000080008ff0
PC: 0x0000000080000120, INSTR: 0x00008067
PC: 0x0000000080000144, INSTR: 0x00050513, REG x10: 0x0000000000000000
